
			TLWin Session Data Log - TaskLink Version 7.90

Date Logged:		01-07-2015 07:37:53 PM
Task Name:		ALPINE_A08_U2
User ID:		Operator Mode
System:			PP/PS Series FlashCORE
Machine ID:		602700001

Device:			WINBOND_ELECTRONICS W25Q32FV-SS SO8
Data Source:		c:\pcebg_projects\alpine\e5440a08(4mb).bin
Sumcheck:		27133E86
Process:		Continuity/Blank Check/ID Check/Erase/Program/Verify/Mark/Vision
Process Status:		Job Begin Status: Continue, Job End Status: Stopped
TLWin Session ID:	< none >

Job Start Time:		01-07-2015 03:33:09 PM
Job End Time:		01-07-2015 07:37:53 PM
Devices Total:		3383
Devices Passed:		3360
Devices Failed:		23
Overall Device Yield:	99.32%

Task Description:	W25Q32FVS

Nominal Throughput:	717 dph
Job Throughput:		498 dph
Devices Picked Input:	3494
Devices Failed Vision:	97
Devices Failed REST:	0
Devices Missing/In Use:	111

Job Elapsed Time:	4 Hours 0 Minutes 4 Seconds
Job Setup Time:		0 Hours 0 Minutes 2 Seconds
Job Processing Time:	2 Hours 0 Minutes 48 Seconds
Job Assistance Time:	1 Hours 0 Minutes 13 Seconds
Job Shutdown Time:	0 Hours 0 Minutes 0 Seconds

Algorithm:		4224410C.ELF
Algorithm Status:	Released
Algorithm Author:	Data I/O
Alg COM Dll:		< not used >
Alg COM Dll Version:	< not used >

TaskLink Version:	7.90
AH500 Version:		6.5.0
Firmware Version:	05.52.00.C
Serialization Program:	< not used >
Serialization Prog Ver:	< not used >

Input Media:		Tape
Output Media:		Tape
Reject 1:		Tray 1
Reject 2:		n/a

Starting Serial Number:	N.A.
Ending Serial Number:	N.A.
Unused Serial Numbers:	N.A.


Category:	PASS, CF, NB, IB, PF,VF1,VF2,FT1,FT2,SFF,SFB, DO, EF,EID, OE
TotalStats:	3360,  0,  0,  0,  0,  0,  0,  0,  0,  0,  0,  0,  0, 26,  0
Site 1 Skt 1:	   5,  0,  0,  0,  0,  0,  0,  0,  0,  0,  0,  0,  0,  1,  0
Site 1 Skt 2:	   3,  0,  0,  0,  0,  0,  0,  0,  0,  0,  0,  0,  0,  1,  0
Site 1 Skt 3:	   3,  0,  0,  0,  0,  0,  0,  0,  0,  0,  0,  0,  0,  1,  0
Site 1 Skt 4:	   3,  0,  0,  0,  0,  0,  0,  0,  0,  0,  0,  0,  0,  1,  0
Site 2 Skt 1:	   0,  0,  0,  0,  0,  0,  0,  0,  0,  0,  0,  0,  0,  0,  0
Site 2 Skt 2:	   0,  0,  0,  0,  0,  0,  0,  0,  0,  0,  0,  0,  0,  0,  0
Site 2 Skt 3:	   0,  0,  0,  0,  0,  0,  0,  0,  0,  0,  0,  0,  0,  0,  0
Site 2 Skt 4:	   0,  0,  0,  0,  0,  0,  0,  0,  0,  0,  0,  0,  0,  0,  0
Site 3 Skt 1:	 583,  0,  0,  0,  0,  0,  0,  0,  0,  0,  0,  0,  0,  6,  0
Site 3 Skt 2:	 582,  0,  0,  0,  0,  0,  0,  0,  0,  0,  0,  0,  0,  4,  0
Site 3 Skt 3:	 582,  0,  0,  0,  0,  0,  0,  0,  0,  0,  0,  0,  0,  4,  0
Site 3 Skt 4:	 580,  0,  0,  0,  0,  0,  0,  0,  0,  0,  0,  0,  0,  4,  0
Site 4 Skt 1:	 257,  0,  0,  0,  0,  0,  0,  0,  0,  0,  0,  0,  0,  1,  0
Site 4 Skt 2:	 254,  0,  0,  0,  0,  0,  0,  0,  0,  0,  0,  0,  0,  1,  0
Site 4 Skt 3:	 254,  0,  0,  0,  0,  0,  0,  0,  0,  0,  0,  0,  0,  1,  0
Site 4 Skt 4:	 254,  0,  0,  0,  0,  0,  0,  0,  0,  0,  0,  0,  0,  1,  0

--------------------------------------------------------------------------------
