
			TLWin Session Data Log - TaskLink Version 7.90

Date Logged:		07-16-2015 02:47:10 PM
Task Name:		AMAZON_9_A11_SPI3
User ID:		Operator Mode
System:			PP/PS Series FlashCORE
Machine ID:		602700001

Device:			MACRONIX MX25L6473EM2 SO8
Data Source:		c:\pcebg_projects\amazon9\o9020a11(8mb).bin
Sumcheck:		5E160ACA
Process:		Continuity/Blank Check/ID Check/Erase/Program/Verify/Auto Secure/Mark/Vision
Process Status:		Job Begin Status: New Job, Job End Status: Stopped
TLWin Session ID:	< none >

Job Start Time:		07-16-2015 11:11:53 AM
Job End Time:		07-16-2015 02:47:10 PM
Devices Total:		1335
Devices Passed:		1334
Devices Failed:		1
Overall Device Yield:	99.93%

Task Description:	MX25L6473EM

Nominal Throughput:	743 dph
Job Throughput:		377 dph
Devices Picked Input:	1336
Devices Failed Vision:	0
Devices Failed REST:	0
Devices Missing/In Use:	1

Job Elapsed Time:	3 Hours 0 Minutes 35 Seconds
Job Setup Time:		0 Hours 0 Minutes 2 Seconds
Job Processing Time:	1 Hours 0 Minutes 50 Seconds
Job Assistance Time:	1 Hours 0 Minutes 41 Seconds
Job Shutdown Time:	0 Hours 0 Minutes 0 Seconds

Algorithm:		4047810C.ELF
Algorithm Status:	Released
Algorithm Author:	Data I/O
Alg COM Dll:		< not used >
Alg COM Dll Version:	< not used >

TaskLink Version:	7.90
AH500 Version:		6.5.0
Firmware Version:	05.52.84.C
Serialization Program:	< not used >
Serialization Prog Ver:	< not used >

Input Media:		Tape
Output Media:		Tape
Reject 1:		Tray 1
Reject 2:		n/a

Starting Serial Number:	N.A.
Ending Serial Number:	N.A.
Unused Serial Numbers:	N.A.


Category:	PASS, CF, NB, IB, PF,VF1,VF2,FT1,FT2,SFF,SFB, DO, EF,EID, OE
TotalStats:	1334,  1,  0,  0,  0,  1,  0,  0,  0,  0,  0,  0,  0,  0,  0
Site 1 Skt 1:	   0,  0,  0,  0,  0,  0,  0,  0,  0,  0,  0,  0,  0,  0,  0
Site 1 Skt 2:	   0,  0,  0,  0,  0,  0,  0,  0,  0,  0,  0,  0,  0,  0,  0
Site 1 Skt 3:	   0,  0,  0,  0,  0,  0,  0,  0,  0,  0,  0,  0,  0,  0,  0
Site 1 Skt 4:	   0,  0,  0,  0,  0,  0,  0,  0,  0,  0,  0,  0,  0,  0,  0
Site 2 Skt 1:	   0,  0,  0,  0,  0,  0,  0,  0,  0,  0,  0,  0,  0,  0,  0
Site 2 Skt 2:	   0,  0,  0,  0,  0,  0,  0,  0,  0,  0,  0,  0,  0,  0,  0
Site 2 Skt 3:	   0,  0,  0,  0,  0,  0,  0,  0,  0,  0,  0,  0,  0,  0,  0
Site 2 Skt 4:	   0,  0,  0,  0,  0,  0,  0,  0,  0,  0,  0,  0,  0,  0,  0
Site 3 Skt 1:	 165,  1,  0,  0,  0,  0,  0,  0,  0,  0,  0,  0,  0,  0,  0
Site 3 Skt 2:	 166,  0,  0,  0,  0,  0,  0,  0,  0,  0,  0,  0,  0,  0,  0
Site 3 Skt 3:	 166,  0,  0,  0,  0,  0,  0,  0,  0,  0,  0,  0,  0,  0,  0
Site 3 Skt 4:	 166,  0,  0,  0,  0,  0,  0,  0,  0,  0,  0,  0,  0,  0,  0
Site 4 Skt 1:	 168,  0,  0,  0,  0,  0,  0,  0,  0,  0,  0,  0,  0,  0,  0
Site 4 Skt 2:	 168,  0,  0,  0,  0,  0,  0,  0,  0,  0,  0,  0,  0,  0,  0
Site 4 Skt 3:	 167,  0,  0,  0,  0,  1,  0,  0,  0,  0,  0,  0,  0,  0,  0
Site 4 Skt 4:	 168,  0,  0,  0,  0,  0,  0,  0,  0,  0,  0,  0,  0,  0,  0

--------------------------------------------------------------------------------
