
			TLWin Session Data Log - TaskLink Version 8.20

Date Logged:		09-01-2015 02:49:45 PM
Task Name:		CEDAR_A06_MX
User ID:		Operator Mode
System:			PP/PS Series FlashCORE
Machine ID:		602700001

Device:			MACRONIX MX25L6473EM2 SO8
Data Source:		c:\pcebg_projects\cedar\a06\3442a06.rom
Sumcheck:		54D6540A
Process:		Continuity/Blank Check/ID Check/Erase/Program/Verify/Auto Secure/Mark/Vision
Process Status:		Job Begin Status: New Job, Job End Status: Stopped
TLWin Session ID:	< none >

Job Start Time:		09-01-2015 06:38:37 AM
Job End Time:		09-01-2015 02:49:45 PM
Devices Total:		4034
Devices Passed:		4000
Devices Failed:		34
Overall Device Yield:	99.16%

Task Description:	MX25L6473E

Nominal Throughput:	683 dph
Job Throughput:		491 dph
Devices Picked Input:	4035
Devices Failed Vision:	1
Devices Failed REST:	0
Devices Missing/In Use:	1

Job Elapsed Time:	8 Hours 0 Minutes 11 Seconds
Job Setup Time:		0 Hours 0 Minutes 2 Seconds
Job Processing Time:	5 Hours 0 Minutes 52 Seconds
Job Assistance Time:	2 Hours 0 Minutes 16 Seconds
Job Shutdown Time:	0 Hours 0 Minutes 0 Seconds

Algorithm:		4047810C.ELF
Algorithm Status:	Released
Algorithm Author:	Data I/O
Alg COM Dll:		< not used >
Alg COM Dll Version:	< not used >

TaskLink Version:	8.20
AH500 Version:		6.5.0
Firmware Version:	05.53.00.C
Serialization Program:	< not used >
Serialization Prog Ver:	< not used >

Input Media:		Tape
Output Media:		Tape
Reject 1:		Tray 1
Reject 2:		n/a

Starting Serial Number:	N.A.
Ending Serial Number:	N.A.
Unused Serial Numbers:	N.A.


Category:	PASS, CF, NB, IB, PF,VF1,VF2,FT1,FT2,SFF,SFB, DO, EF,EID, OE
TotalStats:	4000,  0,  1,  0,  3,  5,  0,  0,  0,  0,  0,  0,  1, 24,  0
Site 1 Skt 1:	   0,  0,  0,  0,  0,  0,  0,  0,  0,  0,  0,  0,  0,  0,  0
Site 1 Skt 2:	   0,  0,  0,  0,  0,  0,  0,  0,  0,  0,  0,  0,  0,  0,  0
Site 1 Skt 3:	   0,  0,  0,  0,  0,  0,  0,  0,  0,  0,  0,  0,  0,  0,  0
Site 1 Skt 4:	   0,  0,  0,  0,  0,  0,  0,  0,  0,  0,  0,  0,  0,  0,  0
Site 2 Skt 1:	   0,  0,  0,  0,  0,  0,  0,  0,  0,  0,  0,  0,  0,  0,  0
Site 2 Skt 2:	   0,  0,  0,  0,  0,  0,  0,  0,  0,  0,  0,  0,  0,  0,  0
Site 2 Skt 3:	   0,  0,  0,  0,  0,  0,  0,  0,  0,  0,  0,  0,  0,  0,  0
Site 2 Skt 4:	   0,  0,  0,  0,  0,  0,  0,  0,  0,  0,  0,  0,  0,  0,  0
Site 3 Skt 1:	 477,  0,  0,  0,  2,  3,  0,  0,  0,  0,  0,  0,  0, 20,  0
Site 3 Skt 2:	 504,  0,  0,  0,  0,  0,  0,  0,  0,  0,  0,  0,  0,  0,  0
Site 3 Skt 3:	 502,  0,  0,  0,  1,  0,  0,  0,  0,  0,  0,  0,  0,  1,  0
Site 3 Skt 4:	 503,  0,  0,  0,  0,  0,  0,  0,  0,  0,  0,  0,  0,  0,  0
Site 4 Skt 1:	 502,  0,  0,  0,  0,  2,  0,  0,  0,  0,  0,  0,  0,  3,  0
Site 4 Skt 2:	 505,  0,  0,  0,  0,  0,  0,  0,  0,  0,  0,  0,  0,  0,  0
Site 4 Skt 3:	 504,  0,  1,  0,  0,  0,  0,  0,  0,  0,  0,  0,  0,  0,  0
Site 4 Skt 4:	 503,  0,  0,  0,  0,  0,  0,  0,  0,  0,  0,  0,  1,  0,  0

--------------------------------------------------------------------------------
