
			TLWin Session Data Log - TaskLink Version 7.90

Date Logged:		08-21-2014 01:03:06 PM
Task Name:		CEDAR_A02
User ID:		Administrator Mode
System:			PP/PS Series FlashCORE
Machine ID:		602700001

Device:			WINBOND_ELECTRONICS W25Q64FV-SS SO8
Data Source:		c:\pcebg_projects\cedar\3442a02.bin
Sumcheck:		5488DC0B
Process:		Continuity/Blank Check/ID Check/Erase/Program/Verify/Mark/Vision
Process Status:		Job Begin Status: Continue, Job End Status: Completed
TLWin Session ID:	< none >

Job Start Time:		08-20-2014 02:43:32 PM
Job End Time:		08-21-2014 01:03:06 PM
Devices Total:		3006
Devices Passed:		2840
Devices Failed:		166
Overall Device Yield:	94.48%

Task Description:	< none >

Nominal Throughput:	493 dph
Job Throughput:		117 dph
Devices Picked Input:	3164
Devices Failed Vision:	143
Devices Failed REST:	0
Devices Missing/In Use:	158

Job Elapsed Time:	22 Hours 0 Minutes 19 Seconds
Job Setup Time:		0 Hours 0 Minutes 5 Seconds
Job Processing Time:	5 Hours 0 Minutes 18 Seconds
Job Assistance Time:	16 Hours 0 Minutes 55 Seconds
Job Shutdown Time:	0 Hours 0 Minutes 0 Seconds

Algorithm:		3955110C.ELF
Algorithm Status:	Beta
Algorithm Author:	Ditek
Alg COM Dll:		< not used >
Alg COM Dll Version:	< not used >

TaskLink Version:	7.90
AH500 Version:		6.5.0
Firmware Version:	05.52.00.C
Serialization Program:	< not used >
Serialization Prog Ver:	< not used >

Input Media:		Tape
Output Media:		Tape
Reject 1:		Tray 1
Reject 2:		n/a

Starting Serial Number:	N.A.
Ending Serial Number:	N.A.
Unused Serial Numbers:	N.A.


Category:	PASS, CF, NB, IB, PF,VF1,VF2,FT1,FT2,SFF,SFB, DO, EF,EID, OE
TotalStats:	2844,319,  3,  0,  1, 84,  0,  0,  0,  0,  0,  0,  0, 56,  0
Site 1 Skt 1:	   0,  3,  0,  0,  0,  0,  0,  0,  0,  0,  0,  0,  0,  1,  0
Site 1 Skt 2:	   0,  3,  0,  0,  0,  0,  0,  0,  0,  0,  0,  0,  0,  1,  0
Site 1 Skt 3:	   0,  3,  0,  0,  0,  0,  0,  0,  0,  0,  0,  0,  0,  0,  0
Site 1 Skt 4:	   0,  3,  0,  0,  0,  0,  0,  0,  0,  0,  0,  0,  0,  0,  0
Site 2 Skt 1:	   0,  0,  0,  0,  0,  0,  0,  0,  0,  0,  0,  0,  0,  0,  0
Site 2 Skt 2:	   0,  0,  0,  0,  0,  0,  0,  0,  0,  0,  0,  0,  0,  0,  0
Site 2 Skt 3:	   0,  0,  0,  0,  0,  0,  0,  0,  0,  0,  0,  0,  0,  0,  0
Site 2 Skt 4:	   0,  0,  0,  0,  0,  0,  0,  0,  0,  0,  0,  0,  0,  0,  0
Site 3 Skt 1:	 445, 39,  1,  0,  0,  0,  0,  0,  0,  0,  0,  0,  0, 10,  0
Site 3 Skt 2:	 436, 43,  0,  0,  0,  1,  0,  0,  0,  0,  0,  0,  0,  7,  0
Site 3 Skt 3:	 447, 58,  0,  0,  1,  0,  0,  0,  0,  0,  0,  0,  0,  7,  0
Site 3 Skt 4:	 140, 58,  1,  0,  0,  0,  0,  0,  0,  0,  0,  0,  0,  3,  0
Site 4 Skt 1:	 347, 51,  0,  0,  0, 21,  0,  0,  0,  0,  0,  0,  0,  0,  0
Site 4 Skt 2:	 273, 43,  0,  0,  0, 15,  0,  0,  0,  0,  0,  0,  0,  1,  0
Site 4 Skt 3:	 392, 10,  1,  0,  0, 23,  0,  0,  0,  0,  0,  0,  0,  0,  0
Site 4 Skt 4:	 364,  5,  0,  0,  0, 24,  0,  0,  0,  0,  0,  0,  0, 26,  0

--------------------------------------------------------------------------------
