
			TLWin Session Data Log - TaskLink Version 8.20

Date Logged:		08-31-2015 04:47:52 PM
Task Name:		CEDAR_A06_MX
User ID:		Operator Mode
System:			PP/PS Series FlashCORE
Machine ID:		602700001

Device:			MACRONIX MX25L6473EM2 SO8
Data Source:		c:\pcebg_projects\cedar\a06\3442a06.rom
Sumcheck:		54D6540A
Process:		Continuity/Blank Check/ID Check/Erase/Program/Verify/Auto Secure/Mark/Vision
Process Status:		Job Begin Status: Continue, Job End Status: Stopped
TLWin Session ID:	< none >

Job Start Time:		08-31-2015 02:51:11 PM
Job End Time:		08-31-2015 04:47:52 PM
Devices Total:		2234
Devices Passed:		2220
Devices Failed:		14
Overall Device Yield:	99.37%

Task Description:	MX25L6473E

Nominal Throughput:	145 dph
Job Throughput:		11 dph
Devices Picked Input:	2249
Devices Failed Vision:	0
Devices Failed REST:	0
Devices Missing/In Use:	15

Job Elapsed Time:	1 Hours 0 Minutes 56 Seconds
Job Setup Time:		0 Hours 0 Minutes 8 Seconds
Job Processing Time:	0 Hours 0 Minutes 8 Seconds
Job Assistance Time:	1 Hours 0 Minutes 40 Seconds
Job Shutdown Time:	0 Hours 0 Minutes 0 Seconds

Algorithm:		4047810C.ELF
Algorithm Status:	Released
Algorithm Author:	Data I/O
Alg COM Dll:		< not used >
Alg COM Dll Version:	< not used >

TaskLink Version:	8.20
AH500 Version:		6.5.0
Firmware Version:	05.53.00.C
Serialization Program:	< not used >
Serialization Prog Ver:	< not used >

Input Media:		Tape
Output Media:		Tape
Reject 1:		Tray 1
Reject 2:		n/a

Starting Serial Number:	N.A.
Ending Serial Number:	N.A.
Unused Serial Numbers:	N.A.


Category:	PASS, CF, NB, IB, PF,VF1,VF2,FT1,FT2,SFF,SFB, DO, EF,EID, OE
TotalStats:	2230,  0,  1,  0,  0,  4,  0,  0,  0,  0,  0,  0,  1,  8,  0
Site 1 Skt 1:	   0,  0,  0,  0,  0,  0,  0,  0,  0,  0,  0,  0,  0,  0,  0
Site 1 Skt 2:	   0,  0,  0,  0,  0,  0,  0,  0,  0,  0,  0,  0,  0,  0,  0
Site 1 Skt 3:	   0,  0,  0,  0,  0,  0,  0,  0,  0,  0,  0,  0,  0,  0,  0
Site 1 Skt 4:	   0,  0,  0,  0,  0,  0,  0,  0,  0,  0,  0,  0,  0,  0,  0
Site 2 Skt 1:	   0,  0,  0,  0,  0,  0,  0,  0,  0,  0,  0,  0,  0,  0,  0
Site 2 Skt 2:	   0,  0,  0,  0,  0,  0,  0,  0,  0,  0,  0,  0,  0,  0,  0
Site 2 Skt 3:	   0,  0,  0,  0,  0,  0,  0,  0,  0,  0,  0,  0,  0,  0,  0
Site 2 Skt 4:	   0,  0,  0,  0,  0,  0,  0,  0,  0,  0,  0,  0,  0,  0,  0
Site 3 Skt 1:	 277,  0,  1,  0,  0,  0,  0,  0,  0,  0,  0,  0,  1,  0,  0
Site 3 Skt 2:	 279,  0,  0,  0,  0,  0,  0,  0,  0,  0,  0,  0,  0,  0,  0
Site 3 Skt 3:	 276,  0,  0,  0,  0,  0,  0,  0,  0,  0,  0,  0,  0,  3,  0
Site 3 Skt 4:	 278,  0,  0,  0,  0,  0,  0,  0,  0,  0,  0,  0,  0,  0,  0
Site 4 Skt 1:	 277,  0,  0,  0,  0,  4,  0,  0,  0,  0,  0,  0,  0,  4,  0
Site 4 Skt 2:	 283,  0,  0,  0,  0,  0,  0,  0,  0,  0,  0,  0,  0,  0,  0
Site 4 Skt 3:	 280,  0,  0,  0,  0,  0,  0,  0,  0,  0,  0,  0,  0,  1,  0
Site 4 Skt 4:	 280,  0,  0,  0,  0,  0,  0,  0,  0,  0,  0,  0,  0,  0,  0

--------------------------------------------------------------------------------
