
			TLWin Session Data Log - TaskLink Version 7.90

Date Logged:		09-01-2014 02:54:33 PM
Task Name:		CEDAR_A02_MX
User ID:		Administrator Mode
System:			PP/PS Series FlashCORE
Machine ID:		602700001

Device:			MACRONIX MX25L6473EM2 SO8
Data Source:		c:\pcebg_projects\cedar\3442a02.bin
Sumcheck:		5488DC0B
Process:		Continuity/Blank Check/ID Check/Erase/Program/Verify/Auto Secure/Mark/Vision
Process Status:		Job Begin Status: Continue, Job End Status: Stopped
TLWin Session ID:	< none >

Job Start Time:		09-01-2014 12:33:13 PM
Job End Time:		09-01-2014 02:54:33 PM
Devices Total:		1094
Devices Passed:		1055
Devices Failed:		39
Overall Device Yield:	96.44%

Task Description:	MX25L6473E

Nominal Throughput:	187 dph
Job Throughput:		177 dph
Devices Picked Input:	1128
Devices Failed Vision:	31
Devices Failed REST:	0
Devices Missing/In Use:	34

Job Elapsed Time:	2 Hours 0 Minutes 21 Seconds
Job Setup Time:		0 Hours 0 Minutes 1 Seconds
Job Processing Time:	2 Hours 0 Minutes 13 Seconds
Job Assistance Time:	0 Hours 0 Minutes 6 Seconds
Job Shutdown Time:	0 Hours 0 Minutes 0 Seconds

Algorithm:		4047810C.ELF
Algorithm Status:	Released
Algorithm Author:	Data I/O
Alg COM Dll:		< not used >
Alg COM Dll Version:	< not used >

TaskLink Version:	7.90
AH500 Version:		6.5.0
Firmware Version:	05.52.00.C
Serialization Program:	< not used >
Serialization Prog Ver:	< not used >

Input Media:		Tape
Output Media:		Tape
Reject 1:		Tray 1
Reject 2:		n/a

Starting Serial Number:	N.A.
Ending Serial Number:	N.A.
Unused Serial Numbers:	N.A.


Category:	PASS, CF, NB, IB, PF,VF1,VF2,FT1,FT2,SFF,SFB, DO, EF,EID, OE
TotalStats:	1055,  4,  0,  0, 24,  8,  0,  0,  0,  0,  0,  0,  2,  3,  0
Site 1 Skt 1:	   0,  0,  0,  0,  0,  0,  0,  0,  0,  0,  0,  0,  0,  0,  0
Site 1 Skt 2:	   0,  0,  0,  0,  0,  0,  0,  0,  0,  0,  0,  0,  0,  0,  0
Site 1 Skt 3:	   0,  0,  0,  0,  0,  0,  0,  0,  0,  0,  0,  0,  0,  0,  0
Site 1 Skt 4:	   0,  0,  0,  0,  0,  0,  0,  0,  0,  0,  0,  0,  0,  0,  0
Site 2 Skt 1:	   0,  0,  0,  0,  0,  0,  0,  0,  0,  0,  0,  0,  0,  0,  0
Site 2 Skt 2:	   0,  0,  0,  0,  0,  0,  0,  0,  0,  0,  0,  0,  0,  0,  0
Site 2 Skt 3:	   0,  0,  0,  0,  0,  0,  0,  0,  0,  0,  0,  0,  0,  0,  0
Site 2 Skt 4:	   0,  0,  0,  0,  0,  0,  0,  0,  0,  0,  0,  0,  0,  0,  0
Site 3 Skt 1:	 262,  2,  0,  0,  6,  0,  0,  0,  0,  0,  0,  0,  0,  1,  0
Site 3 Skt 2:	 259,  2,  0,  0,  6,  0,  0,  0,  0,  0,  0,  0,  2,  2,  0
Site 3 Skt 3:	 265,  0,  0,  0,  6,  0,  0,  0,  0,  0,  0,  0,  0,  0,  0
Site 3 Skt 4:	 265,  0,  0,  0,  6,  0,  0,  0,  0,  0,  0,  0,  0,  0,  0
Site 4 Skt 1:	   1,  0,  0,  0,  0,  2,  0,  0,  0,  0,  0,  0,  0,  0,  0
Site 4 Skt 2:	   1,  0,  0,  0,  0,  2,  0,  0,  0,  0,  0,  0,  0,  0,  0
Site 4 Skt 3:	   1,  0,  0,  0,  0,  2,  0,  0,  0,  0,  0,  0,  0,  0,  0
Site 4 Skt 4:	   1,  0,  0,  0,  0,  2,  0,  0,  0,  0,  0,  0,  0,  0,  0

--------------------------------------------------------------------------------
