
			TLWin Session Data Log - TaskLink Version 7.90

Date Logged:		10-16-2014 01:44:28 AM
Task Name:		CEDAR_A04_MX
User ID:		Operator Mode
System:			PP/PS Series FlashCORE
Machine ID:		602700001

Device:			MACRONIX MX25L6473EM2 SO8
Data Source:		c:\pcebg_projects\cedar\a04\3442a04.bin
Sumcheck:		54D35200
Process:		Continuity/Blank Check/ID Check/Erase/Program/Verify/Auto Secure/Mark/Vision
Process Status:		Job Begin Status: New Job, Job End Status: Stopped
TLWin Session ID:	< none >

Job Start Time:		10-15-2014 12:42:37 PM
Job End Time:		10-16-2014 01:44:28 AM
Devices Total:		5733
Devices Passed:		5727
Devices Failed:		6
Overall Device Yield:	99.90%

Task Description:	MX25L6473E

Nominal Throughput:	688 dph
Job Throughput:		441 dph
Devices Picked Input:	5750
Devices Failed Vision:	0
Devices Failed REST:	0
Devices Missing/In Use:	17

Job Elapsed Time:	13 Hours 0 Minutes 1 Seconds
Job Setup Time:		0 Hours 0 Minutes 3 Seconds
Job Processing Time:	8 Hours 0 Minutes 20 Seconds
Job Assistance Time:	4 Hours 0 Minutes 38 Seconds
Job Shutdown Time:	0 Hours 0 Minutes 0 Seconds

Algorithm:		4047810C.ELF
Algorithm Status:	Released
Algorithm Author:	Data I/O
Alg COM Dll:		< not used >
Alg COM Dll Version:	< not used >

TaskLink Version:	7.90
AH500 Version:		6.5.0
Firmware Version:	05.52.00.C
Serialization Program:	< not used >
Serialization Prog Ver:	< not used >

Input Media:		Tape
Output Media:		Tape
Reject 1:		Tray 1
Reject 2:		n/a

Starting Serial Number:	N.A.
Ending Serial Number:	N.A.
Unused Serial Numbers:	N.A.


Category:	PASS, CF, NB, IB, PF,VF1,VF2,FT1,FT2,SFF,SFB, DO, EF,EID, OE
TotalStats:	5727,  2,  0,  0,  1,  1,  0,  0,  0,  0,  0,  0,  0,  4,  0
Site 1 Skt 1:	   0,  0,  0,  0,  0,  0,  0,  0,  0,  0,  0,  0,  0,  0,  0
Site 1 Skt 2:	   0,  0,  0,  0,  0,  0,  0,  0,  0,  0,  0,  0,  0,  0,  0
Site 1 Skt 3:	   0,  0,  0,  0,  0,  0,  0,  0,  0,  0,  0,  0,  0,  0,  0
Site 1 Skt 4:	   0,  0,  0,  0,  0,  0,  0,  0,  0,  0,  0,  0,  0,  0,  0
Site 2 Skt 1:	   0,  0,  0,  0,  0,  0,  0,  0,  0,  0,  0,  0,  0,  0,  0
Site 2 Skt 2:	   0,  0,  0,  0,  0,  0,  0,  0,  0,  0,  0,  0,  0,  0,  0
Site 2 Skt 3:	   0,  0,  0,  0,  0,  0,  0,  0,  0,  0,  0,  0,  0,  0,  0
Site 2 Skt 4:	   0,  0,  0,  0,  0,  0,  0,  0,  0,  0,  0,  0,  0,  0,  0
Site 3 Skt 1:	 712,  2,  0,  0,  0,  0,  0,  0,  0,  0,  0,  0,  0,  2,  0
Site 3 Skt 2:	 714,  0,  0,  0,  0,  0,  0,  0,  0,  0,  0,  0,  0,  2,  0
Site 3 Skt 3:	 715,  0,  0,  0,  0,  1,  0,  0,  0,  0,  0,  0,  0,  0,  0
Site 3 Skt 4:	 716,  0,  0,  0,  0,  0,  0,  0,  0,  0,  0,  0,  0,  0,  0
Site 4 Skt 1:	 720,  0,  0,  0,  1,  0,  0,  0,  0,  0,  0,  0,  0,  0,  0
Site 4 Skt 2:	 719,  0,  0,  0,  0,  0,  0,  0,  0,  0,  0,  0,  0,  0,  0
Site 4 Skt 3:	 716,  0,  0,  0,  0,  0,  0,  0,  0,  0,  0,  0,  0,  0,  0
Site 4 Skt 4:	 715,  0,  0,  0,  0,  0,  0,  0,  0,  0,  0,  0,  0,  0,  0

--------------------------------------------------------------------------------
