
			TLWin Session Data Log - TaskLink Version 7.90

Date Logged:		08-29-2014 10:37:08 AM
Task Name:		CEDAR_A02_MX
User ID:		Administrator Mode
System:			PP/PS Series FlashCORE
Machine ID:		602700001

Device:			MACRONIX MX25L6473EM2 SO8
Data Source:		c:\pcebg_projects\cedar\3442a02.bin
Sumcheck:		5488DC0B
Process:		Continuity/Blank Check/ID Check/Erase/Program/Verify/Auto Secure/Mark/Vision
Process Status:		Job Begin Status: Continue, Job End Status: Stopped
TLWin Session ID:	< none >

Job Start Time:		08-29-2014 09:08:22 AM
Job End Time:		08-29-2014 10:37:08 AM
Devices Total:		824
Devices Passed:		736
Devices Failed:		88
Overall Device Yield:	89.32%

Task Description:	MX25L6473E

Nominal Throughput:	420 dph
Job Throughput:		317 dph
Devices Picked Input:	877
Devices Failed Vision:	51
Devices Failed REST:	0
Devices Missing/In Use:	53

Job Elapsed Time:	1 Hours 0 Minutes 28 Seconds
Job Setup Time:		0 Hours 0 Minutes 2 Seconds
Job Processing Time:	1 Hours 0 Minutes 5 Seconds
Job Assistance Time:	0 Hours 0 Minutes 20 Seconds
Job Shutdown Time:	0 Hours 0 Minutes 0 Seconds

Algorithm:		4047810C.ELF
Algorithm Status:	Released
Algorithm Author:	Data I/O
Alg COM Dll:		< not used >
Alg COM Dll Version:	< not used >

TaskLink Version:	7.90
AH500 Version:		6.5.0
Firmware Version:	05.52.00.C
Serialization Program:	< not used >
Serialization Prog Ver:	< not used >

Input Media:		Tape
Output Media:		Tape
Reject 1:		Tray 1
Reject 2:		n/a

Starting Serial Number:	N.A.
Ending Serial Number:	N.A.
Unused Serial Numbers:	N.A.


Category:	PASS, CF, NB, IB, PF,VF1,VF2,FT1,FT2,SFF,SFB, DO, EF,EID, OE
TotalStats:	 737,  1,  0,  0,  0, 88,  0,  0,  0,  0,  0,  0,  0,  0,  0
Site 1 Skt 1:	   0,  0,  0,  0,  0,  0,  0,  0,  0,  0,  0,  0,  0,  0,  0
Site 1 Skt 2:	   0,  0,  0,  0,  0,  0,  0,  0,  0,  0,  0,  0,  0,  0,  0
Site 1 Skt 3:	   0,  0,  0,  0,  0,  0,  0,  0,  0,  0,  0,  0,  0,  0,  0
Site 1 Skt 4:	   0,  0,  0,  0,  0,  0,  0,  0,  0,  0,  0,  0,  0,  0,  0
Site 2 Skt 1:	  34,  0,  0,  0,  0,  3,  0,  0,  0,  0,  0,  0,  0,  0,  0
Site 2 Skt 2:	  34,  0,  0,  0,  0,  3,  0,  0,  0,  0,  0,  0,  0,  0,  0
Site 2 Skt 3:	  34,  0,  0,  0,  0,  3,  0,  0,  0,  0,  0,  0,  0,  0,  0
Site 2 Skt 4:	  33,  1,  0,  0,  0,  3,  0,  0,  0,  0,  0,  0,  0,  0,  0
Site 3 Skt 1:	 101,  0,  0,  0,  0,  0,  0,  0,  0,  0,  0,  0,  0,  0,  0
Site 3 Skt 2:	 101,  0,  0,  0,  0,  0,  0,  0,  0,  0,  0,  0,  0,  0,  0
Site 3 Skt 3:	 101,  0,  0,  0,  0,  0,  0,  0,  0,  0,  0,  0,  0,  0,  0
Site 3 Skt 4:	 101,  0,  0,  0,  0,  0,  0,  0,  0,  0,  0,  0,  0,  0,  0
Site 4 Skt 1:	  50,  0,  0,  0,  0, 19,  0,  0,  0,  0,  0,  0,  0,  0,  0
Site 4 Skt 2:	  50,  0,  0,  0,  0, 19,  0,  0,  0,  0,  0,  0,  0,  0,  0
Site 4 Skt 3:	  49,  0,  0,  0,  0, 19,  0,  0,  0,  0,  0,  0,  0,  0,  0
Site 4 Skt 4:	  49,  0,  0,  0,  0, 19,  0,  0,  0,  0,  0,  0,  0,  0,  0

--------------------------------------------------------------------------------
