
			TLWin Session Data Log - TaskLink Version 7.90

Date Logged:		09-05-2014 05:46:41 AM
Task Name:		CEDAR_A02_MX
User ID:		Administrator Mode
System:			PP/PS Series FlashCORE
Machine ID:		602700001

Device:			MACRONIX MX25L6473EM2 SO8
Data Source:		c:\pcebg_projects\cedar\3442a02.bin
Sumcheck:		5488DC0B
Process:		Continuity/Blank Check/ID Check/Erase/Program/Verify/Auto Secure/Mark/Vision
Process Status:		Job Begin Status: Continue, Job End Status: Stopped
TLWin Session ID:	< none >

Job Start Time:		09-03-2014 05:52:32 AM
Job End Time:		09-05-2014 05:46:41 AM
Devices Total:		12818
Devices Passed:		12793
Devices Failed:		25
Overall Device Yield:	99.80%

Task Description:	MX25L6473E

Nominal Throughput:	329 dph
Job Throughput:		227 dph
Devices Picked Input:	13260
Devices Failed Vision:	385
Devices Failed REST:	0
Devices Missing/In Use:	442

Job Elapsed Time:	47 Hours 0 Minutes 54 Seconds
Job Setup Time:		35 Hours 0 Minutes 37 Seconds
Job Processing Time:	8 Hours 0 Minutes 30 Seconds
Job Assistance Time:	3 Hours 0 Minutes 46 Seconds
Job Shutdown Time:	0 Hours 0 Minutes 0 Seconds

Algorithm:		4047810C.ELF
Algorithm Status:	Released
Algorithm Author:	Data I/O
Alg COM Dll:		< not used >
Alg COM Dll Version:	< not used >

TaskLink Version:	7.90
AH500 Version:		6.5.0
Firmware Version:	05.52.00.C
Serialization Program:	< not used >
Serialization Prog Ver:	< not used >

Input Media:		Tape
Output Media:		Tape
Reject 1:		Tray 1
Reject 2:		n/a

Starting Serial Number:	N.A.
Ending Serial Number:	N.A.
Unused Serial Numbers:	N.A.


Category:	 PASS, CF, NB, IB, PF,VF1,VF2,FT1,FT2,SFF,SFB, DO, EF,EID, OE
TotalStats:	12799,  9,  1,  0,  9,  7,  0,  0,  0,  0,  0,  0,  2,  4,  0
Site 1 Skt 1:	    0,  0,  0,  0,  0,  0,  0,  0,  0,  0,  0,  0,  0,  0,  0
Site 1 Skt 2:	    0,  0,  0,  0,  0,  0,  0,  0,  0,  0,  0,  0,  0,  0,  0
Site 1 Skt 3:	    0,  0,  0,  0,  0,  0,  0,  0,  0,  0,  0,  0,  0,  0,  0
Site 1 Skt 4:	    0,  0,  0,  0,  0,  0,  0,  0,  0,  0,  0,  0,  0,  0,  0
Site 2 Skt 1:	    0,  0,  0,  0,  0,  0,  0,  0,  0,  0,  0,  0,  0,  0,  0
Site 2 Skt 2:	    0,  0,  0,  0,  0,  0,  0,  0,  0,  0,  0,  0,  0,  0,  0
Site 2 Skt 3:	    0,  0,  0,  0,  0,  0,  0,  0,  0,  0,  0,  0,  0,  0,  0
Site 2 Skt 4:	    0,  0,  0,  0,  0,  0,  0,  0,  0,  0,  0,  0,  0,  0,  0
Site 3 Skt 1:	 3200,  2,  1,  0,  2,  0,  0,  0,  0,  0,  0,  0,  0,  2,  0
Site 3 Skt 2:	 3196,  2,  0,  0,  2,  1,  0,  0,  0,  0,  0,  0,  1,  1,  0
Site 3 Skt 3:	 3192,  1,  0,  0,  4,  2,  0,  0,  0,  0,  0,  0,  0,  0,  0
Site 3 Skt 4:	 3188,  4,  0,  0,  1,  0,  0,  0,  0,  0,  0,  0,  1,  1,  0
Site 4 Skt 1:	    6,  0,  0,  0,  0,  1,  0,  0,  0,  0,  0,  0,  0,  0,  0
Site 4 Skt 2:	    6,  0,  0,  0,  0,  1,  0,  0,  0,  0,  0,  0,  0,  0,  0
Site 4 Skt 3:	    6,  0,  0,  0,  0,  1,  0,  0,  0,  0,  0,  0,  0,  0,  0
Site 4 Skt 4:	    5,  0,  0,  0,  0,  1,  0,  0,  0,  0,  0,  0,  0,  0,  0

--------------------------------------------------------------------------------
