
			TLWin Session Data Log - TaskLink Version 7.90

Date Logged:		05-28-2015 07:33:54 PM
Task Name:		CEDAR_A06_MX
User ID:		Operator Mode
System:			PP/PS Series FlashCORE
Machine ID:		602700001

Device:			MACRONIX MX25L6473EM2 SO8
Data Source:		c:\pcebg_projects\cedar\a06\3442a06.rom
Sumcheck:		54D6540A
Process:		Continuity/Blank Check/ID Check/Erase/Program/Verify/Auto Secure/Mark/Vision
Process Status:		Job Begin Status: Continue, Job End Status: Completed
TLWin Session ID:	< none >

Job Start Time:		05-28-2015 02:47:48 PM
Job End Time:		05-28-2015 07:33:54 PM
Devices Total:		14863
Devices Passed:		14855
Devices Failed:		8
Overall Device Yield:	99.95%

Task Description:	MX25L6473E

Nominal Throughput:	684 dph
Job Throughput:		607 dph
Devices Picked Input:	14959
Devices Failed Vision:	75
Devices Failed REST:	0
Devices Missing/In Use:	96

Job Elapsed Time:	4 Hours 0 Minutes 46 Seconds
Job Setup Time:		0 Hours 0 Minutes 3 Seconds
Job Processing Time:	4 Hours 0 Minutes 11 Seconds
Job Assistance Time:	0 Hours 0 Minutes 31 Seconds
Job Shutdown Time:	0 Hours 0 Minutes 0 Seconds

Algorithm:		4047810C.ELF
Algorithm Status:	Released
Algorithm Author:	Data I/O
Alg COM Dll:		< not used >
Alg COM Dll Version:	< not used >

TaskLink Version:	7.90
AH500 Version:		6.5.0
Firmware Version:	05.52.84.C
Serialization Program:	< not used >
Serialization Prog Ver:	< not used >

Input Media:		Tape
Output Media:		Tape
Reject 1:		Tray 1
Reject 2:		n/a

Starting Serial Number:	N.A.
Ending Serial Number:	N.A.
Unused Serial Numbers:	N.A.


Category:	 PASS, CF, NB, IB, PF,VF1,VF2,FT1,FT2,SFF,SFB, DO, EF,EID, OE
TotalStats:	14855,  3,  0,  0,  2,  1,  0,  0,  0,  0,  0,  0,  0,  4,  0
Site 1 Skt 1:	    0,  0,  0,  0,  0,  0,  0,  0,  0,  0,  0,  0,  0,  0,  0
Site 1 Skt 2:	    0,  0,  0,  0,  0,  0,  0,  0,  0,  0,  0,  0,  0,  0,  0
Site 1 Skt 3:	    0,  0,  0,  0,  0,  0,  0,  0,  0,  0,  0,  0,  0,  0,  0
Site 1 Skt 4:	    0,  0,  0,  0,  0,  0,  0,  0,  0,  0,  0,  0,  0,  0,  0
Site 2 Skt 1:	    0,  0,  0,  0,  0,  0,  0,  0,  0,  0,  0,  0,  0,  0,  0
Site 2 Skt 2:	    0,  0,  0,  0,  0,  0,  0,  0,  0,  0,  0,  0,  0,  0,  0
Site 2 Skt 3:	    0,  0,  0,  0,  0,  0,  0,  0,  0,  0,  0,  0,  0,  0,  0
Site 2 Skt 4:	    0,  0,  0,  0,  0,  0,  0,  0,  0,  0,  0,  0,  0,  0,  0
Site 3 Skt 1:	 1855,  1,  0,  0,  1,  0,  0,  0,  0,  0,  0,  0,  0,  0,  0
Site 3 Skt 2:	 1854,  0,  0,  0,  0,  0,  0,  0,  0,  0,  0,  0,  0,  1,  0
Site 3 Skt 3:	 1852,  0,  0,  0,  0,  0,  0,  0,  0,  0,  0,  0,  0,  1,  0
Site 3 Skt 4:	 1847,  2,  0,  0,  1,  0,  0,  0,  0,  0,  0,  0,  0,  1,  0
Site 4 Skt 1:	 1865,  0,  0,  0,  0,  0,  0,  0,  0,  0,  0,  0,  0,  0,  0
Site 4 Skt 2:	 1864,  0,  0,  0,  0,  0,  0,  0,  0,  0,  0,  0,  0,  0,  0
Site 4 Skt 3:	 1860,  0,  0,  0,  0,  1,  0,  0,  0,  0,  0,  0,  0,  0,  0
Site 4 Skt 4:	 1858,  0,  0,  0,  0,  0,  0,  0,  0,  0,  0,  0,  0,  1,  0

--------------------------------------------------------------------------------
