
			TLWin Session Data Log - TaskLink Version 7.90

Date Logged:		09-26-2014 11:04:50 PM
Task Name:		CEDAR_A04_MX
User ID:		Administrator Mode
System:			PP/PS Series FlashCORE
Machine ID:		602700001

Device:			MACRONIX MX25L6473EM2 SO8
Data Source:		c:\pcebg_projects\cedar\a04\3442a04.bin
Sumcheck:		54D35200
Process:		Continuity/Blank Check/ID Check/Erase/Program/Verify/Auto Secure/Mark/Vision
Process Status:		Job Begin Status: Continue, Job End Status: Stopped
TLWin Session ID:	< none >

Job Start Time:		09-26-2014 04:59:01 PM
Job End Time:		09-26-2014 11:04:50 PM
Devices Total:		30056
Devices Passed:		29964
Devices Failed:		92
Overall Device Yield:	99.69%

Task Description:	MX25L6473E

Nominal Throughput:	612 dph
Job Throughput:		411 dph
Devices Picked Input:	30118
Devices Failed Vision:	7
Devices Failed REST:	0
Devices Missing/In Use:	62

Job Elapsed Time:	6 Hours 0 Minutes 5 Seconds
Job Setup Time:		0 Hours 0 Minutes 2 Seconds
Job Processing Time:	4 Hours 0 Minutes 4 Seconds
Job Assistance Time:	1 Hours 0 Minutes 58 Seconds
Job Shutdown Time:	0 Hours 0 Minutes 0 Seconds

Algorithm:		4047810C.ELF
Algorithm Status:	Released
Algorithm Author:	Data I/O
Alg COM Dll:		< not used >
Alg COM Dll Version:	< not used >

TaskLink Version:	7.90
AH500 Version:		6.5.0
Firmware Version:	05.52.00.C
Serialization Program:	< not used >
Serialization Prog Ver:	< not used >

Input Media:		Tape
Output Media:		Tape
Reject 1:		Tray 1
Reject 2:		n/a

Starting Serial Number:	N.A.
Ending Serial Number:	N.A.
Unused Serial Numbers:	N.A.


Category:	 PASS, CF, NB, IB, PF,VF1,VF2,FT1,FT2,SFF,SFB, DO, EF,EID, OE
TotalStats:	29967, 15,  0,  0, 20, 12,  0,  0,  0,  0,  0,  0,  6, 56,  0
Site 1 Skt 1:	    0,  0,  0,  0,  0,  0,  0,  0,  0,  0,  0,  0,  0,  0,  0
Site 1 Skt 2:	    0,  0,  0,  0,  0,  0,  0,  0,  0,  0,  0,  0,  0,  0,  0
Site 1 Skt 3:	    0,  0,  0,  0,  0,  0,  0,  0,  0,  0,  0,  0,  0,  0,  0
Site 1 Skt 4:	    0,  0,  0,  0,  0,  0,  0,  0,  0,  0,  0,  0,  0,  0,  0
Site 2 Skt 1:	    0,  0,  0,  0,  0,  0,  0,  0,  0,  0,  0,  0,  0,  0,  0
Site 2 Skt 2:	    0,  0,  0,  0,  0,  0,  0,  0,  0,  0,  0,  0,  0,  0,  0
Site 2 Skt 3:	    0,  0,  0,  0,  0,  0,  0,  0,  0,  0,  0,  0,  0,  0,  0
Site 2 Skt 4:	    0,  0,  0,  0,  0,  0,  0,  0,  0,  0,  0,  0,  0,  0,  0
Site 3 Skt 1:	 3846,  0,  0,  0,  2,  3,  0,  0,  0,  0,  0,  0,  0,  2,  0
Site 3 Skt 2:	 3846,  0,  0,  0,  1,  0,  0,  0,  0,  0,  0,  0,  0,  0,  0
Site 3 Skt 3:	 3832,  0,  0,  0,  8,  3,  0,  0,  0,  0,  0,  0,  1,  0,  0
Site 3 Skt 4:	 3831,  3,  0,  0,  2,  2,  0,  0,  0,  0,  0,  0,  0,  0,  0
Site 4 Skt 1:	 3039, 10,  0,  0,  6,  4,  0,  0,  0,  0,  0,  0,  4, 38,  0
Site 4 Skt 2:	 3863,  1,  0,  0,  0,  0,  0,  0,  0,  0,  0,  0,  0,  7,  0
Site 4 Skt 3:	 3860,  0,  0,  0,  1,  0,  0,  0,  0,  0,  0,  0,  1,  3,  0
Site 4 Skt 4:	 3850,  1,  0,  0,  0,  0,  0,  0,  0,  0,  0,  0,  0,  6,  0

--------------------------------------------------------------------------------
