
			TLWin Session Data Log - TaskLink Version 8.20

Date Logged:		08-13-2015 02:20:37 PM
Task Name:		DOGFISH_A04_U14_MX
User ID:		Operator Mode
System:			PP/PS Series FlashCORE
Machine ID:		602700001

Device:			MACRONIX MX25L6473EM2 SO8
Data Source:		c:\pcebg_projects\dogfish\a04\3020ma04.bin
Sumcheck:		5872A044
Process:		Continuity/Blank Check/ID Check/Erase/Program/Verify/Auto Secure/Mark/Vision
Process Status:		Job Begin Status: New Job, Job End Status: Completed
TLWin Session ID:	< none >

Job Start Time:		08-13-2015 05:59:43 AM
Job End Time:		08-13-2015 02:20:37 PM
Devices Total:		3795
Devices Passed:		3775
Devices Failed:		20
Overall Device Yield:	99.47%

Task Description:	MX25L6473E

Nominal Throughput:	671 dph
Job Throughput:		463 dph
Devices Picked Input:	3828
Devices Failed Vision:	32
Devices Failed REST:	0
Devices Missing/In Use:	33

Job Elapsed Time:	8 Hours 0 Minutes 20 Seconds
Job Setup Time:		0 Hours 0 Minutes 12 Seconds
Job Processing Time:	5 Hours 0 Minutes 38 Seconds
Job Assistance Time:	2 Hours 0 Minutes 30 Seconds
Job Shutdown Time:	0 Hours 0 Minutes 0 Seconds

Algorithm:		4047810C.ELF
Algorithm Status:	Released
Algorithm Author:	Data I/O
Alg COM Dll:		< not used >
Alg COM Dll Version:	< not used >

TaskLink Version:	8.20
AH500 Version:		6.5.0
Firmware Version:	05.52.84.C
Serialization Program:	< not used >
Serialization Prog Ver:	< not used >

Input Media:		Tape
Output Media:		Tape
Reject 1:		Tray 1
Reject 2:		n/a

Starting Serial Number:	N.A.
Ending Serial Number:	N.A.
Unused Serial Numbers:	N.A.


Category:	PASS, CF, NB, IB, PF,VF1,VF2,FT1,FT2,SFF,SFB, DO, EF,EID, OE
TotalStats:	3775,  2,  0,  0,  1,  6,  0,  0,  0,  0,  0,  0,  1, 12,  0
Site 1 Skt 1:	 476,  0,  0,  0,  0,  1,  0,  0,  0,  0,  0,  0,  1,  0,  0
Site 1 Skt 2:	 474,  0,  0,  0,  0,  1,  0,  0,  0,  0,  0,  0,  0,  0,  0
Site 1 Skt 3:	 467,  0,  0,  0,  1,  2,  0,  0,  0,  0,  0,  0,  0,  5,  0
Site 1 Skt 4:	 473,  1,  0,  0,  0,  0,  0,  0,  0,  0,  0,  0,  0,  0,  0
Site 2 Skt 1:	 466,  0,  0,  0,  0,  2,  0,  0,  0,  0,  0,  0,  0,  6,  0
Site 2 Skt 2:	 473,  1,  0,  0,  0,  0,  0,  0,  0,  0,  0,  0,  0,  0,  0
Site 2 Skt 3:	 473,  0,  0,  0,  0,  0,  0,  0,  0,  0,  0,  0,  0,  1,  0
Site 2 Skt 4:	 473,  0,  0,  0,  0,  0,  0,  0,  0,  0,  0,  0,  0,  0,  0
Site 3 Skt 1:	   0,  0,  0,  0,  0,  0,  0,  0,  0,  0,  0,  0,  0,  0,  0
Site 3 Skt 2:	   0,  0,  0,  0,  0,  0,  0,  0,  0,  0,  0,  0,  0,  0,  0
Site 3 Skt 3:	   0,  0,  0,  0,  0,  0,  0,  0,  0,  0,  0,  0,  0,  0,  0
Site 3 Skt 4:	   0,  0,  0,  0,  0,  0,  0,  0,  0,  0,  0,  0,  0,  0,  0
Site 4 Skt 1:	   0,  0,  0,  0,  0,  0,  0,  0,  0,  0,  0,  0,  0,  0,  0
Site 4 Skt 2:	   0,  0,  0,  0,  0,  0,  0,  0,  0,  0,  0,  0,  0,  0,  0
Site 4 Skt 3:	   0,  0,  0,  0,  0,  0,  0,  0,  0,  0,  0,  0,  0,  0,  0
Site 4 Skt 4:	   0,  0,  0,  0,  0,  0,  0,  0,  0,  0,  0,  0,  0,  0,  0

--------------------------------------------------------------------------------
