
			TLWin Session Data Log - TaskLink Version 7.90

Date Logged:		11-04-2014 09:04:09 AM
Task Name:		DOGFISH_A01_U14_MX
User ID:		Operator Mode
System:			PP/PS Series FlashCORE
Machine ID:		602700001

Device:			MACRONIX MX25L6473EM2 SO8
Data Source:		c:\pcebg_projects\dogfish\a01\3020ma01.bin
Sumcheck:		58BD566E
Process:		Continuity/Blank Check/ID Check/Erase/Program/Verify/Auto Secure/Mark/Vision
Process Status:		Job Begin Status: New Job, Job End Status: Stopped
TLWin Session ID:	< none >

Job Start Time:		11-04-2014 08:03:55 AM
Job End Time:		11-04-2014 09:04:09 AM
Devices Total:		624
Devices Passed:		622
Devices Failed:		2
Overall Device Yield:	99.68%

Task Description:	MX25L6473E

Nominal Throughput:	699 dph
Job Throughput:		657 dph
Devices Picked Input:	629
Devices Failed Vision:	1
Devices Failed REST:	0
Devices Missing/In Use:	5

Job Elapsed Time:	1 Hours 0 Minutes 0 Seconds
Job Setup Time:		0 Hours 0 Minutes 3 Seconds
Job Processing Time:	0 Hours 0 Minutes 54 Seconds
Job Assistance Time:	0 Hours 0 Minutes 2 Seconds
Job Shutdown Time:	0 Hours 0 Minutes 0 Seconds

Algorithm:		4047810C.ELF
Algorithm Status:	Released
Algorithm Author:	Data I/O
Alg COM Dll:		< not used >
Alg COM Dll Version:	< not used >

TaskLink Version:	7.90
AH500 Version:		6.5.0
Firmware Version:	05.52.00.C
Serialization Program:	< not used >
Serialization Prog Ver:	< not used >

Input Media:		Tape
Output Media:		Tape
Reject 1:		Tray 1
Reject 2:		n/a

Starting Serial Number:	N.A.
Ending Serial Number:	N.A.
Unused Serial Numbers:	N.A.


Category:	PASS, CF, NB, IB, PF,VF1,VF2,FT1,FT2,SFF,SFB, DO, EF,EID, OE
TotalStats:	 622,  0,  0,  0,  0,  0,  0,  0,  0,  0,  0,  0,  0,  2,  0
Site 1 Skt 1:	   0,  0,  0,  0,  0,  0,  0,  0,  0,  0,  0,  0,  0,  0,  0
Site 1 Skt 2:	   0,  0,  0,  0,  0,  0,  0,  0,  0,  0,  0,  0,  0,  0,  0
Site 1 Skt 3:	   0,  0,  0,  0,  0,  0,  0,  0,  0,  0,  0,  0,  0,  0,  0
Site 1 Skt 4:	   0,  0,  0,  0,  0,  0,  0,  0,  0,  0,  0,  0,  0,  0,  0
Site 2 Skt 1:	   0,  0,  0,  0,  0,  0,  0,  0,  0,  0,  0,  0,  0,  0,  0
Site 2 Skt 2:	   0,  0,  0,  0,  0,  0,  0,  0,  0,  0,  0,  0,  0,  0,  0
Site 2 Skt 3:	   0,  0,  0,  0,  0,  0,  0,  0,  0,  0,  0,  0,  0,  0,  0
Site 2 Skt 4:	   0,  0,  0,  0,  0,  0,  0,  0,  0,  0,  0,  0,  0,  0,  0
Site 3 Skt 1:	  77,  0,  0,  0,  0,  0,  0,  0,  0,  0,  0,  0,  0,  0,  0
Site 3 Skt 2:	  77,  0,  0,  0,  0,  0,  0,  0,  0,  0,  0,  0,  0,  0,  0
Site 3 Skt 3:	  75,  0,  0,  0,  0,  0,  0,  0,  0,  0,  0,  0,  0,  2,  0
Site 3 Skt 4:	  77,  0,  0,  0,  0,  0,  0,  0,  0,  0,  0,  0,  0,  0,  0
Site 4 Skt 1:	  79,  0,  0,  0,  0,  0,  0,  0,  0,  0,  0,  0,  0,  0,  0
Site 4 Skt 2:	  79,  0,  0,  0,  0,  0,  0,  0,  0,  0,  0,  0,  0,  0,  0
Site 4 Skt 3:	  79,  0,  0,  0,  0,  0,  0,  0,  0,  0,  0,  0,  0,  0,  0
Site 4 Skt 4:	  79,  0,  0,  0,  0,  0,  0,  0,  0,  0,  0,  0,  0,  0,  0

--------------------------------------------------------------------------------
