
			TLWin Session Data Log - TaskLink Version 8.20

Date Logged:		08-20-2015 05:17:40 PM
Task Name:		GENERAL_A07_MX
User ID:		Operator Mode
System:			PP/PS Series FlashCORE
Machine ID:		602700001

Device:			MACRONIX MX25L6473EM2 SO8
Data Source:		c:\pcebg_projects\general\gel-a07.bin
Sumcheck:		603E92FC
Process:		Continuity/Blank Check/ID Check/Erase/Program/Verify/Auto Secure/Mark/Vision
Process Status:		Job Begin Status: Continue, Job End Status: Stopped
TLWin Session ID:	< none >

Job Start Time:		08-20-2015 03:34:54 PM
Job End Time:		08-20-2015 05:17:40 PM
Devices Total:		7755
Devices Passed:		7723
Devices Failed:		32
Overall Device Yield:	99.59%

Task Description:	MX25L6473E

Nominal Throughput:	2000 dph
Job Throughput:		431 dph
Devices Picked Input:	7819
Devices Failed Vision:	48
Devices Failed REST:	0
Devices Missing/In Use:	64

Job Elapsed Time:	1 Hours 0 Minutes 42 Seconds
Job Setup Time:		0 Hours 0 Minutes 2 Seconds
Job Processing Time:	0 Hours 0 Minutes 58 Seconds
Job Assistance Time:	0 Hours 0 Minutes 41 Seconds
Job Shutdown Time:	0 Hours 0 Minutes 0 Seconds

Algorithm:		4047810C.ELF
Algorithm Status:	Released
Algorithm Author:	Data I/O
Alg COM Dll:		< not used >
Alg COM Dll Version:	< not used >

TaskLink Version:	8.20
AH500 Version:		6.5.0
Firmware Version:	05.53.00.C
Serialization Program:	< not used >
Serialization Prog Ver:	< not used >

Input Media:		Tape
Output Media:		Tape
Reject 1:		Tray 1
Reject 2:		n/a

Starting Serial Number:	N.A.
Ending Serial Number:	N.A.
Unused Serial Numbers:	N.A.


Category:	PASS, CF, NB, IB, PF,VF1,VF2,FT1,FT2,SFF,SFB, DO, EF,EID, OE
TotalStats:	7726,  1,  0,  0,  5,  3,  0,  0,  0,  0,  0,  0,  1, 21,  0
Site 1 Skt 1:	  19,  0,  0,  0,  0,  0,  0,  0,  0,  0,  0,  0,  0,  0,  0
Site 1 Skt 2:	  19,  0,  0,  0,  0,  0,  0,  0,  0,  0,  0,  0,  0,  0,  0
Site 1 Skt 3:	  19,  0,  0,  0,  0,  0,  0,  0,  0,  0,  0,  0,  0,  0,  0
Site 1 Skt 4:	  19,  0,  0,  0,  0,  0,  0,  0,  0,  0,  0,  0,  0,  0,  0
Site 2 Skt 1:	  14,  0,  0,  0,  0,  0,  0,  0,  0,  0,  0,  0,  0,  0,  0
Site 2 Skt 2:	  13,  0,  0,  0,  0,  0,  0,  0,  0,  0,  0,  0,  0,  0,  0
Site 2 Skt 3:	  12,  0,  0,  0,  0,  0,  0,  0,  0,  0,  0,  0,  0,  1,  0
Site 2 Skt 4:	  12,  0,  0,  0,  0,  0,  0,  0,  0,  0,  0,  0,  0,  0,  0
Site 3 Skt 1:	 943,  0,  0,  0,  1,  1,  0,  0,  0,  0,  0,  0,  0, 17,  0
Site 3 Skt 2:	 956,  0,  0,  0,  0,  0,  0,  0,  0,  0,  0,  0,  0,  0,  0
Site 3 Skt 3:	 949,  0,  0,  0,  3,  1,  0,  0,  0,  0,  0,  0,  1,  1,  0
Site 3 Skt 4:	 950,  0,  0,  0,  0,  0,  0,  0,  0,  0,  0,  0,  0,  0,  0
Site 4 Skt 1:	 961,  0,  0,  0,  0,  0,  0,  0,  0,  0,  0,  0,  0,  2,  0
Site 4 Skt 2:	 952,  0,  0,  0,  0,  0,  0,  0,  0,  0,  0,  0,  0,  0,  0
Site 4 Skt 3:	 946,  0,  0,  0,  1,  0,  0,  0,  0,  0,  0,  0,  0,  0,  0
Site 4 Skt 4:	 942,  1,  0,  0,  0,  1,  0,  0,  0,  0,  0,  0,  0,  0,  0

--------------------------------------------------------------------------------
