
			TLWin Session Data Log - TaskLink Version 8.20

Date Logged:		08-19-2015 11:22:55 AM
Task Name:		GENERAL_A07_MX
User ID:		Administrator Mode
System:			PP/PS Series FlashCORE
Machine ID:		602700001

Device:			MACRONIX MX25L6473EM2 SO8
Data Source:		c:\pcebg_projects\general\gel-a07.bin
Sumcheck:		603E92FC
Process:		Continuity/Blank Check/ID Check/Erase/Program/Verify/Auto Secure/Mark/Vision
Process Status:		Job Begin Status: Continue, Job End Status: Stopped
TLWin Session ID:	< none >

Job Start Time:		08-19-2015 11:17:38 AM
Job End Time:		08-19-2015 11:22:55 AM
Devices Total:		280
Devices Passed:		274
Devices Failed:		6
Overall Device Yield:	97.86%

Task Description:	MX25L6473E

Nominal Throughput:	828 dph
Job Throughput:		404 dph
Devices Picked Input:	280
Devices Failed Vision:	0
Devices Failed REST:	0
Devices Missing/In Use:	0

Job Elapsed Time:	0 Hours 0 Minutes 5 Seconds
Job Setup Time:		0 Hours 0 Minutes 2 Seconds
Job Processing Time:	0 Hours 0 Minutes 2 Seconds
Job Assistance Time:	0 Hours 0 Minutes 0 Seconds
Job Shutdown Time:	0 Hours 0 Minutes 0 Seconds

Algorithm:		4047810C.ELF
Algorithm Status:	Released
Algorithm Author:	Data I/O
Alg COM Dll:		< not used >
Alg COM Dll Version:	< not used >

TaskLink Version:	8.20
AH500 Version:		6.5.0
Firmware Version:	05.53.00.C
Serialization Program:	< not used >
Serialization Prog Ver:	< not used >

Input Media:		Tape
Output Media:		Tape
Reject 1:		Tray 1
Reject 2:		n/a

Starting Serial Number:	N.A.
Ending Serial Number:	N.A.
Unused Serial Numbers:	N.A.


Category:	PASS, CF, NB, IB, PF,VF1,VF2,FT1,FT2,SFF,SFB, DO, EF,EID, OE
TotalStats:	 276,  0,  0,  0,  3,  0,  0,  0,  0,  0,  0,  0,  0,  1,  0
Site 1 Skt 1:	  19,  0,  0,  0,  0,  0,  0,  0,  0,  0,  0,  0,  0,  0,  0
Site 1 Skt 2:	  19,  0,  0,  0,  0,  0,  0,  0,  0,  0,  0,  0,  0,  0,  0
Site 1 Skt 3:	  19,  0,  0,  0,  0,  0,  0,  0,  0,  0,  0,  0,  0,  0,  0
Site 1 Skt 4:	  19,  0,  0,  0,  0,  0,  0,  0,  0,  0,  0,  0,  0,  0,  0
Site 2 Skt 1:	   0,  0,  0,  0,  0,  0,  0,  0,  0,  0,  0,  0,  0,  0,  0
Site 2 Skt 2:	   0,  0,  0,  0,  0,  0,  0,  0,  0,  0,  0,  0,  0,  0,  0
Site 2 Skt 3:	   0,  0,  0,  0,  0,  0,  0,  0,  0,  0,  0,  0,  0,  0,  0
Site 2 Skt 4:	   0,  0,  0,  0,  0,  0,  0,  0,  0,  0,  0,  0,  0,  0,  0
Site 3 Skt 1:	  37,  0,  0,  0,  1,  0,  0,  0,  0,  0,  0,  0,  0,  1,  0
Site 3 Skt 2:	  34,  0,  0,  0,  0,  0,  0,  0,  0,  0,  0,  0,  0,  0,  0
Site 3 Skt 3:	  32,  0,  0,  0,  2,  0,  0,  0,  0,  0,  0,  0,  0,  0,  0
Site 3 Skt 4:	  34,  0,  0,  0,  0,  0,  0,  0,  0,  0,  0,  0,  0,  0,  0
Site 4 Skt 1:	  17,  0,  0,  0,  0,  0,  0,  0,  0,  0,  0,  0,  0,  0,  0
Site 4 Skt 2:	  16,  0,  0,  0,  0,  0,  0,  0,  0,  0,  0,  0,  0,  0,  0
Site 4 Skt 3:	  15,  0,  0,  0,  0,  0,  0,  0,  0,  0,  0,  0,  0,  0,  0
Site 4 Skt 4:	  15,  0,  0,  0,  0,  0,  0,  0,  0,  0,  0,  0,  0,  0,  0

--------------------------------------------------------------------------------
