
			TLWin Session Data Log - TaskLink Version 8.20

Date Logged:		08-20-2015 02:42:47 PM
Task Name:		GENERAL_A07_MX
User ID:		Operator Mode
System:			PP/PS Series FlashCORE
Machine ID:		602700001

Device:			MACRONIX MX25L6473EM2 SO8
Data Source:		c:\pcebg_projects\general\gel-a07.bin
Sumcheck:		603E92FC
Process:		Continuity/Blank Check/ID Check/Erase/Program/Verify/Auto Secure/Mark/Vision
Process Status:		Job Begin Status: Continue, Job End Status: Stopped
TLWin Session ID:	< none >

Job Start Time:		08-20-2015 08:42:13 AM
Job End Time:		08-20-2015 02:42:47 PM
Devices Total:		7030
Devices Passed:		7002
Devices Failed:		28
Overall Device Yield:	99.60%

Task Description:	MX25L6473E

Nominal Throughput:	666 dph
Job Throughput:		346 dph
Devices Picked Input:	7089
Devices Failed Vision:	48
Devices Failed REST:	0
Devices Missing/In Use:	59

Job Elapsed Time:	6 Hours 0 Minutes 0 Seconds
Job Setup Time:		0 Hours 0 Minutes 3 Seconds
Job Processing Time:	3 Hours 0 Minutes 6 Seconds
Job Assistance Time:	2 Hours 0 Minutes 51 Seconds
Job Shutdown Time:	0 Hours 0 Minutes 0 Seconds

Algorithm:		4047810C.ELF
Algorithm Status:	Released
Algorithm Author:	Data I/O
Alg COM Dll:		< not used >
Alg COM Dll Version:	< not used >

TaskLink Version:	8.20
AH500 Version:		6.5.0
Firmware Version:	05.53.00.C
Serialization Program:	< not used >
Serialization Prog Ver:	< not used >

Input Media:		Tape
Output Media:		Tape
Reject 1:		Tray 1
Reject 2:		n/a

Starting Serial Number:	N.A.
Ending Serial Number:	N.A.
Unused Serial Numbers:	N.A.


Category:	PASS, CF, NB, IB, PF,VF1,VF2,FT1,FT2,SFF,SFB, DO, EF,EID, OE
TotalStats:	7005,  1,  0,  0,  5,  3,  0,  0,  0,  0,  0,  0,  1, 17,  0
Site 1 Skt 1:	  19,  0,  0,  0,  0,  0,  0,  0,  0,  0,  0,  0,  0,  0,  0
Site 1 Skt 2:	  19,  0,  0,  0,  0,  0,  0,  0,  0,  0,  0,  0,  0,  0,  0
Site 1 Skt 3:	  19,  0,  0,  0,  0,  0,  0,  0,  0,  0,  0,  0,  0,  0,  0
Site 1 Skt 4:	  19,  0,  0,  0,  0,  0,  0,  0,  0,  0,  0,  0,  0,  0,  0
Site 2 Skt 1:	  14,  0,  0,  0,  0,  0,  0,  0,  0,  0,  0,  0,  0,  0,  0
Site 2 Skt 2:	  13,  0,  0,  0,  0,  0,  0,  0,  0,  0,  0,  0,  0,  0,  0
Site 2 Skt 3:	  12,  0,  0,  0,  0,  0,  0,  0,  0,  0,  0,  0,  0,  1,  0
Site 2 Skt 4:	  12,  0,  0,  0,  0,  0,  0,  0,  0,  0,  0,  0,  0,  0,  0
Site 3 Skt 1:	 856,  0,  0,  0,  1,  1,  0,  0,  0,  0,  0,  0,  0, 14,  0
Site 3 Skt 2:	 866,  0,  0,  0,  0,  0,  0,  0,  0,  0,  0,  0,  0,  0,  0
Site 3 Skt 3:	 860,  0,  0,  0,  3,  1,  0,  0,  0,  0,  0,  0,  1,  0,  0
Site 3 Skt 4:	 860,  0,  0,  0,  0,  0,  0,  0,  0,  0,  0,  0,  0,  0,  0
Site 4 Skt 1:	 869,  0,  0,  0,  0,  0,  0,  0,  0,  0,  0,  0,  0,  2,  0
Site 4 Skt 2:	 861,  0,  0,  0,  0,  0,  0,  0,  0,  0,  0,  0,  0,  0,  0
Site 4 Skt 3:	 855,  0,  0,  0,  1,  0,  0,  0,  0,  0,  0,  0,  0,  0,  0
Site 4 Skt 4:	 851,  1,  0,  0,  0,  1,  0,  0,  0,  0,  0,  0,  0,  0,  0

--------------------------------------------------------------------------------
