
			TLWin Session Data Log - TaskLink Version 7.90

Date Logged:		02-06-2015 07:52:21 PM
Task Name:		GENERAL_A05_MX
User ID:		Operator Mode
System:			PP/PS Series FlashCORE
Machine ID:		602700001

Device:			MACRONIX MX25L6473EM2 SO8
Data Source:		c:\pcebg_projects\general\gel-a05.bin
Sumcheck:		6043A930
Process:		Continuity/Blank Check/ID Check/Erase/Program/Verify/Auto Secure/Mark/Vision
Process Status:		Job Begin Status: New Job, Job End Status: Stopped
TLWin Session ID:	< none >

Job Start Time:		02-06-2015 10:27:39 AM
Job End Time:		02-06-2015 07:52:21 PM
Devices Total:		5498
Devices Passed:		5494
Devices Failed:		4
Overall Device Yield:	99.93%

Task Description:	MX25L6473E

Nominal Throughput:	744 dph
Job Throughput:		598 dph
Devices Picked Input:	5530
Devices Failed Vision:	4
Devices Failed REST:	0
Devices Missing/In Use:	32

Job Elapsed Time:	9 Hours 0 Minutes 24 Seconds
Job Setup Time:		0 Hours 0 Minutes 13 Seconds
Job Processing Time:	7 Hours 0 Minutes 23 Seconds
Job Assistance Time:	1 Hours 0 Minutes 47 Seconds
Job Shutdown Time:	0 Hours 0 Minutes 0 Seconds

Algorithm:		4047810C.ELF
Algorithm Status:	Released
Algorithm Author:	Data I/O
Alg COM Dll:		< not used >
Alg COM Dll Version:	< not used >

TaskLink Version:	7.90
AH500 Version:		6.5.0
Firmware Version:	05.52.00.C
Serialization Program:	< not used >
Serialization Prog Ver:	< not used >

Input Media:		Tape
Output Media:		Tape
Reject 1:		Tray 1
Reject 2:		n/a

Starting Serial Number:	N.A.
Ending Serial Number:	N.A.
Unused Serial Numbers:	N.A.


Category:	PASS, CF, NB, IB, PF,VF1,VF2,FT1,FT2,SFF,SFB, DO, EF,EID, OE
TotalStats:	5494,  0,  0,  0,  1,  1,  0,  0,  0,  0,  0,  0,  0,  2,  0
Site 1 Skt 1:	   0,  0,  0,  0,  0,  0,  0,  0,  0,  0,  0,  0,  0,  0,  0
Site 1 Skt 2:	   0,  0,  0,  0,  0,  0,  0,  0,  0,  0,  0,  0,  0,  0,  0
Site 1 Skt 3:	   0,  0,  0,  0,  0,  0,  0,  0,  0,  0,  0,  0,  0,  0,  0
Site 1 Skt 4:	   0,  0,  0,  0,  0,  0,  0,  0,  0,  0,  0,  0,  0,  0,  0
Site 2 Skt 1:	   0,  0,  0,  0,  0,  0,  0,  0,  0,  0,  0,  0,  0,  0,  0
Site 2 Skt 2:	   0,  0,  0,  0,  0,  0,  0,  0,  0,  0,  0,  0,  0,  0,  0
Site 2 Skt 3:	   0,  0,  0,  0,  0,  0,  0,  0,  0,  0,  0,  0,  0,  0,  0
Site 2 Skt 4:	   0,  0,  0,  0,  0,  0,  0,  0,  0,  0,  0,  0,  0,  0,  0
Site 3 Skt 1:	 687,  0,  0,  0,  0,  0,  0,  0,  0,  0,  0,  0,  0,  0,  0
Site 3 Skt 2:	 685,  0,  0,  0,  0,  0,  0,  0,  0,  0,  0,  0,  0,  0,  0
Site 3 Skt 3:	 683,  0,  0,  0,  1,  0,  0,  0,  0,  0,  0,  0,  0,  1,  0
Site 3 Skt 4:	 684,  0,  0,  0,  0,  0,  0,  0,  0,  0,  0,  0,  0,  0,  0
Site 4 Skt 1:	 693,  0,  0,  0,  0,  0,  0,  0,  0,  0,  0,  0,  0,  0,  0
Site 4 Skt 2:	 690,  0,  0,  0,  0,  1,  0,  0,  0,  0,  0,  0,  0,  0,  0
Site 4 Skt 3:	 686,  0,  0,  0,  0,  0,  0,  0,  0,  0,  0,  0,  0,  1,  0
Site 4 Skt 4:	 686,  0,  0,  0,  0,  0,  0,  0,  0,  0,  0,  0,  0,  0,  0

--------------------------------------------------------------------------------
