
			TLWin Session Data Log - TaskLink Version 7.90

Date Logged:		01-30-2015 12:59:27 PM
Task Name:		GENERAL_A05_MX
User ID:		Operator Mode
System:			PP/PS Series FlashCORE
Machine ID:		602700001

Device:			MACRONIX MX25L6473EM2 SO8
Data Source:		c:\pcebg_projects\general\gel-a05.bin
Sumcheck:		6043A930
Process:		Continuity/Blank Check/ID Check/Erase/Program/Verify/Auto Secure/Mark/Vision
Process Status:		Job Begin Status: Continue, Job End Status: Completed
TLWin Session ID:	< none >

Job Start Time:		01-29-2015 03:57:24 PM
Job End Time:		01-30-2015 12:59:27 PM
Devices Total:		7282
Devices Passed:		7262
Devices Failed:		20
Overall Device Yield:	99.73%

Task Description:	MX25L6473E

Nominal Throughput:	745 dph
Job Throughput:		317 dph
Devices Picked Input:	7301
Devices Failed Vision:	2
Devices Failed REST:	0
Devices Missing/In Use:	19

Job Elapsed Time:	21 Hours 0 Minutes 2 Seconds
Job Setup Time:		0 Hours 0 Minutes 5 Seconds
Job Processing Time:	8 Hours 0 Minutes 56 Seconds
Job Assistance Time:	11 Hours 0 Minutes 59 Seconds
Job Shutdown Time:	0 Hours 0 Minutes 0 Seconds

Algorithm:		4047810C.ELF
Algorithm Status:	Released
Algorithm Author:	Data I/O
Alg COM Dll:		< not used >
Alg COM Dll Version:	< not used >

TaskLink Version:	7.90
AH500 Version:		6.5.0
Firmware Version:	05.52.00.C
Serialization Program:	< not used >
Serialization Prog Ver:	< not used >

Input Media:		Tape
Output Media:		Tape
Reject 1:		Tray 1
Reject 2:		n/a

Starting Serial Number:	N.A.
Ending Serial Number:	N.A.
Unused Serial Numbers:	N.A.


Category:	PASS, CF, NB, IB, PF,VF1,VF2,FT1,FT2,SFF,SFB, DO, EF,EID, OE
TotalStats:	7268,  0,  1,  0,  2,  0,  0,  0,  0,  0,  0,  0,  0,  9,  0
Site 1 Skt 1:	   0,  0,  0,  0,  0,  0,  0,  0,  0,  0,  0,  0,  0,  0,  0
Site 1 Skt 2:	   0,  0,  0,  0,  0,  0,  0,  0,  0,  0,  0,  0,  0,  0,  0
Site 1 Skt 3:	   0,  0,  0,  0,  0,  0,  0,  0,  0,  0,  0,  0,  0,  0,  0
Site 1 Skt 4:	   0,  0,  0,  0,  0,  0,  0,  0,  0,  0,  0,  0,  0,  0,  0
Site 2 Skt 1:	   0,  0,  0,  0,  0,  0,  0,  0,  0,  0,  0,  0,  0,  0,  0
Site 2 Skt 2:	   0,  0,  0,  0,  0,  0,  0,  0,  0,  0,  0,  0,  0,  0,  0
Site 2 Skt 3:	   0,  0,  0,  0,  0,  0,  0,  0,  0,  0,  0,  0,  0,  0,  0
Site 2 Skt 4:	   0,  0,  0,  0,  0,  0,  0,  0,  0,  0,  0,  0,  0,  0,  0
Site 3 Skt 1:	 911,  0,  0,  0,  0,  0,  0,  0,  0,  0,  0,  0,  0,  0,  0
Site 3 Skt 2:	 909,  0,  1,  0,  0,  0,  0,  0,  0,  0,  0,  0,  0,  0,  0
Site 3 Skt 3:	 907,  0,  0,  0,  0,  0,  0,  0,  0,  0,  0,  0,  0,  1,  0
Site 3 Skt 4:	 906,  0,  0,  0,  0,  0,  0,  0,  0,  0,  0,  0,  0,  1,  0
Site 4 Skt 1:	 910,  0,  0,  0,  2,  0,  0,  0,  0,  0,  0,  0,  0,  2,  0
Site 4 Skt 2:	 912,  0,  0,  0,  0,  0,  0,  0,  0,  0,  0,  0,  0,  0,  0
Site 4 Skt 3:	 905,  0,  0,  0,  0,  0,  0,  0,  0,  0,  0,  0,  0,  5,  0
Site 4 Skt 4:	 908,  0,  0,  0,  0,  0,  0,  0,  0,  0,  0,  0,  0,  0,  0

--------------------------------------------------------------------------------
