
			TLWin Session Data Log - TaskLink Version 7.90

Date Logged:		09-05-2014 11:56:28 AM
Task Name:		LANIKAI7_A15_SPI3
User ID:		Administrator Mode
System:			PP/PS Series FlashCORE
Machine ID:		602700001

Device:			MACRONIX MX25L6406EM2 SO8
Data Source:		c:\pcebg_projects\lanikai\o7010a15(8mb).bin
Sumcheck:		5C733422
Process:		Continuity/Blank Check/ID Check/Erase/Program/Verify/Auto Secure/Mark/Vision
Process Status:		Job Begin Status: New Job, Job End Status: Stopped
TLWin Session ID:	< none >

Job Start Time:		09-05-2014 09:20:43 AM
Job End Time:		09-05-2014 11:56:28 AM
Devices Total:		1500
Devices Passed:		1499
Devices Failed:		1
Overall Device Yield:	99.93%

Task Description:	MX25L6406E

Nominal Throughput:	616 dph
Job Throughput:		585 dph
Devices Picked Input:	1516
Devices Failed Vision:	14
Devices Failed REST:	0
Devices Missing/In Use:	16

Job Elapsed Time:	2 Hours 0 Minutes 35 Seconds
Job Setup Time:		0 Hours 0 Minutes 1 Seconds
Job Processing Time:	2 Hours 0 Minutes 26 Seconds
Job Assistance Time:	0 Hours 0 Minutes 7 Seconds
Job Shutdown Time:	0 Hours 0 Minutes 0 Seconds

Algorithm:		5211610C.ELF
Algorithm Status:	Released
Algorithm Author:	Data I/O
Alg COM Dll:		< not used >
Alg COM Dll Version:	< not used >

TaskLink Version:	7.90
AH500 Version:		6.5.0
Firmware Version:	05.52.00.C
Serialization Program:	< not used >
Serialization Prog Ver:	< not used >

Input Media:		Tape
Output Media:		Tape
Reject 1:		Tray 1
Reject 2:		n/a

Starting Serial Number:	N.A.
Ending Serial Number:	N.A.
Unused Serial Numbers:	N.A.


Category:	PASS, CF, NB, IB, PF,VF1,VF2,FT1,FT2,SFF,SFB, DO, EF,EID, OE
TotalStats:	1499,  0,  0,  0,  0,  1,  0,  0,  0,  0,  0,  0,  0,  0,  0
Site 1 Skt 1:	   0,  0,  0,  0,  0,  0,  0,  0,  0,  0,  0,  0,  0,  0,  0
Site 1 Skt 2:	   0,  0,  0,  0,  0,  0,  0,  0,  0,  0,  0,  0,  0,  0,  0
Site 1 Skt 3:	   0,  0,  0,  0,  0,  0,  0,  0,  0,  0,  0,  0,  0,  0,  0
Site 1 Skt 4:	   0,  0,  0,  0,  0,  0,  0,  0,  0,  0,  0,  0,  0,  0,  0
Site 2 Skt 1:	   0,  0,  0,  0,  0,  0,  0,  0,  0,  0,  0,  0,  0,  0,  0
Site 2 Skt 2:	   0,  0,  0,  0,  0,  0,  0,  0,  0,  0,  0,  0,  0,  0,  0
Site 2 Skt 3:	   0,  0,  0,  0,  0,  0,  0,  0,  0,  0,  0,  0,  0,  0,  0
Site 2 Skt 4:	   0,  0,  0,  0,  0,  0,  0,  0,  0,  0,  0,  0,  0,  0,  0
Site 3 Skt 1:	 187,  0,  0,  0,  0,  0,  0,  0,  0,  0,  0,  0,  0,  0,  0
Site 3 Skt 2:	 187,  0,  0,  0,  0,  0,  0,  0,  0,  0,  0,  0,  0,  0,  0
Site 3 Skt 3:	 186,  0,  0,  0,  0,  1,  0,  0,  0,  0,  0,  0,  0,  0,  0
Site 3 Skt 4:	 187,  0,  0,  0,  0,  0,  0,  0,  0,  0,  0,  0,  0,  0,  0
Site 4 Skt 1:	 188,  0,  0,  0,  0,  0,  0,  0,  0,  0,  0,  0,  0,  0,  0
Site 4 Skt 2:	 188,  0,  0,  0,  0,  0,  0,  0,  0,  0,  0,  0,  0,  0,  0
Site 4 Skt 3:	 188,  0,  0,  0,  0,  0,  0,  0,  0,  0,  0,  0,  0,  0,  0
Site 4 Skt 4:	 188,  0,  0,  0,  0,  0,  0,  0,  0,  0,  0,  0,  0,  0,  0

--------------------------------------------------------------------------------
