
			TLWin Session Data Log - TaskLink Version 7.90

Date Logged:		09-15-2014 09:19:17 AM
Task Name:		LANIKAI7_A15_SPI3
User ID:		Administrator Mode
System:			PP/PS Series FlashCORE
Machine ID:		602700001

Device:			MACRONIX MX25L6406EM2 SO8
Data Source:		c:\pcebg_projects\lanikai\o7010a15(8mb).bin
Sumcheck:		5C733422
Process:		Continuity/Blank Check/ID Check/Erase/Program/Verify/Auto Secure/Mark/Vision
Process Status:		Job Begin Status: New Job, Job End Status: Stopped
TLWin Session ID:	< none >

Job Start Time:		09-15-2014 05:46:05 AM
Job End Time:		09-15-2014 09:19:17 AM
Devices Total:		2006
Devices Passed:		2001
Devices Failed:		5
Overall Device Yield:	99.75%

Task Description:	MX25L6406E

Nominal Throughput:	609 dph
Job Throughput:		575 dph
Devices Picked Input:	2008
Devices Failed Vision:	0
Devices Failed REST:	0
Devices Missing/In Use:	2

Job Elapsed Time:	3 Hours 0 Minutes 33 Seconds
Job Setup Time:		0 Hours 0 Minutes 4 Seconds
Job Processing Time:	3 Hours 0 Minutes 18 Seconds
Job Assistance Time:	0 Hours 0 Minutes 10 Seconds
Job Shutdown Time:	0 Hours 0 Minutes 0 Seconds

Algorithm:		5211610C.ELF
Algorithm Status:	Released
Algorithm Author:	Data I/O
Alg COM Dll:		< not used >
Alg COM Dll Version:	< not used >

TaskLink Version:	7.90
AH500 Version:		6.5.0
Firmware Version:	05.52.00.C
Serialization Program:	< not used >
Serialization Prog Ver:	< not used >

Input Media:		Tape
Output Media:		Tape
Reject 1:		Tray 1
Reject 2:		n/a

Starting Serial Number:	N.A.
Ending Serial Number:	N.A.
Unused Serial Numbers:	N.A.


Category:	PASS, CF, NB, IB, PF,VF1,VF2,FT1,FT2,SFF,SFB, DO, EF,EID, OE
TotalStats:	2001,  0,  1,  0,  0,  1,  0,  0,  0,  0,  0,  0,  0,  3,  0
Site 1 Skt 1:	   0,  0,  0,  0,  0,  0,  0,  0,  0,  0,  0,  0,  0,  0,  0
Site 1 Skt 2:	   0,  0,  0,  0,  0,  0,  0,  0,  0,  0,  0,  0,  0,  0,  0
Site 1 Skt 3:	   0,  0,  0,  0,  0,  0,  0,  0,  0,  0,  0,  0,  0,  0,  0
Site 1 Skt 4:	   0,  0,  0,  0,  0,  0,  0,  0,  0,  0,  0,  0,  0,  0,  0
Site 2 Skt 1:	   0,  0,  0,  0,  0,  0,  0,  0,  0,  0,  0,  0,  0,  0,  0
Site 2 Skt 2:	   0,  0,  0,  0,  0,  0,  0,  0,  0,  0,  0,  0,  0,  0,  0
Site 2 Skt 3:	   0,  0,  0,  0,  0,  0,  0,  0,  0,  0,  0,  0,  0,  0,  0
Site 2 Skt 4:	   0,  0,  0,  0,  0,  0,  0,  0,  0,  0,  0,  0,  0,  0,  0
Site 3 Skt 1:	 250,  0,  0,  0,  0,  0,  0,  0,  0,  0,  0,  0,  0,  0,  0
Site 3 Skt 2:	 250,  0,  0,  0,  0,  0,  0,  0,  0,  0,  0,  0,  0,  0,  0
Site 3 Skt 3:	 247,  0,  0,  0,  0,  1,  0,  0,  0,  0,  0,  0,  0,  2,  0
Site 3 Skt 4:	 250,  0,  0,  0,  0,  0,  0,  0,  0,  0,  0,  0,  0,  0,  0
Site 4 Skt 1:	 252,  0,  1,  0,  0,  0,  0,  0,  0,  0,  0,  0,  0,  0,  0
Site 4 Skt 2:	 250,  0,  0,  0,  0,  0,  0,  0,  0,  0,  0,  0,  0,  1,  0
Site 4 Skt 3:	 251,  0,  0,  0,  0,  0,  0,  0,  0,  0,  0,  0,  0,  0,  0
Site 4 Skt 4:	 251,  0,  0,  0,  0,  0,  0,  0,  0,  0,  0,  0,  0,  0,  0

--------------------------------------------------------------------------------
