
			TLWin Session Data Log - TaskLink Version 7.90

Date Logged:		08-19-2014 12:23:35 PM
Task Name:		MAPLE_A04
User ID:		Administrator Mode
System:			PP/PS Series FlashCORE
Machine ID:		602700001

Device:			WINBOND_ELECTRONICS W25Q64FV-SS SO8
Data Source:		c:\pcebg_projects\maplea04\zava0_8m.bin
Sumcheck:		61BDD236
Process:		Continuity/Blank Check/ID Check/Erase/Program/Verify/Mark/Vision
Process Status:		Job Begin Status: New Job, Job End Status: Stopped
TLWin Session ID:	< none >

Job Start Time:		08-19-2014 11:44:47 AM
Job End Time:		08-19-2014 12:23:35 PM
Devices Total:		10
Devices Passed:		8
Devices Failed:		2
Overall Device Yield:	80.00%

Task Description:	< none >

Nominal Throughput:	0 dph
Job Throughput:		13 dph
Devices Picked Input:	23
Devices Failed Vision:	5
Devices Failed REST:	0
Devices Missing/In Use:	13

Job Elapsed Time:	0 Hours 0 Minutes 38 Seconds
Job Setup Time:		0 Hours 0 Minutes 2 Seconds
Job Processing Time:	0 Hours 0 Minutes 4 Seconds
Job Assistance Time:	0 Hours 0 Minutes 32 Seconds
Job Shutdown Time:	0 Hours 0 Minutes 0 Seconds

Algorithm:		3955110C.ELF
Algorithm Status:	Beta
Algorithm Author:	Ditek
Alg COM Dll:		< not used >
Alg COM Dll Version:	< not used >

TaskLink Version:	7.90
AH500 Version:		6.5.0
Firmware Version:	05.52.00.C
Serialization Program:	< not used >
Serialization Prog Ver:	< not used >

Input Media:		Tape
Output Media:		Tape
Reject 1:		Tray 1
Reject 2:		n/a

Starting Serial Number:	N.A.
Ending Serial Number:	N.A.
Unused Serial Numbers:	N.A.


Category:	PASS, CF, NB, IB, PF,VF1,VF2,FT1,FT2,SFF,SFB, DO, EF,EID, OE
TotalStats:	  10, 10,  0,  0,  0,  0,  0,  0,  0,  0,  0,  0,  0,  2,  0
Site 1 Skt 1:	   0,  3,  0,  0,  0,  0,  0,  0,  0,  0,  0,  0,  0,  0,  0
Site 1 Skt 2:	   1,  1,  0,  0,  0,  0,  0,  0,  0,  0,  0,  0,  0,  0,  0
Site 1 Skt 3:	   0,  1,  0,  0,  0,  0,  0,  0,  0,  0,  0,  0,  0,  0,  0
Site 1 Skt 4:	   0,  1,  0,  0,  0,  0,  0,  0,  0,  0,  0,  0,  0,  0,  0
Site 2 Skt 1:	   0,  0,  0,  0,  0,  0,  0,  0,  0,  0,  0,  0,  0,  0,  0
Site 2 Skt 2:	   0,  0,  0,  0,  0,  0,  0,  0,  0,  0,  0,  0,  0,  0,  0
Site 2 Skt 3:	   0,  0,  0,  0,  0,  0,  0,  0,  0,  0,  0,  0,  0,  0,  0
Site 2 Skt 4:	   0,  0,  0,  0,  0,  0,  0,  0,  0,  0,  0,  0,  0,  0,  0
Site 3 Skt 1:	   5,  3,  0,  0,  0,  0,  0,  0,  0,  0,  0,  0,  0,  0,  0
Site 3 Skt 2:	   2,  1,  0,  0,  0,  0,  0,  0,  0,  0,  0,  0,  0,  0,  0
Site 3 Skt 3:	   0,  0,  0,  0,  0,  0,  0,  0,  0,  0,  0,  0,  0,  2,  0
Site 3 Skt 4:	   2,  0,  0,  0,  0,  0,  0,  0,  0,  0,  0,  0,  0,  0,  0
Site 4 Skt 1:	   0,  0,  0,  0,  0,  0,  0,  0,  0,  0,  0,  0,  0,  0,  0
Site 4 Skt 2:	   0,  0,  0,  0,  0,  0,  0,  0,  0,  0,  0,  0,  0,  0,  0
Site 4 Skt 3:	   0,  0,  0,  0,  0,  0,  0,  0,  0,  0,  0,  0,  0,  0,  0
Site 4 Skt 4:	   0,  0,  0,  0,  0,  0,  0,  0,  0,  0,  0,  0,  0,  0,  0

--------------------------------------------------------------------------------
