
			TLWin Session Data Log - TaskLink Version 7.90

Date Logged:		02-11-2015 12:02:18 PM
Task Name:		TIGRIS_A05_MX
User ID:		Operator Mode
System:			PP/PS Series FlashCORE
Machine ID:		602700001

Device:			MACRONIX MX25L6473EM2 SO8
Data Source:		c:\pcebg_projects\tigris\o3020a05.bin
Sumcheck:		5A6E3DB8
Process:		Continuity/Blank Check/ID Check/Erase/Program/Verify/Auto Secure/Mark/Vision
Process Status:		Job Begin Status: Continue, Job End Status: Stopped
TLWin Session ID:	< none >

Job Start Time:		02-11-2015 10:44:14 AM
Job End Time:		02-11-2015 12:02:18 PM
Devices Total:		5670
Devices Passed:		5650
Devices Failed:		20
Overall Device Yield:	99.65%

Task Description:	MX25L6473E

Nominal Throughput:	373 dph
Job Throughput:		311 dph
Devices Picked Input:	5724
Devices Failed Vision:	7
Devices Failed REST:	0
Devices Missing/In Use:	54

Job Elapsed Time:	1 Hours 0 Minutes 18 Seconds
Job Setup Time:		0 Hours 0 Minutes 4 Seconds
Job Processing Time:	1 Hours 0 Minutes 2 Seconds
Job Assistance Time:	0 Hours 0 Minutes 11 Seconds
Job Shutdown Time:	0 Hours 0 Minutes 0 Seconds

Algorithm:		4047810C.ELF
Algorithm Status:	Released
Algorithm Author:	Data I/O
Alg COM Dll:		< not used >
Alg COM Dll Version:	< not used >

TaskLink Version:	7.90
AH500 Version:		6.5.0
Firmware Version:	05.52.00.C
Serialization Program:	< not used >
Serialization Prog Ver:	< not used >

Input Media:		Tape
Output Media:		Tape
Reject 1:		Tray 1
Reject 2:		n/a

Starting Serial Number:	N.A.
Ending Serial Number:	N.A.
Unused Serial Numbers:	N.A.


Category:	PASS, CF, NB, IB, PF,VF1,VF2,FT1,FT2,SFF,SFB, DO, EF,EID, OE
TotalStats:	5661,  1,  2,  0,  8,  0,  0,  0,  0,  0,  0,  0,  2,  8,  0
Site 1 Skt 1:	   0,  0,  0,  0,  0,  0,  0,  0,  0,  0,  0,  0,  0,  0,  0
Site 1 Skt 2:	   0,  0,  0,  0,  0,  0,  0,  0,  0,  0,  0,  0,  0,  0,  0
Site 1 Skt 3:	   0,  0,  0,  0,  0,  0,  0,  0,  0,  0,  0,  0,  0,  0,  0
Site 1 Skt 4:	   0,  0,  0,  0,  0,  0,  0,  0,  0,  0,  0,  0,  0,  0,  0
Site 2 Skt 1:	   0,  0,  0,  0,  0,  0,  0,  0,  0,  0,  0,  0,  0,  0,  0
Site 2 Skt 2:	   0,  0,  0,  0,  0,  0,  0,  0,  0,  0,  0,  0,  0,  0,  0
Site 2 Skt 3:	   0,  0,  0,  0,  0,  0,  0,  0,  0,  0,  0,  0,  0,  0,  0
Site 2 Skt 4:	   0,  0,  0,  0,  0,  0,  0,  0,  0,  0,  0,  0,  0,  0,  0
Site 3 Skt 1:	 709,  0,  0,  0,  1,  0,  0,  0,  0,  0,  0,  0,  0,  0,  0
Site 3 Skt 2:	 707,  0,  0,  0,  1,  0,  0,  0,  0,  0,  0,  0,  0,  0,  0
Site 3 Skt 3:	 704,  0,  1,  0,  1,  0,  0,  0,  0,  0,  0,  0,  0,  0,  0
Site 3 Skt 4:	 701,  0,  0,  0,  1,  0,  0,  0,  0,  0,  0,  0,  0,  1,  0
Site 4 Skt 1:	 713,  0,  1,  0,  1,  0,  0,  0,  0,  0,  0,  0,  1,  2,  0
Site 4 Skt 2:	 712,  0,  0,  0,  1,  0,  0,  0,  0,  0,  0,  0,  0,  2,  0
Site 4 Skt 3:	 707,  1,  0,  0,  1,  0,  0,  0,  0,  0,  0,  0,  0,  3,  0
Site 4 Skt 4:	 708,  0,  0,  0,  1,  0,  0,  0,  0,  0,  0,  0,  1,  0,  0

--------------------------------------------------------------------------------
