
			TLWin Session Data Log - TaskLink Version 7.90

Date Logged:		10-15-2014 11:52:22 AM
Task Name:		TIGRIS_A03_MX
User ID:		Operator Mode
System:			PP/PS Series FlashCORE
Machine ID:		602700001

Device:			MACRONIX MX25L6473EM2 SO8
Data Source:		c:\pcebg_projects\tigris\o3020a03.bin
Sumcheck:		5AD3D462
Process:		Continuity/Blank Check/ID Check/Erase/Program/Verify/Auto Secure/Mark/Vision
Process Status:		Job Begin Status: Recovery, Job End Status: Stopped
TLWin Session ID:	< none >

Job Start Time:		10-15-2014 04:46:57 AM
Job End Time:		10-15-2014 11:52:22 AM
Devices Total:		361
Devices Passed:		351
Devices Failed:		10
Overall Device Yield:	97.23%

Task Description:	MX25L6473E

Nominal Throughput:	669 dph
Job Throughput:		50 dph
Devices Picked Input:	369
Devices Failed Vision:	5
Devices Failed REST:	0
Devices Missing/In Use:	8

Job Elapsed Time:	7 Hours 0 Minutes 5 Seconds
Job Setup Time:		0 Hours 0 Minutes 1 Seconds
Job Processing Time:	0 Hours 0 Minutes 35 Seconds
Job Assistance Time:	6 Hours 0 Minutes 27 Seconds
Job Shutdown Time:	0 Hours 0 Minutes 0 Seconds

Algorithm:		4047810C.ELF
Algorithm Status:	Released
Algorithm Author:	Data I/O
Alg COM Dll:		< not used >
Alg COM Dll Version:	< not used >

TaskLink Version:	7.90
AH500 Version:		6.5.0
Firmware Version:	05.52.00.C
Serialization Program:	< not used >
Serialization Prog Ver:	< not used >

Input Media:		Tape
Output Media:		Tape
Reject 1:		Tray 1
Reject 2:		n/a

Starting Serial Number:	N.A.
Ending Serial Number:	N.A.
Unused Serial Numbers:	N.A.


Category:	PASS, CF, NB, IB, PF,VF1,VF2,FT1,FT2,SFF,SFB, DO, EF,EID, OE
TotalStats:	6008,  6,  0,  0,  5,  4,  0,  0,  0,  0,  0,  0,  1, 17,  0
Site 1 Skt 1:	   0,  0,  0,  0,  0,  0,  0,  0,  0,  0,  0,  0,  0,  0,  0
Site 1 Skt 2:	   0,  0,  0,  0,  0,  0,  0,  0,  0,  0,  0,  0,  0,  0,  0
Site 1 Skt 3:	   0,  0,  0,  0,  0,  0,  0,  0,  0,  0,  0,  0,  0,  0,  0
Site 1 Skt 4:	   0,  0,  0,  0,  0,  0,  0,  0,  0,  0,  0,  0,  0,  0,  0
Site 2 Skt 1:	   0,  0,  0,  0,  0,  0,  0,  0,  0,  0,  0,  0,  0,  0,  0
Site 2 Skt 2:	   0,  0,  0,  0,  0,  0,  0,  0,  0,  0,  0,  0,  0,  0,  0
Site 2 Skt 3:	   0,  0,  0,  0,  0,  0,  0,  0,  0,  0,  0,  0,  0,  0,  0
Site 2 Skt 4:	   0,  0,  0,  0,  0,  0,  0,  0,  0,  0,  0,  0,  0,  0,  0
Site 3 Skt 1:	 747,  1,  0,  0,  3,  1,  0,  0,  0,  0,  0,  0,  1,  3,  0
Site 3 Skt 2:	 744,  2,  0,  0,  0,  0,  0,  0,  0,  0,  0,  0,  0,  9,  0
Site 3 Skt 3:	 750,  3,  0,  0,  0,  0,  0,  0,  0,  0,  0,  0,  0,  2,  0
Site 3 Skt 4:	 754,  0,  0,  0,  0,  0,  0,  0,  0,  0,  0,  0,  0,  1,  0
Site 4 Skt 1:	 756,  0,  0,  0,  0,  1,  0,  0,  0,  0,  0,  0,  0,  1,  0
Site 4 Skt 2:	 755,  0,  0,  0,  0,  0,  0,  0,  0,  0,  0,  0,  0,  1,  0
Site 4 Skt 3:	 750,  0,  0,  0,  2,  2,  0,  0,  0,  0,  0,  0,  0,  0,  0
Site 4 Skt 4:	 752,  0,  0,  0,  0,  0,  0,  0,  0,  0,  0,  0,  0,  0,  0

--------------------------------------------------------------------------------
