
			TLWin Session Data Log - TaskLink Version 8.20

Date Logged:		08-24-2015 05:08:40 PM
Task Name:		TIGRIS_A08_MX
User ID:		Operator Mode
System:			PP/PS Series FlashCORE
Machine ID:		602700001

Device:			MACRONIX MX25L6473EM2 SO8
Data Source:		c:\pcebg_projects\tigris\o3020a08.bin
Sumcheck:		5A4C3C7F
Process:		Continuity/Blank Check/ID Check/Erase/Program/Verify/Auto Secure/Mark/Vision
Process Status:		Job Begin Status: Continue, Job End Status: Completed
TLWin Session ID:	< none >

Job Start Time:		08-24-2015 04:50:49 PM
Job End Time:		08-24-2015 05:08:40 PM
Devices Total:		9256
Devices Passed:		9237
Devices Failed:		19
Overall Device Yield:	99.79%

Task Description:	MX25L6473E

Nominal Throughput:	721 dph
Job Throughput:		529 dph
Devices Picked Input:	9266
Devices Failed Vision:	3
Devices Failed REST:	0
Devices Missing/In Use:	10

Job Elapsed Time:	0 Hours 0 Minutes 17 Seconds
Job Setup Time:		0 Hours 0 Minutes 1 Seconds
Job Processing Time:	0 Hours 0 Minutes 12 Seconds
Job Assistance Time:	0 Hours 0 Minutes 3 Seconds
Job Shutdown Time:	0 Hours 0 Minutes 0 Seconds

Algorithm:		4047810C.ELF
Algorithm Status:	Released
Algorithm Author:	Data I/O
Alg COM Dll:		< not used >
Alg COM Dll Version:	< not used >

TaskLink Version:	8.20
AH500 Version:		6.5.0
Firmware Version:	05.53.00.C
Serialization Program:	< not used >
Serialization Prog Ver:	< not used >

Input Media:		Tape
Output Media:		Tape
Reject 1:		Tray 1
Reject 2:		n/a

Starting Serial Number:	N.A.
Ending Serial Number:	N.A.
Unused Serial Numbers:	N.A.


Category:	PASS, CF, NB, IB, PF,VF1,VF2,FT1,FT2,SFF,SFB, DO, EF,EID, OE
TotalStats:	9237,  1,  0,  0,  0, 10,  0,  0,  0,  0,  0,  0,  0,  9,  0
Site 1 Skt 1:	   0,  0,  0,  0,  0,  0,  0,  0,  0,  0,  0,  0,  0,  0,  0
Site 1 Skt 2:	   0,  0,  0,  0,  0,  0,  0,  0,  0,  0,  0,  0,  0,  0,  0
Site 1 Skt 3:	   0,  0,  0,  0,  0,  0,  0,  0,  0,  0,  0,  0,  0,  0,  0
Site 1 Skt 4:	   0,  0,  0,  0,  0,  0,  0,  0,  0,  0,  0,  0,  0,  0,  0
Site 2 Skt 1:	   0,  0,  0,  0,  0,  0,  0,  0,  0,  0,  0,  0,  0,  0,  0
Site 2 Skt 2:	   0,  0,  0,  0,  0,  0,  0,  0,  0,  0,  0,  0,  0,  0,  0
Site 2 Skt 3:	   0,  0,  0,  0,  0,  0,  0,  0,  0,  0,  0,  0,  0,  0,  0
Site 2 Skt 4:	   0,  0,  0,  0,  0,  0,  0,  0,  0,  0,  0,  0,  0,  0,  0
Site 3 Skt 1:	1141,  1,  0,  0,  0,  6,  0,  0,  0,  0,  0,  0,  0,  8,  0
Site 3 Skt 2:	1154,  0,  0,  0,  0,  0,  0,  0,  0,  0,  0,  0,  0,  0,  0
Site 3 Skt 3:	1152,  0,  0,  0,  0,  0,  0,  0,  0,  0,  0,  0,  0,  1,  0
Site 3 Skt 4:	1152,  0,  0,  0,  0,  1,  0,  0,  0,  0,  0,  0,  0,  0,  0
Site 4 Skt 1:	1162,  0,  0,  0,  0,  2,  0,  0,  0,  0,  0,  0,  0,  0,  0
Site 4 Skt 2:	1159,  0,  0,  0,  0,  1,  0,  0,  0,  0,  0,  0,  0,  0,  0
Site 4 Skt 3:	1159,  0,  0,  0,  0,  0,  0,  0,  0,  0,  0,  0,  0,  0,  0
Site 4 Skt 4:	1158,  0,  0,  0,  0,  0,  0,  0,  0,  0,  0,  0,  0,  0,  0

--------------------------------------------------------------------------------
