
			TLWin Session Data Log - TaskLink Version 7.90

Date Logged:		02-26-2015 10:03:57 AM
Task Name:		TIGRIS_A05_MX
User ID:		Operator Mode
System:			PP/PS Series FlashCORE
Machine ID:		602700001

Device:			MACRONIX MX25L6473EM2 SO8
Data Source:		c:\pcebg_projects\tigris\o3020a05.bin
Sumcheck:		5A6E3DB8
Process:		Continuity/Blank Check/ID Check/Erase/Program/Verify/Auto Secure/Mark/Vision
Process Status:		Job Begin Status: New Job, Job End Status: Stopped
TLWin Session ID:	< none >

Job Start Time:		02-25-2015 02:50:50 PM
Job End Time:		02-26-2015 10:03:57 AM
Devices Total:		5349
Devices Passed:		5343
Devices Failed:		6
Overall Device Yield:	99.89%

Task Description:	MX25L6473E

Nominal Throughput:	685 dph
Job Throughput:		280 dph
Devices Picked Input:	5362
Devices Failed Vision:	5
Devices Failed REST:	0
Devices Missing/In Use:	13

Job Elapsed Time:	19 Hours 0 Minutes 13 Seconds
Job Setup Time:		0 Hours 0 Minutes 6 Seconds
Job Processing Time:	7 Hours 0 Minutes 49 Seconds
Job Assistance Time:	11 Hours 0 Minutes 17 Seconds
Job Shutdown Time:	0 Hours 0 Minutes 0 Seconds

Algorithm:		4047810C.ELF
Algorithm Status:	Released
Algorithm Author:	Data I/O
Alg COM Dll:		< not used >
Alg COM Dll Version:	< not used >

TaskLink Version:	7.90
AH500 Version:		6.5.0
Firmware Version:	05.52.84.C
Serialization Program:	< not used >
Serialization Prog Ver:	< not used >

Input Media:		Tape
Output Media:		Tape
Reject 1:		Tray 1
Reject 2:		n/a

Starting Serial Number:	N.A.
Ending Serial Number:	N.A.
Unused Serial Numbers:	N.A.


Category:	PASS, CF, NB, IB, PF,VF1,VF2,FT1,FT2,SFF,SFB, DO, EF,EID, OE
TotalStats:	5344,  8,  0,  0,  0,  2,  0,  0,  0,  0,  0,  0,  0,  4,  0
Site 1 Skt 1:	 669,  4,  0,  0,  0,  0,  0,  0,  0,  0,  0,  0,  0,  1,  0
Site 1 Skt 2:	 670,  2,  0,  0,  0,  1,  0,  0,  0,  0,  0,  0,  0,  0,  0
Site 1 Skt 3:	 671,  0,  0,  0,  0,  0,  0,  0,  0,  0,  0,  0,  0,  0,  0
Site 1 Skt 4:	 668,  0,  0,  0,  0,  0,  0,  0,  0,  0,  0,  0,  0,  0,  0
Site 2 Skt 1:	 667,  0,  0,  0,  0,  1,  0,  0,  0,  0,  0,  0,  0,  0,  0
Site 2 Skt 2:	 663,  2,  0,  0,  0,  0,  0,  0,  0,  0,  0,  0,  0,  3,  0
Site 2 Skt 3:	 668,  0,  0,  0,  0,  0,  0,  0,  0,  0,  0,  0,  0,  0,  0
Site 2 Skt 4:	 668,  0,  0,  0,  0,  0,  0,  0,  0,  0,  0,  0,  0,  0,  0
Site 3 Skt 1:	   0,  0,  0,  0,  0,  0,  0,  0,  0,  0,  0,  0,  0,  0,  0
Site 3 Skt 2:	   0,  0,  0,  0,  0,  0,  0,  0,  0,  0,  0,  0,  0,  0,  0
Site 3 Skt 3:	   0,  0,  0,  0,  0,  0,  0,  0,  0,  0,  0,  0,  0,  0,  0
Site 3 Skt 4:	   0,  0,  0,  0,  0,  0,  0,  0,  0,  0,  0,  0,  0,  0,  0
Site 4 Skt 1:	   0,  0,  0,  0,  0,  0,  0,  0,  0,  0,  0,  0,  0,  0,  0
Site 4 Skt 2:	   0,  0,  0,  0,  0,  0,  0,  0,  0,  0,  0,  0,  0,  0,  0
Site 4 Skt 3:	   0,  0,  0,  0,  0,  0,  0,  0,  0,  0,  0,  0,  0,  0,  0
Site 4 Skt 4:	   0,  0,  0,  0,  0,  0,  0,  0,  0,  0,  0,  0,  0,  0,  0

--------------------------------------------------------------------------------
