
			TLWin Session Data Log - TaskLink Version 8.20

Date Logged:		08-17-2015 12:50:47 PM
Task Name:		TITANII_A03_WB
User ID:		Administrator Mode
System:			PP/PS Series FlashCORE
Machine ID:		602700001

Device:			WINBOND_ELECTRONICS W25Q64FV-SS-Q SO8
Data Source:		c:\pcebg_projects\titanii\5480a03.bin
Sumcheck:		5E2E58B1
Process:		Continuity/Blank Check/ID Check/Erase/Program/Verify/Mark/Vision
Process Status:		Job Begin Status: Continue, Job End Status: Stopped
TLWin Session ID:	< none >

Job Start Time:		08-17-2015 11:35:53 AM
Job End Time:		08-17-2015 12:50:47 PM
Devices Total:		689
Devices Passed:		678
Devices Failed:		11
Overall Device Yield:	98.40%

Task Description:	W25Q64FVSS

Nominal Throughput:	806 dph
Job Throughput:		438 dph
Devices Picked Input:	734
Devices Failed Vision:	37
Devices Failed REST:	0
Devices Missing/In Use:	45

Job Elapsed Time:	1 Hours 0 Minutes 14 Seconds
Job Setup Time:		0 Hours 0 Minutes 3 Seconds
Job Processing Time:	0 Hours 0 Minutes 48 Seconds
Job Assistance Time:	0 Hours 0 Minutes 22 Seconds
Job Shutdown Time:	0 Hours 0 Minutes 0 Seconds

Algorithm:		3605410C.ELF
Algorithm Status:	Released
Algorithm Author:	Data I/O
Alg COM Dll:		< not used >
Alg COM Dll Version:	< not used >

TaskLink Version:	8.20
AH500 Version:		6.5.0
Firmware Version:	05.53.00.C
Serialization Program:	< not used >
Serialization Prog Ver:	< not used >

Input Media:		Tape
Output Media:		Tape
Reject 1:		Tray 1
Reject 2:		n/a

Starting Serial Number:	N.A.
Ending Serial Number:	N.A.
Unused Serial Numbers:	N.A.


Category:	PASS, CF, NB, IB, PF,VF1,VF2,FT1,FT2,SFF,SFB, DO, EF,EID, OE
TotalStats:	 679, 40,  0,  0,  0,  0,  0,  0,  0,  0,  0,  0,  0,  5,  0
Site 1 Skt 1:	   0,  0,  0,  0,  0,  0,  0,  0,  0,  0,  0,  0,  0,  0,  0
Site 1 Skt 2:	   0,  0,  0,  0,  0,  0,  0,  0,  0,  0,  0,  0,  0,  0,  0
Site 1 Skt 3:	   0,  0,  0,  0,  0,  0,  0,  0,  0,  0,  0,  0,  0,  0,  0
Site 1 Skt 4:	   0,  0,  0,  0,  0,  0,  0,  0,  0,  0,  0,  0,  0,  0,  0
Site 2 Skt 1:	  19,  3,  0,  0,  0,  0,  0,  0,  0,  0,  0,  0,  0,  0,  0
Site 2 Skt 2:	  17,  1,  0,  0,  0,  0,  0,  0,  0,  0,  0,  0,  0,  0,  0
Site 2 Skt 3:	  16,  4,  0,  0,  0,  0,  0,  0,  0,  0,  0,  0,  0,  0,  0
Site 2 Skt 4:	  11,  6,  0,  0,  0,  0,  0,  0,  0,  0,  0,  0,  0,  0,  0
Site 3 Skt 1:	  63,  2,  0,  0,  0,  0,  0,  0,  0,  0,  0,  0,  0,  1,  0
Site 3 Skt 2:	  65,  0,  0,  0,  0,  0,  0,  0,  0,  0,  0,  0,  0,  0,  0
Site 3 Skt 3:	  62,  3,  0,  0,  0,  0,  0,  0,  0,  0,  0,  0,  0,  0,  0
Site 3 Skt 4:	  62,  3,  0,  0,  0,  0,  0,  0,  0,  0,  0,  0,  0,  0,  0
Site 4 Skt 1:	  99,  7,  0,  0,  0,  0,  0,  0,  0,  0,  0,  0,  0,  1,  0
Site 4 Skt 2:	  91,  6,  0,  0,  0,  0,  0,  0,  0,  0,  0,  0,  0,  0,  0
Site 4 Skt 3:	  88,  3,  0,  0,  0,  0,  0,  0,  0,  0,  0,  0,  0,  2,  0
Site 4 Skt 4:	  86,  2,  0,  0,  0,  0,  0,  0,  0,  0,  0,  0,  0,  1,  0

--------------------------------------------------------------------------------
