
			TLWin Session Data Log - TaskLink Version 7.90

Date Logged:		07-21-2015 11:22:30 AM
Task Name:		TULIP_SPI25_A02_WB
User ID:		Operator Mode
System:			PP/PS Series FlashCORE
Machine ID:		602700001

Device:			WINBOND_ELECTRONICS W25Q64FV-SS-Q SO8
Data Source:		c:\pcebg_projects\tulip\a02\aal10a02.bin
Sumcheck:		55781C53
Process:		Continuity/Blank Check/ID Check/Erase/Program/Verify/Mark/Vision
Process Status:		Job Begin Status: Continue, Job End Status: Completed
TLWin Session ID:	< none >

Job Start Time:		07-21-2015 07:50:26 AM
Job End Time:		07-21-2015 11:22:30 AM
Devices Total:		10052
Devices Passed:		10000
Devices Failed:		52
Overall Device Yield:	99.48%

Task Description:	W25Q64FVSS

Nominal Throughput:	676 dph
Job Throughput:		579 dph
Devices Picked Input:	10061
Devices Failed Vision:	0
Devices Failed REST:	0
Devices Missing/In Use:	9

Job Elapsed Time:	3 Hours 0 Minutes 32 Seconds
Job Setup Time:		0 Hours 0 Minutes 4 Seconds
Job Processing Time:	2 Hours 0 Minutes 58 Seconds
Job Assistance Time:	0 Hours 0 Minutes 28 Seconds
Job Shutdown Time:	0 Hours 0 Minutes 0 Seconds

Algorithm:		3605410C.ELF
Algorithm Status:	Beta
Algorithm Author:	Data I/O
Alg COM Dll:		< not used >
Alg COM Dll Version:	< not used >

TaskLink Version:	7.90
AH500 Version:		6.5.0
Firmware Version:	05.52.84.C
Serialization Program:	< not used >
Serialization Prog Ver:	< not used >

Input Media:		Tape
Output Media:		Tape
Reject 1:		Tray 1
Reject 2:		n/a

Starting Serial Number:	N.A.
Ending Serial Number:	N.A.
Unused Serial Numbers:	N.A.


Category:	 PASS, CF, NB, IB, PF,VF1,VF2,FT1,FT2,SFF,SFB, DO, EF,EID, OE
TotalStats:	10001,  1,  0,  0,  1,  9,  0,  0,  0,  0,  0,  0,  0, 42,  0
Site 1 Skt 1:	    0,  0,  0,  0,  0,  0,  0,  0,  0,  0,  0,  0,  0,  0,  0
Site 1 Skt 2:	    0,  0,  0,  0,  0,  0,  0,  0,  0,  0,  0,  0,  0,  0,  0
Site 1 Skt 3:	    0,  0,  0,  0,  0,  0,  0,  0,  0,  0,  0,  0,  0,  0,  0
Site 1 Skt 4:	    0,  0,  0,  0,  0,  0,  0,  0,  0,  0,  0,  0,  0,  0,  0
Site 2 Skt 1:	    0,  0,  0,  0,  0,  0,  0,  0,  0,  0,  0,  0,  0,  0,  0
Site 2 Skt 2:	    0,  0,  0,  0,  0,  0,  0,  0,  0,  0,  0,  0,  0,  0,  0
Site 2 Skt 3:	    0,  0,  0,  0,  0,  0,  0,  0,  0,  0,  0,  0,  0,  0,  0
Site 2 Skt 4:	    0,  0,  0,  0,  0,  0,  0,  0,  0,  0,  0,  0,  0,  0,  0
Site 3 Skt 1:	 1267,  0,  0,  0,  0,  0,  0,  0,  0,  0,  0,  0,  0,  1,  0
Site 3 Skt 2:	 1263,  0,  0,  0,  0,  1,  0,  0,  0,  0,  0,  0,  0,  2,  0
Site 3 Skt 3:	 1264,  0,  0,  0,  0,  0,  0,  0,  0,  0,  0,  0,  0,  0,  0
Site 3 Skt 4:	 1263,  1,  0,  0,  0,  0,  0,  0,  0,  0,  0,  0,  0,  0,  0
Site 4 Skt 1:	 1264,  0,  0,  0,  1,  1,  0,  0,  0,  0,  0,  0,  0,  1,  0
Site 4 Skt 2:	 1265,  0,  0,  0,  0,  0,  0,  0,  0,  0,  0,  0,  0,  0,  0
Site 4 Skt 3:	 1153,  0,  0,  0,  0,  6,  0,  0,  0,  0,  0,  0,  0, 38,  0
Site 4 Skt 4:	 1262,  0,  0,  0,  0,  1,  0,  0,  0,  0,  0,  0,  0,  0,  0

--------------------------------------------------------------------------------
