
			TLWin Session Data Log - TaskLink Version 7.90

Date Logged:		06-26-2015 07:54:27 AM
Task Name:		TULIP_SPI25_A02_WB
User ID:		Operator Mode
System:			PP/PS Series FlashCORE
Machine ID:		602700001

Device:			WINBOND_ELECTRONICS W25Q64FV-SS-Q SO8
Data Source:		c:\pcebg_projects\tulip\a02\aal10a02.bin
Sumcheck:		55781C53
Process:		Continuity/Blank Check/ID Check/Erase/Program/Verify/Mark/Vision
Process Status:		Job Begin Status: Continue, Job End Status: Completed
TLWin Session ID:	< none >

Job Start Time:		06-25-2015 02:49:29 PM
Job End Time:		06-26-2015 07:54:27 AM
Devices Total:		6536
Devices Passed:		6510
Devices Failed:		26
Overall Device Yield:	99.60%

Task Description:	W25Q64FVSS

Nominal Throughput:	0 dph
Job Throughput:		0 dph
Devices Picked Input:	6558
Devices Failed Vision:	7
Devices Failed REST:	0
Devices Missing/In Use:	22

Job Elapsed Time:	17 Hours 0 Minutes 4 Seconds
Job Setup Time:		17 Hours 0 Minutes 4 Seconds
Job Processing Time:	0 Hours 0 Minutes 0 Seconds
Job Assistance Time:	0 Hours 0 Minutes 0 Seconds
Job Shutdown Time:	0 Hours 0 Minutes 0 Seconds

Algorithm:		3605410C.ELF
Algorithm Status:	Beta
Algorithm Author:	Data I/O
Alg COM Dll:		< not used >
Alg COM Dll Version:	< not used >

TaskLink Version:	7.90
AH500 Version:		6.5.0
Firmware Version:	05.52.84.C
Serialization Program:	< not used >
Serialization Prog Ver:	< not used >

Input Media:		Tape
Output Media:		Tape
Reject 1:		Tray 1
Reject 2:		n/a

Starting Serial Number:	N.A.
Ending Serial Number:	N.A.
Unused Serial Numbers:	N.A.


Category:	PASS, CF, NB, IB, PF,VF1,VF2,FT1,FT2,SFF,SFB, DO, EF,EID, OE
TotalStats:	6511,  3,  0,  0,  1,  8,  0,  0,  0,  0,  0,  0,  0, 16,  0
Site 1 Skt 1:	   0,  0,  0,  0,  0,  0,  0,  0,  0,  0,  0,  0,  0,  0,  0
Site 1 Skt 2:	   0,  0,  0,  0,  0,  0,  0,  0,  0,  0,  0,  0,  0,  0,  0
Site 1 Skt 3:	   0,  0,  0,  0,  0,  0,  0,  0,  0,  0,  0,  0,  0,  0,  0
Site 1 Skt 4:	   0,  0,  0,  0,  0,  0,  0,  0,  0,  0,  0,  0,  0,  0,  0
Site 2 Skt 1:	   0,  0,  0,  0,  0,  0,  0,  0,  0,  0,  0,  0,  0,  0,  0
Site 2 Skt 2:	   0,  0,  0,  0,  0,  0,  0,  0,  0,  0,  0,  0,  0,  0,  0
Site 2 Skt 3:	   0,  0,  0,  0,  0,  0,  0,  0,  0,  0,  0,  0,  0,  0,  0
Site 2 Skt 4:	   0,  0,  0,  0,  0,  0,  0,  0,  0,  0,  0,  0,  0,  0,  0
Site 3 Skt 1:	 816,  1,  0,  0,  0,  2,  0,  0,  0,  0,  0,  0,  0,  1,  0
Site 3 Skt 2:	 815,  0,  0,  0,  0,  2,  0,  0,  0,  0,  0,  0,  0,  0,  0
Site 3 Skt 3:	 813,  1,  0,  0,  1,  0,  0,  0,  0,  0,  0,  0,  0,  1,  0
Site 3 Skt 4:	 815,  0,  0,  0,  0,  0,  0,  0,  0,  0,  0,  0,  0,  0,  0
Site 4 Skt 1:	 820,  0,  0,  0,  0,  0,  0,  0,  0,  0,  0,  0,  0,  2,  0
Site 4 Skt 2:	 816,  0,  0,  0,  0,  1,  0,  0,  0,  0,  0,  0,  0,  2,  0
Site 4 Skt 3:	 805,  1,  0,  0,  0,  3,  0,  0,  0,  0,  0,  0,  0,  8,  0
Site 4 Skt 4:	 811,  0,  0,  0,  0,  0,  0,  0,  0,  0,  0,  0,  0,  2,  0

--------------------------------------------------------------------------------
