
			TLWin Session Data Log - TaskLink Version 7.90

Date Logged:		11-26-2014 10:49:51 PM
Task Name:		AMAZON_9_A08_SPI3
User ID:		Operator Mode
System:			PP/PS Series FlashCORE
Machine ID:		602700001

Device:			MACRONIX MX25L6473EM2 SO8
Data Source:		c:\pcebg_projects\amazon9\o9020a08(8mb).bin
Sumcheck:		5E1DF76C
Process:		Continuity/Blank Check/ID Check/Erase/Program/Verify/Auto Secure/Mark/Vision
Process Status:		Job Begin Status: New Job, Job End Status: Stopped
TLWin Session ID:	< none >

Job Start Time:		11-25-2014 04:14:00 PM
Job End Time:		11-26-2014 10:49:51 PM
Devices Total:		13683
Devices Passed:		13676
Devices Failed:		7
Overall Device Yield:	99.95%

Task Description:	MX25L6473EM

Nominal Throughput:	637 dph
Job Throughput:		447 dph
Devices Picked Input:	13701
Devices Failed Vision:	0
Devices Failed REST:	0
Devices Missing/In Use:	18

Job Elapsed Time:	30 Hours 0 Minutes 35 Seconds
Job Setup Time:		0 Hours 0 Minutes 2 Seconds
Job Processing Time:	21 Hours 0 Minutes 28 Seconds
Job Assistance Time:	9 Hours 0 Minutes 4 Seconds
Job Shutdown Time:	0 Hours 0 Minutes 0 Seconds

Algorithm:		4047810C.ELF
Algorithm Status:	Released
Algorithm Author:	Data I/O
Alg COM Dll:		< not used >
Alg COM Dll Version:	< not used >

TaskLink Version:	7.90
AH500 Version:		6.5.0
Firmware Version:	05.52.00.C
Serialization Program:	< not used >
Serialization Prog Ver:	< not used >

Input Media:		Tape
Output Media:		Tape
Reject 1:		Tray 1
Reject 2:		n/a

Starting Serial Number:	N.A.
Ending Serial Number:	N.A.
Unused Serial Numbers:	N.A.


Category:	 PASS, CF, NB, IB, PF,VF1,VF2,FT1,FT2,SFF,SFB, DO, EF,EID, OE
TotalStats:	13677,  6,  0,  0,  0,  2,  0,  0,  0,  0,  0,  0,  1,  4,  0
Site 1 Skt 1:	    0,  0,  0,  0,  0,  0,  0,  0,  0,  0,  0,  0,  0,  0,  0
Site 1 Skt 2:	    0,  0,  0,  0,  0,  0,  0,  0,  0,  0,  0,  0,  0,  0,  0
Site 1 Skt 3:	    0,  0,  0,  0,  0,  0,  0,  0,  0,  0,  0,  0,  0,  0,  0
Site 1 Skt 4:	    0,  0,  0,  0,  0,  0,  0,  0,  0,  0,  0,  0,  0,  0,  0
Site 2 Skt 1:	    0,  0,  0,  0,  0,  0,  0,  0,  0,  0,  0,  0,  0,  0,  0
Site 2 Skt 2:	    0,  0,  0,  0,  0,  0,  0,  0,  0,  0,  0,  0,  0,  0,  0
Site 2 Skt 3:	    0,  0,  0,  0,  0,  0,  0,  0,  0,  0,  0,  0,  0,  0,  0
Site 2 Skt 4:	    0,  0,  0,  0,  0,  0,  0,  0,  0,  0,  0,  0,  0,  0,  0
Site 3 Skt 1:	 1953,  0,  0,  0,  0,  0,  0,  0,  0,  0,  0,  0,  0,  0,  0
Site 3 Skt 2:	 1946,  0,  0,  0,  0,  1,  0,  0,  0,  0,  0,  0,  0,  3,  0
Site 3 Skt 3:	    0,  6,  0,  0,  0,  0,  0,  0,  0,  0,  0,  0,  0,  0,  0
Site 3 Skt 4:	 1948,  0,  0,  0,  0,  0,  0,  0,  0,  0,  0,  0,  0,  0,  0
Site 4 Skt 1:	 1962,  0,  0,  0,  0,  1,  0,  0,  0,  0,  0,  0,  0,  0,  0
Site 4 Skt 2:	 1959,  0,  0,  0,  0,  0,  0,  0,  0,  0,  0,  0,  1,  0,  0
Site 4 Skt 3:	 1955,  0,  0,  0,  0,  0,  0,  0,  0,  0,  0,  0,  0,  1,  0
Site 4 Skt 4:	 1954,  0,  0,  0,  0,  0,  0,  0,  0,  0,  0,  0,  0,  0,  0

--------------------------------------------------------------------------------
