
			TLWin Session Data Log - TaskLink Version 7.90

Date Logged:		01-20-2015 09:53:34 AM
Task Name:		AMAZON_7_A01_SPI1
User ID:		Operator Mode
System:			PP/PS Series FlashCORE
Machine ID:		602700001

Device:			MACRONIX MX25L3273EM2 SO8
Data Source:		c:\pcebg_projects\amazon7\o7020a01(4mb).bin
Sumcheck:		288C1D4B
Process:		Continuity/Blank Check/ID Check/Erase/Program/Verify/Auto Secure/Mark/Vision
Process Status:		Job Begin Status: New Job, Job End Status: Stopped
TLWin Session ID:	< none >

Job Start Time:		01-19-2015 02:48:07 PM
Job End Time:		01-20-2015 09:53:34 AM
Devices Total:		3801
Devices Passed:		3795
Devices Failed:		6
Overall Device Yield:	99.84%

Task Description:	MX25L3273EM

Nominal Throughput:	750 dph
Job Throughput:		199 dph
Devices Picked Input:	3805
Devices Failed Vision:	0
Devices Failed REST:	0
Devices Missing/In Use:	4

Job Elapsed Time:	19 Hours 0 Minutes 5 Seconds
Job Setup Time:		0 Hours 0 Minutes 3 Seconds
Job Processing Time:	5 Hours 0 Minutes 4 Seconds
Job Assistance Time:	13 Hours 0 Minutes 57 Seconds
Job Shutdown Time:	0 Hours 0 Minutes 0 Seconds

Algorithm:		4046010C.ELF
Algorithm Status:	Released
Algorithm Author:	Data I/O
Alg COM Dll:		< not used >
Alg COM Dll Version:	< not used >

TaskLink Version:	7.90
AH500 Version:		6.5.0
Firmware Version:	05.52.00.C
Serialization Program:	< not used >
Serialization Prog Ver:	< not used >

Input Media:		Tape
Output Media:		Tape
Reject 1:		Tray 1
Reject 2:		n/a

Starting Serial Number:	N.A.
Ending Serial Number:	N.A.
Unused Serial Numbers:	N.A.


Category:	PASS, CF, NB, IB, PF,VF1,VF2,FT1,FT2,SFF,SFB, DO, EF,EID, OE
TotalStats:	3795,  0,  0,  0,  3,  1,  0,  0,  0,  0,  0,  0,  0,  2,  0
Site 1 Skt 1:	   0,  0,  0,  0,  0,  0,  0,  0,  0,  0,  0,  0,  0,  0,  0
Site 1 Skt 2:	   0,  0,  0,  0,  0,  0,  0,  0,  0,  0,  0,  0,  0,  0,  0
Site 1 Skt 3:	   0,  0,  0,  0,  0,  0,  0,  0,  0,  0,  0,  0,  0,  0,  0
Site 1 Skt 4:	   0,  0,  0,  0,  0,  0,  0,  0,  0,  0,  0,  0,  0,  0,  0
Site 2 Skt 1:	   0,  0,  0,  0,  0,  0,  0,  0,  0,  0,  0,  0,  0,  0,  0
Site 2 Skt 2:	   0,  0,  0,  0,  0,  0,  0,  0,  0,  0,  0,  0,  0,  0,  0
Site 2 Skt 3:	   0,  0,  0,  0,  0,  0,  0,  0,  0,  0,  0,  0,  0,  0,  0
Site 2 Skt 4:	   0,  0,  0,  0,  0,  0,  0,  0,  0,  0,  0,  0,  0,  0,  0
Site 3 Skt 1:	 475,  0,  0,  0,  0,  0,  0,  0,  0,  0,  0,  0,  0,  0,  0
Site 3 Skt 2:	 474,  0,  0,  0,  0,  0,  0,  0,  0,  0,  0,  0,  0,  0,  0
Site 3 Skt 3:	 473,  0,  0,  0,  0,  0,  0,  0,  0,  0,  0,  0,  0,  1,  0
Site 3 Skt 4:	 471,  0,  0,  0,  2,  0,  0,  0,  0,  0,  0,  0,  0,  1,  0
Site 4 Skt 1:	 477,  0,  0,  0,  0,  0,  0,  0,  0,  0,  0,  0,  0,  0,  0
Site 4 Skt 2:	 474,  0,  0,  0,  1,  1,  0,  0,  0,  0,  0,  0,  0,  0,  0
Site 4 Skt 3:	 476,  0,  0,  0,  0,  0,  0,  0,  0,  0,  0,  0,  0,  0,  0
Site 4 Skt 4:	 475,  0,  0,  0,  0,  0,  0,  0,  0,  0,  0,  0,  0,  0,  0

--------------------------------------------------------------------------------
