
			TLWin Session Data Log - TaskLink Version 7.90

Date Logged:		11-08-2014 03:11:22 PM
Task Name:		AMAZON_9_A08_SPI3
User ID:		Operator Mode
System:			PP/PS Series FlashCORE
Machine ID:		602700001

Device:			MACRONIX MX25L6473EM2 SO8
Data Source:		c:\pcebg_projects\amazon9\o9020a08(8mb).bin
Sumcheck:		5E1DF76C
Process:		Continuity/Blank Check/ID Check/Erase/Program/Verify/Auto Secure/Mark/Vision
Process Status:		Job Begin Status: New Job, Job End Status: Stopped
TLWin Session ID:	< none >

Job Start Time:		11-08-2014 06:01:06 AM
Job End Time:		11-08-2014 03:11:22 PM
Devices Total:		4023
Devices Passed:		4007
Devices Failed:		16
Overall Device Yield:	99.60%

Task Description:	MX25L6473EM

Nominal Throughput:	710 dph
Job Throughput:		441 dph
Devices Picked Input:	4029
Devices Failed Vision:	1
Devices Failed REST:	0
Devices Missing/In Use:	6

Job Elapsed Time:	9 Hours 0 Minutes 10 Seconds
Job Setup Time:		0 Hours 0 Minutes 4 Seconds
Job Processing Time:	5 Hours 0 Minutes 39 Seconds
Job Assistance Time:	3 Hours 0 Minutes 26 Seconds
Job Shutdown Time:	0 Hours 0 Minutes 0 Seconds

Algorithm:		4047810C.ELF
Algorithm Status:	Released
Algorithm Author:	Data I/O
Alg COM Dll:		< not used >
Alg COM Dll Version:	< not used >

TaskLink Version:	7.90
AH500 Version:		6.5.0
Firmware Version:	05.52.00.C
Serialization Program:	< not used >
Serialization Prog Ver:	< not used >

Input Media:		Tape
Output Media:		Tape
Reject 1:		Tray 1
Reject 2:		n/a

Starting Serial Number:	N.A.
Ending Serial Number:	N.A.
Unused Serial Numbers:	N.A.


Category:	PASS, CF, NB, IB, PF,VF1,VF2,FT1,FT2,SFF,SFB, DO, EF,EID, OE
TotalStats:	4007,  2,  3,  0,  1,  2,  0,  0,  0,  0,  0,  0,  1,  9,  0
Site 1 Skt 1:	   0,  0,  0,  0,  0,  0,  0,  0,  0,  0,  0,  0,  0,  0,  0
Site 1 Skt 2:	   0,  0,  0,  0,  0,  0,  0,  0,  0,  0,  0,  0,  0,  0,  0
Site 1 Skt 3:	   0,  0,  0,  0,  0,  0,  0,  0,  0,  0,  0,  0,  0,  0,  0
Site 1 Skt 4:	   0,  0,  0,  0,  0,  0,  0,  0,  0,  0,  0,  0,  0,  0,  0
Site 2 Skt 1:	   0,  0,  0,  0,  0,  0,  0,  0,  0,  0,  0,  0,  0,  0,  0
Site 2 Skt 2:	   0,  0,  0,  0,  0,  0,  0,  0,  0,  0,  0,  0,  0,  0,  0
Site 2 Skt 3:	   0,  0,  0,  0,  0,  0,  0,  0,  0,  0,  0,  0,  0,  0,  0
Site 2 Skt 4:	   0,  0,  0,  0,  0,  0,  0,  0,  0,  0,  0,  0,  0,  0,  0
Site 3 Skt 1:	 503,  0,  0,  0,  0,  0,  0,  0,  0,  0,  0,  0,  0,  0,  0
Site 3 Skt 2:	 498,  0,  1,  0,  0,  2,  0,  0,  0,  0,  0,  0,  0,  1,  0
Site 3 Skt 3:	 500,  0,  1,  0,  0,  0,  0,  0,  0,  0,  0,  0,  0,  0,  0
Site 3 Skt 4:	 500,  0,  1,  0,  0,  0,  0,  0,  0,  0,  0,  0,  0,  0,  0
Site 4 Skt 1:	 505,  0,  0,  0,  0,  0,  0,  0,  0,  0,  0,  0,  0,  1,  0
Site 4 Skt 2:	 501,  1,  0,  0,  0,  0,  0,  0,  0,  0,  0,  0,  1,  1,  0
Site 4 Skt 3:	 496,  1,  0,  0,  1,  0,  0,  0,  0,  0,  0,  0,  0,  6,  0
Site 4 Skt 4:	 504,  0,  0,  0,  0,  0,  0,  0,  0,  0,  0,  0,  0,  0,  0

--------------------------------------------------------------------------------
