
			TLWin Session Data Log - TaskLink Version 7.90

Date Logged:		10-16-2014 12:31:09 PM
Task Name:		AMAZON_9_A07_SPI1
User ID:		Operator Mode
System:			PP/PS Series FlashCORE
Machine ID:		602700001

Device:			MACRONIX MX25L3273EM2 SO8
Data Source:		c:\pcebg_projects\amazon9\o9020a07(4mb).bin
Sumcheck:		28CAAC3C
Process:		Continuity/Blank Check/ID Check/Erase/Program/Verify/Auto Secure/Mark/Vision
Process Status:		Job Begin Status: New Job, Job End Status: Stopped
TLWin Session ID:	< none >

Job Start Time:		10-16-2014 07:04:22 AM
Job End Time:		10-16-2014 12:31:09 PM
Devices Total:		3859
Devices Passed:		3854
Devices Failed:		5
Overall Device Yield:	99.87%

Task Description:	MX25L3273EM

Nominal Throughput:	746 dph
Job Throughput:		715 dph
Devices Picked Input:	3861
Devices Failed Vision:	0
Devices Failed REST:	0
Devices Missing/In Use:	2

Job Elapsed Time:	5 Hours 0 Minutes 26 Seconds
Job Setup Time:		0 Hours 0 Minutes 3 Seconds
Job Processing Time:	5 Hours 0 Minutes 10 Seconds
Job Assistance Time:	0 Hours 0 Minutes 13 Seconds
Job Shutdown Time:	0 Hours 0 Minutes 0 Seconds

Algorithm:		4046010C.ELF
Algorithm Status:	Released
Algorithm Author:	Data I/O
Alg COM Dll:		< not used >
Alg COM Dll Version:	< not used >

TaskLink Version:	7.90
AH500 Version:		6.5.0
Firmware Version:	05.52.00.C
Serialization Program:	< not used >
Serialization Prog Ver:	< not used >

Input Media:		Tape
Output Media:		Tape
Reject 1:		Tray 1
Reject 2:		n/a

Starting Serial Number:	N.A.
Ending Serial Number:	N.A.
Unused Serial Numbers:	N.A.


Category:	PASS, CF, NB, IB, PF,VF1,VF2,FT1,FT2,SFF,SFB, DO, EF,EID, OE
TotalStats:	3854,  0,  0,  0,  0,  1,  0,  0,  0,  0,  0,  0,  1,  3,  0
Site 1 Skt 1:	   0,  0,  0,  0,  0,  0,  0,  0,  0,  0,  0,  0,  0,  0,  0
Site 1 Skt 2:	   0,  0,  0,  0,  0,  0,  0,  0,  0,  0,  0,  0,  0,  0,  0
Site 1 Skt 3:	   0,  0,  0,  0,  0,  0,  0,  0,  0,  0,  0,  0,  0,  0,  0
Site 1 Skt 4:	   0,  0,  0,  0,  0,  0,  0,  0,  0,  0,  0,  0,  0,  0,  0
Site 2 Skt 1:	   0,  0,  0,  0,  0,  0,  0,  0,  0,  0,  0,  0,  0,  0,  0
Site 2 Skt 2:	   0,  0,  0,  0,  0,  0,  0,  0,  0,  0,  0,  0,  0,  0,  0
Site 2 Skt 3:	   0,  0,  0,  0,  0,  0,  0,  0,  0,  0,  0,  0,  0,  0,  0
Site 2 Skt 4:	   0,  0,  0,  0,  0,  0,  0,  0,  0,  0,  0,  0,  0,  0,  0
Site 3 Skt 1:	 480,  0,  0,  0,  0,  0,  0,  0,  0,  0,  0,  0,  0,  1,  0
Site 3 Skt 2:	 478,  0,  0,  0,  0,  1,  0,  0,  0,  0,  0,  0,  0,  1,  0
Site 3 Skt 3:	 480,  0,  0,  0,  0,  0,  0,  0,  0,  0,  0,  0,  0,  0,  0
Site 3 Skt 4:	 479,  0,  0,  0,  0,  0,  0,  0,  0,  0,  0,  0,  0,  1,  0
Site 4 Skt 1:	 485,  0,  0,  0,  0,  0,  0,  0,  0,  0,  0,  0,  1,  0,  0
Site 4 Skt 2:	 485,  0,  0,  0,  0,  0,  0,  0,  0,  0,  0,  0,  0,  0,  0
Site 4 Skt 3:	 484,  0,  0,  0,  0,  0,  0,  0,  0,  0,  0,  0,  0,  0,  0
Site 4 Skt 4:	 483,  0,  0,  0,  0,  0,  0,  0,  0,  0,  0,  0,  0,  0,  0

--------------------------------------------------------------------------------
