
			TLWin Session Data Log - TaskLink Version 7.90

Date Logged:		11-21-2014 06:25:55 PM
Task Name:		AMAZON_9_A08_SPI1
User ID:		Operator Mode
System:			PP/PS Series FlashCORE
Machine ID:		602700001

Device:			MACRONIX MX25L3273EM2 SO8
Data Source:		c:\pcebg_projects\amazon9\o9020a08(4mb).bin
Sumcheck:		288B9152
Process:		Continuity/Blank Check/ID Check/Erase/Program/Verify/Auto Secure/Mark/Vision
Process Status:		Job Begin Status: New Job, Job End Status: Completed
TLWin Session ID:	< none >

Job Start Time:		11-20-2014 06:01:41 PM
Job End Time:		11-21-2014 06:25:55 PM
Devices Total:		8184
Devices Passed:		8153
Devices Failed:		31
Overall Device Yield:	99.62%

Task Description:	MX25L3273EM

Nominal Throughput:	739 dph
Job Throughput:		337 dph
Devices Picked Input:	8211
Devices Failed Vision:	0
Devices Failed REST:	0
Devices Missing/In Use:	27

Job Elapsed Time:	24 Hours 0 Minutes 24 Seconds
Job Setup Time:		0 Hours 0 Minutes 10 Seconds
Job Processing Time:	11 Hours 0 Minutes 2 Seconds
Job Assistance Time:	13 Hours 0 Minutes 10 Seconds
Job Shutdown Time:	0 Hours 0 Minutes 0 Seconds

Algorithm:		4046010C.ELF
Algorithm Status:	Released
Algorithm Author:	Data I/O
Alg COM Dll:		< not used >
Alg COM Dll Version:	< not used >

TaskLink Version:	7.90
AH500 Version:		6.5.0
Firmware Version:	05.52.00.C
Serialization Program:	< not used >
Serialization Prog Ver:	< not used >

Input Media:		Tape
Output Media:		Tape
Reject 1:		Tray 1
Reject 2:		n/a

Starting Serial Number:	N.A.
Ending Serial Number:	N.A.
Unused Serial Numbers:	N.A.


Category:	PASS, CF, NB, IB, PF,VF1,VF2,FT1,FT2,SFF,SFB, DO, EF,EID, OE
TotalStats:	8161, 18,  0,  0,  4,  0,  0,  0,  0,  0,  0,  0,  0, 27,  0
Site 1 Skt 1:	   0,  0,  0,  0,  0,  0,  0,  0,  0,  0,  0,  0,  0,  0,  0
Site 1 Skt 2:	   0,  0,  0,  0,  0,  0,  0,  0,  0,  0,  0,  0,  0,  0,  0
Site 1 Skt 3:	   0,  0,  0,  0,  0,  0,  0,  0,  0,  0,  0,  0,  0,  0,  0
Site 1 Skt 4:	   0,  0,  0,  0,  0,  0,  0,  0,  0,  0,  0,  0,  0,  0,  0
Site 2 Skt 1:	   0,  0,  0,  0,  0,  0,  0,  0,  0,  0,  0,  0,  0,  0,  0
Site 2 Skt 2:	   0,  0,  0,  0,  0,  0,  0,  0,  0,  0,  0,  0,  0,  0,  0
Site 2 Skt 3:	   0,  0,  0,  0,  0,  0,  0,  0,  0,  0,  0,  0,  0,  0,  0
Site 2 Skt 4:	   0,  0,  0,  0,  0,  0,  0,  0,  0,  0,  0,  0,  0,  0,  0
Site 3 Skt 1:	1105,  0,  0,  0,  1,  0,  0,  0,  0,  0,  0,  0,  0,  0,  0
Site 3 Skt 2:	1105,  0,  0,  0,  1,  0,  0,  0,  0,  0,  0,  0,  0,  0,  0
Site 3 Skt 3:	1103,  0,  0,  0,  1,  0,  0,  0,  0,  0,  0,  0,  0,  0,  0
Site 3 Skt 4:	1100,  0,  0,  0,  1,  0,  0,  0,  0,  0,  0,  0,  0,  0,  0
Site 4 Skt 1:	1108,  0,  0,  0,  0,  0,  0,  0,  0,  0,  0,  0,  0,  6,  0
Site 4 Skt 2:	1107,  0,  0,  0,  0,  0,  0,  0,  0,  0,  0,  0,  0,  3,  0
Site 4 Skt 3:	 427, 18,  0,  0,  0,  0,  0,  0,  0,  0,  0,  0,  0, 18,  0
Site 4 Skt 4:	1106,  0,  0,  0,  0,  0,  0,  0,  0,  0,  0,  0,  0,  0,  0

--------------------------------------------------------------------------------
