
			TLWin Session Data Log - TaskLink Version 7.90

Date Logged:		09-01-2014 12:04:08 PM
Task Name:		CEDAR_A02_MX
User ID:		Administrator Mode
System:			PP/PS Series FlashCORE
Machine ID:		602700001

Device:			MACRONIX MX25L6473EM2 SO8
Data Source:		c:\pcebg_projects\cedar\3442a02.bin
Sumcheck:		5488DC0B
Process:		Continuity/Blank Check/ID Check/Erase/Program/Verify/Auto Secure/Mark/Vision
Process Status:		Job Begin Status: New Job, Job End Status: Stopped
TLWin Session ID:	< none >

Job Start Time:		09-01-2014 08:35:29 AM
Job End Time:		09-01-2014 12:04:08 PM
Devices Total:		611
Devices Passed:		599
Devices Failed:		12
Overall Device Yield:	98.04%

Task Description:	MX25L6473E

Nominal Throughput:	183 dph
Job Throughput:		175 dph
Devices Picked Input:	631
Devices Failed Vision:	20
Devices Failed REST:	0
Devices Missing/In Use:	20

Job Elapsed Time:	3 Hours 0 Minutes 28 Seconds
Job Setup Time:		0 Hours 0 Minutes 3 Seconds
Job Processing Time:	3 Hours 0 Minutes 17 Seconds
Job Assistance Time:	0 Hours 0 Minutes 7 Seconds
Job Shutdown Time:	0 Hours 0 Minutes 0 Seconds

Algorithm:		4047810C.ELF
Algorithm Status:	Released
Algorithm Author:	Data I/O
Alg COM Dll:		< not used >
Alg COM Dll Version:	< not used >

TaskLink Version:	7.90
AH500 Version:		6.5.0
Firmware Version:	05.52.00.C
Serialization Program:	< not used >
Serialization Prog Ver:	< not used >

Input Media:		Tape
Output Media:		Tape
Reject 1:		Tray 1
Reject 2:		n/a

Starting Serial Number:	N.A.
Ending Serial Number:	N.A.
Unused Serial Numbers:	N.A.


Category:	PASS, CF, NB, IB, PF,VF1,VF2,FT1,FT2,SFF,SFB, DO, EF,EID, OE
TotalStats:	 599,  2,  0,  0,  8,  0,  0,  0,  0,  0,  0,  0,  1,  2,  0
Site 1 Skt 1:	   0,  0,  0,  0,  0,  0,  0,  0,  0,  0,  0,  0,  0,  0,  0
Site 1 Skt 2:	   0,  0,  0,  0,  0,  0,  0,  0,  0,  0,  0,  0,  0,  0,  0
Site 1 Skt 3:	   0,  0,  0,  0,  0,  0,  0,  0,  0,  0,  0,  0,  0,  0,  0
Site 1 Skt 4:	   0,  0,  0,  0,  0,  0,  0,  0,  0,  0,  0,  0,  0,  0,  0
Site 2 Skt 1:	   0,  0,  0,  0,  0,  0,  0,  0,  0,  0,  0,  0,  0,  0,  0
Site 2 Skt 2:	   0,  0,  0,  0,  0,  0,  0,  0,  0,  0,  0,  0,  0,  0,  0
Site 2 Skt 3:	   0,  0,  0,  0,  0,  0,  0,  0,  0,  0,  0,  0,  0,  0,  0
Site 2 Skt 4:	   0,  0,  0,  0,  0,  0,  0,  0,  0,  0,  0,  0,  0,  0,  0
Site 3 Skt 1:	 149,  1,  0,  0,  2,  0,  0,  0,  0,  0,  0,  0,  0,  1,  0
Site 3 Skt 2:	 148,  1,  0,  0,  2,  0,  0,  0,  0,  0,  0,  0,  1,  1,  0
Site 3 Skt 3:	 151,  0,  0,  0,  2,  0,  0,  0,  0,  0,  0,  0,  0,  0,  0
Site 3 Skt 4:	 151,  0,  0,  0,  2,  0,  0,  0,  0,  0,  0,  0,  0,  0,  0
Site 4 Skt 1:	   0,  0,  0,  0,  0,  0,  0,  0,  0,  0,  0,  0,  0,  0,  0
Site 4 Skt 2:	   0,  0,  0,  0,  0,  0,  0,  0,  0,  0,  0,  0,  0,  0,  0
Site 4 Skt 3:	   0,  0,  0,  0,  0,  0,  0,  0,  0,  0,  0,  0,  0,  0,  0
Site 4 Skt 4:	   0,  0,  0,  0,  0,  0,  0,  0,  0,  0,  0,  0,  0,  0,  0

--------------------------------------------------------------------------------
