
			TLWin Session Data Log - TaskLink Version 7.90

Date Logged:		08-28-2014 12:20:18 PM
Task Name:		CEDAR_A02_MX
User ID:		Administrator Mode
System:			PP/PS Series FlashCORE
Machine ID:		602700001

Device:			MACRONIX MX25L6473EM2 SO8
Data Source:		c:\pcebg_projects\cedar\3442a02.bin
Sumcheck:		5488DB8B
Process:		Continuity/Blank Check/ID Check/Erase/Program/Verify/Auto Secure/Mark/Vision
Process Status:		Job Begin Status: Continue, Job End Status: Stopped
TLWin Session ID:	< none >

Job Start Time:		08-28-2014 09:54:07 AM
Job End Time:		08-28-2014 12:20:18 PM
Devices Total:		1641
Devices Passed:		1468
Devices Failed:		173
Overall Device Yield:	89.46%

Task Description:	MX25L6473E

Nominal Throughput:	550 dph
Job Throughput:		443 dph
Devices Picked Input:	1649
Devices Failed Vision:	4
Devices Failed REST:	0
Devices Missing/In Use:	8

Job Elapsed Time:	2 Hours 0 Minutes 26 Seconds
Job Setup Time:		0 Hours 0 Minutes 2 Seconds
Job Processing Time:	1 Hours 0 Minutes 57 Seconds
Job Assistance Time:	0 Hours 0 Minutes 26 Seconds
Job Shutdown Time:	0 Hours 0 Minutes 0 Seconds

Algorithm:		4047810C.ELF
Algorithm Status:	Beta
Algorithm Author:	Data I/O
Alg COM Dll:		< not used >
Alg COM Dll Version:	< not used >

TaskLink Version:	7.90
AH500 Version:		6.5.0
Firmware Version:	05.52.00.C
Serialization Program:	< not used >
Serialization Prog Ver:	< not used >

Input Media:		Tape
Output Media:		Tape
Reject 1:		Tray 1
Reject 2:		n/a

Starting Serial Number:	N.A.
Ending Serial Number:	N.A.
Unused Serial Numbers:	N.A.


Category:	PASS, CF, NB, IB, PF,VF1,VF2,FT1,FT2,SFF,SFB, DO, EF,EID, OE
TotalStats:	1469,  1,  0,  0,  0,173,  0,  0,  0,  0,  0,  0,  0,  0,  0
Site 1 Skt 1:	   0,  0,  0,  0,  0,  0,  0,  0,  0,  0,  0,  0,  0,  0,  0
Site 1 Skt 2:	   0,  0,  0,  0,  0,  0,  0,  0,  0,  0,  0,  0,  0,  0,  0
Site 1 Skt 3:	   0,  0,  0,  0,  0,  0,  0,  0,  0,  0,  0,  0,  0,  0,  0
Site 1 Skt 4:	   0,  0,  0,  0,  0,  0,  0,  0,  0,  0,  0,  0,  0,  0,  0
Site 2 Skt 1:	   0,  0,  0,  0,  0,  0,  0,  0,  0,  0,  0,  0,  0,  0,  0
Site 2 Skt 2:	   0,  0,  0,  0,  0,  0,  0,  0,  0,  0,  0,  0,  0,  0,  0
Site 2 Skt 3:	   0,  0,  0,  0,  0,  0,  0,  0,  0,  0,  0,  0,  0,  0,  0
Site 2 Skt 4:	   0,  0,  0,  0,  0,  0,  0,  0,  0,  0,  0,  0,  0,  0,  0
Site 3 Skt 1:	 214,  0,  0,  0,  0,  0,  0,  0,  0,  0,  0,  0,  0,  0,  0
Site 3 Skt 2:	 214,  0,  0,  0,  0,  0,  0,  0,  0,  0,  0,  0,  0,  0,  0
Site 3 Skt 3:	 213,  0,  0,  0,  0,  0,  0,  0,  0,  0,  0,  0,  0,  0,  0
Site 3 Skt 4:	 211,  1,  0,  0,  0,  0,  0,  0,  0,  0,  0,  0,  0,  0,  0
Site 4 Skt 1:	 155,  0,  0,  0,  0, 44,  0,  0,  0,  0,  0,  0,  0,  0,  0
Site 4 Skt 2:	 154,  0,  0,  0,  0, 43,  0,  0,  0,  0,  0,  0,  0,  0,  0
Site 4 Skt 3:	 154,  0,  0,  0,  0, 43,  0,  0,  0,  0,  0,  0,  0,  0,  0
Site 4 Skt 4:	 154,  0,  0,  0,  0, 43,  0,  0,  0,  0,  0,  0,  0,  0,  0

--------------------------------------------------------------------------------
