
			TLWin Session Data Log - TaskLink Version 7.90

Date Logged:		12-02-2014 09:27:54 AM
Task Name:		CEDAR_A04_MX
User ID:		Operator Mode
System:			PP/PS Series FlashCORE
Machine ID:		602700001

Device:			MACRONIX MX25L6473EM2 SO8
Data Source:		c:\pcebg_projects\cedar\a04\3442a04.bin
Sumcheck:		54D35200
Process:		Continuity/Blank Check/ID Check/Erase/Program/Verify/Auto Secure/Mark/Vision
Process Status:		Job Begin Status: New Job, Job End Status: Stopped
TLWin Session ID:	< none >

Job Start Time:		12-01-2014 04:17:36 PM
Job End Time:		12-02-2014 09:27:54 AM
Devices Total:		6018
Devices Passed:		6002
Devices Failed:		16
Overall Device Yield:	99.73%

Task Description:	MX25L6473E

Nominal Throughput:	688 dph
Job Throughput:		352 dph
Devices Picked Input:	6029
Devices Failed Vision:	0
Devices Failed REST:	0
Devices Missing/In Use:	11

Job Elapsed Time:	17 Hours 0 Minutes 10 Seconds
Job Setup Time:		0 Hours 0 Minutes 6 Seconds
Job Processing Time:	8 Hours 0 Minutes 44 Seconds
Job Assistance Time:	8 Hours 0 Minutes 18 Seconds
Job Shutdown Time:	0 Hours 0 Minutes 0 Seconds

Algorithm:		4047810C.ELF
Algorithm Status:	Released
Algorithm Author:	Data I/O
Alg COM Dll:		< not used >
Alg COM Dll Version:	< not used >

TaskLink Version:	7.90
AH500 Version:		6.5.0
Firmware Version:	05.52.00.C
Serialization Program:	< not used >
Serialization Prog Ver:	< not used >

Input Media:		Tape
Output Media:		Tape
Reject 1:		Tray 1
Reject 2:		n/a

Starting Serial Number:	N.A.
Ending Serial Number:	N.A.
Unused Serial Numbers:	N.A.


Category:	PASS, CF, NB, IB, PF,VF1,VF2,FT1,FT2,SFF,SFB, DO, EF,EID, OE
TotalStats:	6002,  0,  0,  0,  7,  3,  0,  0,  0,  0,  0,  0,  1,  5,  0
Site 1 Skt 1:	   0,  0,  0,  0,  0,  0,  0,  0,  0,  0,  0,  0,  0,  0,  0
Site 1 Skt 2:	   0,  0,  0,  0,  0,  0,  0,  0,  0,  0,  0,  0,  0,  0,  0
Site 1 Skt 3:	   0,  0,  0,  0,  0,  0,  0,  0,  0,  0,  0,  0,  0,  0,  0
Site 1 Skt 4:	   0,  0,  0,  0,  0,  0,  0,  0,  0,  0,  0,  0,  0,  0,  0
Site 2 Skt 1:	   0,  0,  0,  0,  0,  0,  0,  0,  0,  0,  0,  0,  0,  0,  0
Site 2 Skt 2:	   0,  0,  0,  0,  0,  0,  0,  0,  0,  0,  0,  0,  0,  0,  0
Site 2 Skt 3:	   0,  0,  0,  0,  0,  0,  0,  0,  0,  0,  0,  0,  0,  0,  0
Site 2 Skt 4:	   0,  0,  0,  0,  0,  0,  0,  0,  0,  0,  0,  0,  0,  0,  0
Site 3 Skt 1:	 752,  0,  0,  0,  0,  0,  0,  0,  0,  0,  0,  0,  0,  0,  0
Site 3 Skt 2:	 750,  0,  0,  0,  0,  0,  0,  0,  0,  0,  0,  0,  0,  0,  0
Site 3 Skt 3:	 743,  0,  0,  0,  0,  2,  0,  0,  0,  0,  0,  0,  0,  4,  0
Site 3 Skt 4:	 748,  0,  0,  0,  0,  0,  0,  0,  0,  0,  0,  0,  0,  0,  0
Site 4 Skt 1:	 754,  0,  0,  0,  1,  1,  0,  0,  0,  0,  0,  0,  1,  1,  0
Site 4 Skt 2:	 754,  0,  0,  0,  0,  0,  0,  0,  0,  0,  0,  0,  0,  0,  0
Site 4 Skt 3:	 749,  0,  0,  0,  6,  0,  0,  0,  0,  0,  0,  0,  0,  0,  0
Site 4 Skt 4:	 752,  0,  0,  0,  0,  0,  0,  0,  0,  0,  0,  0,  0,  0,  0

--------------------------------------------------------------------------------
