
			TLWin Session Data Log - TaskLink Version 7.90

Date Logged:		04-07-2015 10:34:15 PM
Task Name:		CEDAR_BDW_A01_MX
User ID:		Operator Mode
System:			PP/PS Series FlashCORE
Machine ID:		602700001

Device:			MACRONIX MX25L6473EM2 SO8
Data Source:		c:\pcebg_projects\cedarbdw\a01\3443a01.bin
Sumcheck:		5538602C
Process:		Continuity/Blank Check/ID Check/Erase/Program/Verify/Auto Secure/Mark/Vision
Process Status:		Job Begin Status: Continue, Job End Status: Completed
TLWin Session ID:	< none >

Job Start Time:		04-07-2015 03:00:05 PM
Job End Time:		04-07-2015 10:34:15 PM
Devices Total:		12085
Devices Passed:		12073
Devices Failed:		12
Overall Device Yield:	99.90%

Task Description:	MX25L6473E

Nominal Throughput:	665 dph
Job Throughput:		420 dph
Devices Picked Input:	12120
Devices Failed Vision:	3
Devices Failed REST:	0
Devices Missing/In Use:	35

Job Elapsed Time:	7 Hours 0 Minutes 34 Seconds
Job Setup Time:		0 Hours 0 Minutes 2 Seconds
Job Processing Time:	4 Hours 0 Minutes 47 Seconds
Job Assistance Time:	2 Hours 0 Minutes 43 Seconds
Job Shutdown Time:	0 Hours 0 Minutes 0 Seconds

Algorithm:		4047810C.ELF
Algorithm Status:	Released
Algorithm Author:	Data I/O
Alg COM Dll:		< not used >
Alg COM Dll Version:	< not used >

TaskLink Version:	7.90
AH500 Version:		6.5.0
Firmware Version:	05.52.84.C
Serialization Program:	< not used >
Serialization Prog Ver:	< not used >

Input Media:		Tape
Output Media:		Tape
Reject 1:		Tray 1
Reject 2:		n/a

Starting Serial Number:	N.A.
Ending Serial Number:	N.A.
Unused Serial Numbers:	N.A.


Category:	 PASS, CF, NB, IB, PF,VF1,VF2,FT1,FT2,SFF,SFB, DO, EF,EID, OE
TotalStats:	12078,  1,  0,  0,  1,  2,  0,  0,  0,  0,  0,  0,  0,  9,  0
Site 1 Skt 1:	 1515,  0,  0,  0,  0,  0,  0,  0,  0,  0,  0,  0,  0,  0,  0
Site 1 Skt 2:	 1514,  1,  0,  0,  0,  0,  0,  0,  0,  0,  0,  0,  0,  0,  0
Site 1 Skt 3:	 1513,  0,  0,  0,  0,  0,  0,  0,  0,  0,  0,  0,  0,  1,  0
Site 1 Skt 4:	 1510,  0,  0,  0,  0,  0,  0,  0,  0,  0,  0,  0,  0,  0,  0
Site 2 Skt 1:	 1506,  0,  0,  0,  1,  1,  0,  0,  0,  0,  0,  0,  0,  3,  0
Site 2 Skt 2:	 1510,  0,  0,  0,  0,  0,  0,  0,  0,  0,  0,  0,  0,  0,  0
Site 2 Skt 3:	 1503,  0,  0,  0,  0,  1,  0,  0,  0,  0,  0,  0,  0,  5,  0
Site 2 Skt 4:	 1507,  0,  0,  0,  0,  0,  0,  0,  0,  0,  0,  0,  0,  0,  0
Site 3 Skt 1:	    0,  0,  0,  0,  0,  0,  0,  0,  0,  0,  0,  0,  0,  0,  0
Site 3 Skt 2:	    0,  0,  0,  0,  0,  0,  0,  0,  0,  0,  0,  0,  0,  0,  0
Site 3 Skt 3:	    0,  0,  0,  0,  0,  0,  0,  0,  0,  0,  0,  0,  0,  0,  0
Site 3 Skt 4:	    0,  0,  0,  0,  0,  0,  0,  0,  0,  0,  0,  0,  0,  0,  0
Site 4 Skt 1:	    0,  0,  0,  0,  0,  0,  0,  0,  0,  0,  0,  0,  0,  0,  0
Site 4 Skt 2:	    0,  0,  0,  0,  0,  0,  0,  0,  0,  0,  0,  0,  0,  0,  0
Site 4 Skt 3:	    0,  0,  0,  0,  0,  0,  0,  0,  0,  0,  0,  0,  0,  0,  0
Site 4 Skt 4:	    0,  0,  0,  0,  0,  0,  0,  0,  0,  0,  0,  0,  0,  0,  0

--------------------------------------------------------------------------------
