
			TLWin Session Data Log - TaskLink Version 7.90

Date Logged:		11-14-2014 01:36:16 PM
Task Name:		CEDAR_A04_MX
User ID:		Operator Mode
System:			PP/PS Series FlashCORE
Machine ID:		602700001

Device:			MACRONIX MX25L6473EM2 SO8
Data Source:		c:\pcebg_projects\cedar\a04\3442a04.bin
Sumcheck:		54D35200
Process:		Continuity/Blank Check/ID Check/Erase/Program/Verify/Auto Secure/Mark/Vision
Process Status:		Job Begin Status: Continue, Job End Status: Completed
TLWin Session ID:	< none >

Job Start Time:		11-14-2014 09:03:34 AM
Job End Time:		11-14-2014 01:36:16 PM
Devices Total:		7414
Devices Passed:		7372
Devices Failed:		42
Overall Device Yield:	99.43%

Task Description:	MX25L6473E

Nominal Throughput:	0 dph
Job Throughput:		1 dph
Devices Picked Input:	7435
Devices Failed Vision:	1
Devices Failed REST:	0
Devices Missing/In Use:	21

Job Elapsed Time:	4 Hours 0 Minutes 32 Seconds
Job Setup Time:		3 Hours 0 Minutes 9 Seconds
Job Processing Time:	0 Hours 0 Minutes 0 Seconds
Job Assistance Time:	1 Hours 0 Minutes 22 Seconds
Job Shutdown Time:	0 Hours 0 Minutes 0 Seconds

Algorithm:		4047810C.ELF
Algorithm Status:	Released
Algorithm Author:	Data I/O
Alg COM Dll:		< not used >
Alg COM Dll Version:	< not used >

TaskLink Version:	7.90
AH500 Version:		6.5.0
Firmware Version:	05.52.00.C
Serialization Program:	< not used >
Serialization Prog Ver:	< not used >

Input Media:		Tape
Output Media:		Tape
Reject 1:		Tray 1
Reject 2:		n/a

Starting Serial Number:	N.A.
Ending Serial Number:	N.A.
Unused Serial Numbers:	N.A.


Category:	PASS, CF, NB, IB, PF,VF1,VF2,FT1,FT2,SFF,SFB, DO, EF,EID, OE
TotalStats:	7374, 15,  1,  0,  7,  2,  0,  0,  0,  0,  0,  0,  1, 34,  0
Site 1 Skt 1:	   0,  0,  0,  0,  0,  0,  0,  0,  0,  0,  0,  0,  0,  0,  0
Site 1 Skt 2:	   0,  0,  0,  0,  0,  0,  0,  0,  0,  0,  0,  0,  0,  0,  0
Site 1 Skt 3:	   0,  0,  0,  0,  0,  0,  0,  0,  0,  0,  0,  0,  0,  0,  0
Site 1 Skt 4:	   0,  0,  0,  0,  0,  0,  0,  0,  0,  0,  0,  0,  0,  0,  0
Site 2 Skt 1:	   0,  0,  0,  0,  0,  0,  0,  0,  0,  0,  0,  0,  0,  0,  0
Site 2 Skt 2:	   0,  0,  0,  0,  0,  0,  0,  0,  0,  0,  0,  0,  0,  0,  0
Site 2 Skt 3:	   0,  0,  0,  0,  0,  0,  0,  0,  0,  0,  0,  0,  0,  0,  0
Site 2 Skt 4:	   0,  0,  0,  0,  0,  0,  0,  0,  0,  0,  0,  0,  0,  0,  0
Site 3 Skt 1:	 983,  0,  0,  0,  0,  0,  0,  0,  0,  0,  0,  0,  0,  0,  0
Site 3 Skt 2:	 981,  0,  0,  0,  0,  1,  0,  0,  0,  0,  0,  0,  0,  0,  0
Site 3 Skt 3:	 980,  0,  1,  0,  1,  0,  0,  0,  0,  0,  0,  0,  0,  0,  0
Site 3 Skt 4:	 981,  0,  0,  0,  0,  0,  0,  0,  0,  0,  0,  0,  0,  0,  0
Site 4 Skt 1:	 938,  0,  0,  0,  1,  0,  0,  0,  0,  0,  0,  0,  0,  4,  0
Site 4 Skt 2:	 927,  0,  0,  0,  3,  1,  0,  0,  0,  0,  0,  0,  1,  2,  0
Site 4 Skt 3:	 656, 15,  0,  0,  1,  0,  0,  0,  0,  0,  0,  0,  0, 27,  0
Site 4 Skt 4:	 928,  0,  0,  0,  1,  0,  0,  0,  0,  0,  0,  0,  0,  1,  0

--------------------------------------------------------------------------------
