
			TLWin Session Data Log - TaskLink Version 7.90

Date Logged:		03-20-2015 05:19:26 PM
Task Name:		CEDAR_BDW_A01_MX
User ID:		Operator Mode
System:			PP/PS Series FlashCORE
Machine ID:		602700001

Device:			MACRONIX MX25L6473EM2 SO8
Data Source:		c:\pcebg_projects\cedarbdw\a01\3443a01.bin
Sumcheck:		5538602C
Process:		Continuity/Blank Check/ID Check/Erase/Program/Verify/Auto Secure/Mark/Vision
Process Status:		Job Begin Status: New Job, Job End Status: Stopped
TLWin Session ID:	< none >

Job Start Time:		03-20-2015 08:53:23 AM
Job End Time:		03-20-2015 05:19:26 PM
Devices Total:		4166
Devices Passed:		4162
Devices Failed:		4
Overall Device Yield:	99.90%

Task Description:	MX25L6473E

Nominal Throughput:	658 dph
Job Throughput:		496 dph
Devices Picked Input:	4177
Devices Failed Vision:	0
Devices Failed REST:	0
Devices Missing/In Use:	11

Job Elapsed Time:	8 Hours 0 Minutes 26 Seconds
Job Setup Time:		0 Hours 0 Minutes 2 Seconds
Job Processing Time:	6 Hours 0 Minutes 20 Seconds
Job Assistance Time:	2 Hours 0 Minutes 3 Seconds
Job Shutdown Time:	0 Hours 0 Minutes 0 Seconds

Algorithm:		4047810C.ELF
Algorithm Status:	Released
Algorithm Author:	Data I/O
Alg COM Dll:		< not used >
Alg COM Dll Version:	< not used >

TaskLink Version:	7.90
AH500 Version:		6.5.0
Firmware Version:	05.52.84.C
Serialization Program:	< not used >
Serialization Prog Ver:	< not used >

Input Media:		Tape
Output Media:		Tape
Reject 1:		Tray 1
Reject 2:		n/a

Starting Serial Number:	N.A.
Ending Serial Number:	N.A.
Unused Serial Numbers:	N.A.


Category:	PASS, CF, NB, IB, PF,VF1,VF2,FT1,FT2,SFF,SFB, DO, EF,EID, OE
TotalStats:	4162,  0,  0,  0,  2,  0,  0,  0,  0,  0,  0,  0,  0,  2,  0
Site 1 Skt 1:	 526,  0,  0,  0,  0,  0,  0,  0,  0,  0,  0,  0,  0,  0,  0
Site 1 Skt 2:	 524,  0,  0,  0,  0,  0,  0,  0,  0,  0,  0,  0,  0,  0,  0
Site 1 Skt 3:	 523,  0,  0,  0,  0,  0,  0,  0,  0,  0,  0,  0,  0,  0,  0
Site 1 Skt 4:	 521,  0,  0,  0,  0,  0,  0,  0,  0,  0,  0,  0,  0,  0,  0
Site 2 Skt 1:	 519,  0,  0,  0,  0,  0,  0,  0,  0,  0,  0,  0,  0,  0,  0
Site 2 Skt 2:	 516,  0,  0,  0,  1,  0,  0,  0,  0,  0,  0,  0,  0,  2,  0
Site 2 Skt 3:	 516,  0,  0,  0,  1,  0,  0,  0,  0,  0,  0,  0,  0,  0,  0
Site 2 Skt 4:	 517,  0,  0,  0,  0,  0,  0,  0,  0,  0,  0,  0,  0,  0,  0
Site 3 Skt 1:	   0,  0,  0,  0,  0,  0,  0,  0,  0,  0,  0,  0,  0,  0,  0
Site 3 Skt 2:	   0,  0,  0,  0,  0,  0,  0,  0,  0,  0,  0,  0,  0,  0,  0
Site 3 Skt 3:	   0,  0,  0,  0,  0,  0,  0,  0,  0,  0,  0,  0,  0,  0,  0
Site 3 Skt 4:	   0,  0,  0,  0,  0,  0,  0,  0,  0,  0,  0,  0,  0,  0,  0
Site 4 Skt 1:	   0,  0,  0,  0,  0,  0,  0,  0,  0,  0,  0,  0,  0,  0,  0
Site 4 Skt 2:	   0,  0,  0,  0,  0,  0,  0,  0,  0,  0,  0,  0,  0,  0,  0
Site 4 Skt 3:	   0,  0,  0,  0,  0,  0,  0,  0,  0,  0,  0,  0,  0,  0,  0
Site 4 Skt 4:	   0,  0,  0,  0,  0,  0,  0,  0,  0,  0,  0,  0,  0,  0,  0

--------------------------------------------------------------------------------
