
			TLWin Session Data Log - TaskLink Version 7.90

Date Logged:		04-09-2015 07:02:58 PM
Task Name:		CEDAR_A05_MX
User ID:		Operator Mode
System:			PP/PS Series FlashCORE
Machine ID:		602700001

Device:			MACRONIX MX25L6473EM2 SO8
Data Source:		c:\pcebg_projects\cedar\a05\3442a05.bin
Sumcheck:		54D37500
Process:		Continuity/Blank Check/ID Check/Erase/Program/Verify/Auto Secure/Mark/Vision
Process Status:		Job Begin Status: Continue, Job End Status: Stopped
TLWin Session ID:	< none >

Job Start Time:		04-09-2015 02:47:39 PM
Job End Time:		04-09-2015 07:02:58 PM
Devices Total:		9453
Devices Passed:		9446
Devices Failed:		7
Overall Device Yield:	99.93%

Task Description:	MX25L6473E

Nominal Throughput:	694 dph
Job Throughput:		581 dph
Devices Picked Input:	9486
Devices Failed Vision:	1
Devices Failed REST:	0
Devices Missing/In Use:	33

Job Elapsed Time:	4 Hours 0 Minutes 15 Seconds
Job Setup Time:		0 Hours 0 Minutes 2 Seconds
Job Processing Time:	3 Hours 0 Minutes 32 Seconds
Job Assistance Time:	0 Hours 0 Minutes 40 Seconds
Job Shutdown Time:	0 Hours 0 Minutes 0 Seconds

Algorithm:		4047810C.ELF
Algorithm Status:	Released
Algorithm Author:	Data I/O
Alg COM Dll:		< not used >
Alg COM Dll Version:	< not used >

TaskLink Version:	7.90
AH500 Version:		6.5.0
Firmware Version:	05.52.84.C
Serialization Program:	< not used >
Serialization Prog Ver:	< not used >

Input Media:		Tape
Output Media:		Tape
Reject 1:		Tray 1
Reject 2:		n/a

Starting Serial Number:	N.A.
Ending Serial Number:	N.A.
Unused Serial Numbers:	N.A.


Category:	PASS, CF, NB, IB, PF,VF1,VF2,FT1,FT2,SFF,SFB, DO, EF,EID, OE
TotalStats:	9453,  0,  0,  0,  4,  1,  0,  0,  0,  0,  0,  0,  1,  1,  0
Site 1 Skt 1:	   0,  0,  0,  0,  0,  0,  0,  0,  0,  0,  0,  0,  0,  0,  0
Site 1 Skt 2:	   0,  0,  0,  0,  0,  0,  0,  0,  0,  0,  0,  0,  0,  0,  0
Site 1 Skt 3:	   0,  0,  0,  0,  0,  0,  0,  0,  0,  0,  0,  0,  0,  0,  0
Site 1 Skt 4:	   0,  0,  0,  0,  0,  0,  0,  0,  0,  0,  0,  0,  0,  0,  0
Site 2 Skt 1:	   0,  0,  0,  0,  0,  0,  0,  0,  0,  0,  0,  0,  0,  0,  0
Site 2 Skt 2:	   0,  0,  0,  0,  0,  0,  0,  0,  0,  0,  0,  0,  0,  0,  0
Site 2 Skt 3:	   0,  0,  0,  0,  0,  0,  0,  0,  0,  0,  0,  0,  0,  0,  0
Site 2 Skt 4:	   0,  0,  0,  0,  0,  0,  0,  0,  0,  0,  0,  0,  0,  0,  0
Site 3 Skt 1:	1181,  0,  0,  0,  0,  0,  0,  0,  0,  0,  0,  0,  0,  0,  0
Site 3 Skt 2:	1179,  0,  0,  0,  0,  0,  0,  0,  0,  0,  0,  0,  0,  0,  0
Site 3 Skt 3:	1176,  0,  0,  0,  0,  0,  0,  0,  0,  0,  0,  0,  1,  1,  0
Site 3 Skt 4:	1177,  0,  0,  0,  0,  0,  0,  0,  0,  0,  0,  0,  0,  0,  0
Site 4 Skt 1:	1189,  0,  0,  0,  1,  0,  0,  0,  0,  0,  0,  0,  0,  0,  0
Site 4 Skt 2:	1186,  0,  0,  0,  1,  0,  0,  0,  0,  0,  0,  0,  0,  0,  0
Site 4 Skt 3:	1184,  0,  0,  0,  1,  1,  0,  0,  0,  0,  0,  0,  0,  0,  0
Site 4 Skt 4:	1181,  0,  0,  0,  1,  0,  0,  0,  0,  0,  0,  0,  0,  0,  0

--------------------------------------------------------------------------------
