
			TLWin Session Data Log - TaskLink Version 7.90

Date Logged:		08-21-2014 03:06:28 PM
Task Name:		CEDAR_A02
User ID:		Administrator Mode
System:			PP/PS Series FlashCORE
Machine ID:		602700001

Device:			WINBOND_ELECTRONICS W25Q64FV-SS SO8
Data Source:		c:\pcebg_projects\cedar\3442a02.bin
Sumcheck:		< unknown >
Process:		Continuity/Blank Check/ID Check/Erase/Program/Verify/Mark/Vision
Process Status:		Job Begin Status: New Job, Job End Status: Not Started
TLWin Session ID:	< none >

Job Start Time:		08-21-2014 02:55:11 PM
Job End Time:		08-21-2014 03:06:28 PM
Devices Total:		0
Devices Passed:		0
Devices Failed:		0
Overall Device Yield:	0.00%

Task Description:	< none >

Nominal Throughput:	0 dph
Job Throughput:		0 dph
Devices Picked Input:	0
Devices Failed Vision:	0
Devices Failed REST:	0
Devices Missing/In Use:	0

Job Elapsed Time:	0 Hours 0 Minutes 11 Seconds
Job Setup Time:		0 Hours 0 Minutes 9 Seconds
Job Processing Time:	0 Hours 0 Minutes 0 Seconds
Job Assistance Time:	0 Hours 0 Minutes 1 Seconds
Job Shutdown Time:	0 Hours 0 Minutes 0 Seconds

Algorithm:		< unknown >
Algorithm Status:	Beta
Algorithm Author:	Ditek
Alg COM Dll:		< not used >
Alg COM Dll Version:	< not used >

TaskLink Version:	7.90
AH500 Version:		6.5.0
Firmware Version:	< unknown >
Serialization Program:	< not used >
Serialization Prog Ver:	< not used >

Input Media:		Tape
Output Media:		Tape
Reject 1:		Tray 1
Reject 2:		n/a

Starting Serial Number:	N.A.
Ending Serial Number:	N.A.
Unused Serial Numbers:	N.A.


Category:	PASS, CF, NB, IB, PF,VF1,VF2,FT1,FT2,SFF,SFB, DO, EF,EID, OE
TotalStats:	   0,  0,  0,  0,  0,  0,  0,  0,  0,  0,  0,  0,  0,  0,  0
Site 1 Skt 1:	   0,  0,  0,  0,  0,  0,  0,  0,  0,  0,  0,  0,  0,  0,  0
Site 1 Skt 2:	   0,  0,  0,  0,  0,  0,  0,  0,  0,  0,  0,  0,  0,  0,  0
Site 1 Skt 3:	   0,  0,  0,  0,  0,  0,  0,  0,  0,  0,  0,  0,  0,  0,  0
Site 1 Skt 4:	   0,  0,  0,  0,  0,  0,  0,  0,  0,  0,  0,  0,  0,  0,  0
Site 2 Skt 1:	   0,  0,  0,  0,  0,  0,  0,  0,  0,  0,  0,  0,  0,  0,  0
Site 2 Skt 2:	   0,  0,  0,  0,  0,  0,  0,  0,  0,  0,  0,  0,  0,  0,  0
Site 2 Skt 3:	   0,  0,  0,  0,  0,  0,  0,  0,  0,  0,  0,  0,  0,  0,  0
Site 2 Skt 4:	   0,  0,  0,  0,  0,  0,  0,  0,  0,  0,  0,  0,  0,  0,  0
Site 3 Skt 1:	   0,  0,  0,  0,  0,  0,  0,  0,  0,  0,  0,  0,  0,  0,  0
Site 3 Skt 2:	   0,  0,  0,  0,  0,  0,  0,  0,  0,  0,  0,  0,  0,  0,  0
Site 3 Skt 3:	   0,  0,  0,  0,  0,  0,  0,  0,  0,  0,  0,  0,  0,  0,  0
Site 3 Skt 4:	   0,  0,  0,  0,  0,  0,  0,  0,  0,  0,  0,  0,  0,  0,  0
Site 4 Skt 1:	   0,  0,  0,  0,  0,  0,  0,  0,  0,  0,  0,  0,  0,  0,  0
Site 4 Skt 2:	   0,  0,  0,  0,  0,  0,  0,  0,  0,  0,  0,  0,  0,  0,  0
Site 4 Skt 3:	   0,  0,  0,  0,  0,  0,  0,  0,  0,  0,  0,  0,  0,  0,  0
Site 4 Skt 4:	   0,  0,  0,  0,  0,  0,  0,  0,  0,  0,  0,  0,  0,  0,  0

--------------------------------------------------------------------------------
