
			TLWin Session Data Log - TaskLink Version 7.90

Date Logged:		02-03-2015 10:16:14 PM
Task Name:		GOLIAD14_A11_U1_WB
User ID:		Operator Mode
System:			PP/PS Series FlashCORE
Machine ID:		602700001

Device:			WINBOND_ELECTRONICS W25Q64FV-SS-Q SO8
Data Source:		c:\pcebg_projects\goliad14\a11\g14v_a11(8mb).bin
Sumcheck:		5DC8CB6E
Process:		Continuity/Blank Check/ID Check/Erase/Program/Verify/Mark/Vision
Process Status:		Job Begin Status: New Job, Job End Status: Stopped
TLWin Session ID:	< none >

Job Start Time:		02-03-2015 02:07:41 PM
Job End Time:		02-03-2015 10:16:14 PM
Devices Total:		2381
Devices Passed:		2343
Devices Failed:		38
Overall Device Yield:	98.40%

Task Description:	W25Q64FVSS

Nominal Throughput:	427 dph
Job Throughput:		292 dph
Devices Picked Input:	2417
Devices Failed Vision:	0
Devices Failed REST:	0
Devices Missing/In Use:	36

Job Elapsed Time:	8 Hours 0 Minutes 8 Seconds
Job Setup Time:		0 Hours 0 Minutes 7 Seconds
Job Processing Time:	5 Hours 0 Minutes 29 Seconds
Job Assistance Time:	2 Hours 0 Minutes 31 Seconds
Job Shutdown Time:	0 Hours 0 Minutes 0 Seconds

Algorithm:		3605410C.ELF
Algorithm Status:	Beta
Algorithm Author:	Data I/O
Alg COM Dll:		< not used >
Alg COM Dll Version:	< not used >

TaskLink Version:	7.90
AH500 Version:		6.5.0
Firmware Version:	05.52.00.C
Serialization Program:	< not used >
Serialization Prog Ver:	< not used >

Input Media:		Tape
Output Media:		Tape
Reject 1:		Tray 1
Reject 2:		n/a

Starting Serial Number:	N.A.
Ending Serial Number:	N.A.
Unused Serial Numbers:	N.A.


Category:	PASS, CF, NB, IB, PF,VF1,VF2,FT1,FT2,SFF,SFB, DO, EF,EID, OE
TotalStats:	2343,  3,  0,  0,  5,  3,  0,  0,  0,  0,  0,  0,  0, 27,  0
Site 1 Skt 1:	   0,  0,  0,  0,  0,  0,  0,  0,  0,  0,  0,  0,  0,  0,  0
Site 1 Skt 2:	   0,  0,  0,  0,  0,  0,  0,  0,  0,  0,  0,  0,  0,  0,  0
Site 1 Skt 3:	   0,  0,  0,  0,  0,  0,  0,  0,  0,  0,  0,  0,  0,  0,  0
Site 1 Skt 4:	   0,  0,  0,  0,  0,  0,  0,  0,  0,  0,  0,  0,  0,  0,  0
Site 2 Skt 1:	   0,  0,  0,  0,  0,  0,  0,  0,  0,  0,  0,  0,  0,  0,  0
Site 2 Skt 2:	   0,  0,  0,  0,  0,  0,  0,  0,  0,  0,  0,  0,  0,  0,  0
Site 2 Skt 3:	   0,  0,  0,  0,  0,  0,  0,  0,  0,  0,  0,  0,  0,  0,  0
Site 2 Skt 4:	   0,  0,  0,  0,  0,  0,  0,  0,  0,  0,  0,  0,  0,  0,  0
Site 3 Skt 1:	 295,  0,  0,  0,  1,  0,  0,  0,  0,  0,  0,  0,  0,  3,  0
Site 3 Skt 2:	 294,  0,  0,  0,  1,  0,  0,  0,  0,  0,  0,  0,  0,  3,  0
Site 3 Skt 3:	 292,  1,  0,  0,  1,  0,  0,  0,  0,  0,  0,  0,  0,  2,  0
Site 3 Skt 4:	 292,  0,  0,  0,  1,  0,  0,  0,  0,  0,  0,  0,  0,  3,  0
Site 4 Skt 1:	 294,  1,  0,  0,  1,  0,  0,  0,  0,  0,  0,  0,  0,  4,  0
Site 4 Skt 2:	 292,  0,  0,  0,  0,  2,  0,  0,  0,  0,  0,  0,  0,  5,  0
Site 4 Skt 3:	 292,  1,  0,  0,  0,  1,  0,  0,  0,  0,  0,  0,  0,  3,  0
Site 4 Skt 4:	 292,  0,  0,  0,  0,  0,  0,  0,  0,  0,  0,  0,  0,  4,  0

--------------------------------------------------------------------------------
