
			TLWin Session Data Log - TaskLink Version 7.90

Date Logged:		10-14-2014 05:02:25 PM
Task Name:		MAPLE_A04_WB
User ID:		Operator Mode
System:			PP/PS Series FlashCORE
Machine ID:		602700001

Device:			WINBOND_ELECTRONICS W25Q64FV-SS-Q SO8
Data Source:		c:\pcebg_projects\maple\zava0_8m.bin
Sumcheck:		61BDD236
Process:		Continuity/Blank Check/ID Check/Erase/Program/Verify/Mark/Vision
Process Status:		Job Begin Status: New Job, Job End Status: Stopped
TLWin Session ID:	< none >

Job Start Time:		10-14-2014 05:46:52 AM
Job End Time:		10-14-2014 05:02:24 PM
Devices Total:		7023
Devices Passed:		6996
Devices Failed:		27
Overall Device Yield:	99.62%

Task Description:	W25Q64FVS

Nominal Throughput:	699 dph
Job Throughput:		640 dph
Devices Picked Input:	7051
Devices Failed Vision:	20
Devices Failed REST:	0
Devices Missing/In Use:	28

Job Elapsed Time:	11 Hours 0 Minutes 15 Seconds
Job Setup Time:		0 Hours 0 Minutes 19 Seconds
Job Processing Time:	10 Hours 0 Minutes 7 Seconds
Job Assistance Time:	0 Hours 0 Minutes 48 Seconds
Job Shutdown Time:	0 Hours 0 Minutes 0 Seconds

Algorithm:		3605410C.ELF
Algorithm Status:	Beta
Algorithm Author:	Data I/O
Alg COM Dll:		< not used >
Alg COM Dll Version:	< not used >

TaskLink Version:	7.90
AH500 Version:		6.5.0
Firmware Version:	05.52.00.C
Serialization Program:	< not used >
Serialization Prog Ver:	< not used >

Input Media:		Tape
Output Media:		Tape
Reject 1:		Tray 1
Reject 2:		n/a

Starting Serial Number:	N.A.
Ending Serial Number:	N.A.
Unused Serial Numbers:	N.A.


Category:	PASS, CF, NB, IB, PF,VF1,VF2,FT1,FT2,SFF,SFB, DO, EF,EID, OE
TotalStats:	6996,  0,  0,  0,  0, 16,  0,  0,  0,  0,  0,  0,  0, 11,  0
Site 1 Skt 1:	   0,  0,  0,  0,  0,  0,  0,  0,  0,  0,  0,  0,  0,  0,  0
Site 1 Skt 2:	   0,  0,  0,  0,  0,  0,  0,  0,  0,  0,  0,  0,  0,  0,  0
Site 1 Skt 3:	   0,  0,  0,  0,  0,  0,  0,  0,  0,  0,  0,  0,  0,  0,  0
Site 1 Skt 4:	   0,  0,  0,  0,  0,  0,  0,  0,  0,  0,  0,  0,  0,  0,  0
Site 2 Skt 1:	   0,  0,  0,  0,  0,  0,  0,  0,  0,  0,  0,  0,  0,  0,  0
Site 2 Skt 2:	   0,  0,  0,  0,  0,  0,  0,  0,  0,  0,  0,  0,  0,  0,  0
Site 2 Skt 3:	   0,  0,  0,  0,  0,  0,  0,  0,  0,  0,  0,  0,  0,  0,  0
Site 2 Skt 4:	   0,  0,  0,  0,  0,  0,  0,  0,  0,  0,  0,  0,  0,  0,  0
Site 3 Skt 1:	 868,  0,  0,  0,  0,  6,  0,  0,  0,  0,  0,  0,  0,  1,  0
Site 3 Skt 2:	 871,  0,  0,  0,  0,  0,  0,  0,  0,  0,  0,  0,  0,  3,  0
Site 3 Skt 3:	 872,  0,  0,  0,  0,  2,  0,  0,  0,  0,  0,  0,  0,  0,  0
Site 3 Skt 4:	 869,  0,  0,  0,  0,  0,  0,  0,  0,  0,  0,  0,  0,  2,  0
Site 4 Skt 1:	 881,  0,  0,  0,  0,  0,  0,  0,  0,  0,  0,  0,  0,  5,  0
Site 4 Skt 2:	 881,  0,  0,  0,  0,  2,  0,  0,  0,  0,  0,  0,  0,  0,  0
Site 4 Skt 3:	 877,  0,  0,  0,  0,  4,  0,  0,  0,  0,  0,  0,  0,  0,  0
Site 4 Skt 4:	 877,  0,  0,  0,  0,  2,  0,  0,  0,  0,  0,  0,  0,  0,  0

--------------------------------------------------------------------------------
