
			TLWin Session Data Log - TaskLink Version 7.90

Date Logged:		02-19-2015 06:25:45 PM
Task Name:		THUN_A01_J131_WB
User ID:		Administrator Mode
System:			PP/PS Series FlashCORE
Machine ID:		602700001

Device:			WINBOND_ELECTRONICS W25Q64FV-SS-Q SO8
Data Source:		c:\pcebg_projects\thun aio\a01\th_a01_1(new).rom
Sumcheck:		5E1BA4F3
Process:		Continuity/Blank Check/ID Check/Erase/Program/Verify/Mark/Vision
Process Status:		Job Begin Status: Continue, Job End Status: Stopped
TLWin Session ID:	< none >

Job Start Time:		02-19-2015 03:39:21 PM
Job End Time:		02-19-2015 06:25:45 PM
Devices Total:		1423
Devices Passed:		1423
Devices Failed:		0
Overall Device Yield:	100.00%

Task Description:	W25Q64FV

Nominal Throughput:	655 dph
Job Throughput:		523 dph
Devices Picked Input:	1440
Devices Failed Vision:	5
Devices Failed REST:	0
Devices Missing/In Use:	17

Job Elapsed Time:	2 Hours 0 Minutes 46 Seconds
Job Setup Time:		0 Hours 0 Minutes 3 Seconds
Job Processing Time:	2 Hours 0 Minutes 10 Seconds
Job Assistance Time:	0 Hours 0 Minutes 32 Seconds
Job Shutdown Time:	0 Hours 0 Minutes 0 Seconds

Algorithm:		3605410C.ELF
Algorithm Status:	Beta
Algorithm Author:	Data I/O
Alg COM Dll:		< not used >
Alg COM Dll Version:	< not used >

TaskLink Version:	7.90
AH500 Version:		6.5.0
Firmware Version:	05.52.84.C
Serialization Program:	< not used >
Serialization Prog Ver:	< not used >

Input Media:		Tape
Output Media:		Tape
Reject 1:		Tray 1
Reject 2:		n/a

Starting Serial Number:	N.A.
Ending Serial Number:	N.A.
Unused Serial Numbers:	N.A.


Category:	PASS, CF, NB, IB, PF,VF1,VF2,FT1,FT2,SFF,SFB, DO, EF,EID, OE
TotalStats:	1424,  1,  0,  0,  0,  0,  0,  0,  0,  0,  0,  0,  0,  0,  0
Site 1 Skt 1:	 180,  0,  0,  0,  0,  0,  0,  0,  0,  0,  0,  0,  0,  0,  0
Site 1 Skt 2:	 178,  0,  0,  0,  0,  0,  0,  0,  0,  0,  0,  0,  0,  0,  0
Site 1 Skt 3:	 176,  1,  0,  0,  0,  0,  0,  0,  0,  0,  0,  0,  0,  0,  0
Site 1 Skt 4:	 177,  0,  0,  0,  0,  0,  0,  0,  0,  0,  0,  0,  0,  0,  0
Site 2 Skt 1:	 179,  0,  0,  0,  0,  0,  0,  0,  0,  0,  0,  0,  0,  0,  0
Site 2 Skt 2:	 178,  0,  0,  0,  0,  0,  0,  0,  0,  0,  0,  0,  0,  0,  0
Site 2 Skt 3:	 178,  0,  0,  0,  0,  0,  0,  0,  0,  0,  0,  0,  0,  0,  0
Site 2 Skt 4:	 178,  0,  0,  0,  0,  0,  0,  0,  0,  0,  0,  0,  0,  0,  0
Site 3 Skt 1:	   0,  0,  0,  0,  0,  0,  0,  0,  0,  0,  0,  0,  0,  0,  0
Site 3 Skt 2:	   0,  0,  0,  0,  0,  0,  0,  0,  0,  0,  0,  0,  0,  0,  0
Site 3 Skt 3:	   0,  0,  0,  0,  0,  0,  0,  0,  0,  0,  0,  0,  0,  0,  0
Site 3 Skt 4:	   0,  0,  0,  0,  0,  0,  0,  0,  0,  0,  0,  0,  0,  0,  0
Site 4 Skt 1:	   0,  0,  0,  0,  0,  0,  0,  0,  0,  0,  0,  0,  0,  0,  0
Site 4 Skt 2:	   0,  0,  0,  0,  0,  0,  0,  0,  0,  0,  0,  0,  0,  0,  0
Site 4 Skt 3:	   0,  0,  0,  0,  0,  0,  0,  0,  0,  0,  0,  0,  0,  0,  0
Site 4 Skt 4:	   0,  0,  0,  0,  0,  0,  0,  0,  0,  0,  0,  0,  0,  0,  0

--------------------------------------------------------------------------------
