
			TLWin Session Data Log - TaskLink Version 7.90

Date Logged:		11-01-2014 04:06:41 AM
Task Name:		TIGRIS_A03_MX
User ID:		Operator Mode
System:			PP/PS Series FlashCORE
Machine ID:		602700001

Device:			MACRONIX MX25L6473EM2 SO8
Data Source:		c:\pcebg_projects\tigris\o3020a03.bin
Sumcheck:		5AD3D462
Process:		Continuity/Blank Check/ID Check/Erase/Program/Verify/Auto Secure/Mark/Vision
Process Status:		Job Begin Status: New Job, Job End Status: Stopped
TLWin Session ID:	< none >

Job Start Time:		10-31-2014 08:27:34 AM
Job End Time:		11-01-2014 04:06:41 AM
Devices Total:		5362
Devices Passed:		5356
Devices Failed:		6
Overall Device Yield:	99.89%

Task Description:	MX25L6473E

Nominal Throughput:	712 dph
Job Throughput:		273 dph
Devices Picked Input:	5372
Devices Failed Vision:	0
Devices Failed REST:	0
Devices Missing/In Use:	10

Job Elapsed Time:	19 Hours 0 Minutes 39 Seconds
Job Setup Time:		0 Hours 0 Minutes 3 Seconds
Job Processing Time:	7 Hours 0 Minutes 32 Seconds
Job Assistance Time:	12 Hours 0 Minutes 3 Seconds
Job Shutdown Time:	0 Hours 0 Minutes 0 Seconds

Algorithm:		4047810C.ELF
Algorithm Status:	Released
Algorithm Author:	Data I/O
Alg COM Dll:		< not used >
Alg COM Dll Version:	< not used >

TaskLink Version:	7.90
AH500 Version:		6.5.0
Firmware Version:	05.52.00.C
Serialization Program:	< not used >
Serialization Prog Ver:	< not used >

Input Media:		Tape
Output Media:		Tape
Reject 1:		Tray 1
Reject 2:		n/a

Starting Serial Number:	N.A.
Ending Serial Number:	N.A.
Unused Serial Numbers:	N.A.


Category:	PASS, CF, NB, IB, PF,VF1,VF2,FT1,FT2,SFF,SFB, DO, EF,EID, OE
TotalStats:	5359,  0,  0,  0,  2,  1,  0,  0,  0,  0,  0,  0,  0,  3,  0
Site 1 Skt 1:	   0,  0,  0,  0,  0,  0,  0,  0,  0,  0,  0,  0,  0,  0,  0
Site 1 Skt 2:	   0,  0,  0,  0,  0,  0,  0,  0,  0,  0,  0,  0,  0,  0,  0
Site 1 Skt 3:	   0,  0,  0,  0,  0,  0,  0,  0,  0,  0,  0,  0,  0,  0,  0
Site 1 Skt 4:	   0,  0,  0,  0,  0,  0,  0,  0,  0,  0,  0,  0,  0,  0,  0
Site 2 Skt 1:	   0,  0,  0,  0,  0,  0,  0,  0,  0,  0,  0,  0,  0,  0,  0
Site 2 Skt 2:	   0,  0,  0,  0,  0,  0,  0,  0,  0,  0,  0,  0,  0,  0,  0
Site 2 Skt 3:	   0,  0,  0,  0,  0,  0,  0,  0,  0,  0,  0,  0,  0,  0,  0
Site 2 Skt 4:	   0,  0,  0,  0,  0,  0,  0,  0,  0,  0,  0,  0,  0,  0,  0
Site 3 Skt 1:	 669,  0,  0,  0,  1,  0,  0,  0,  0,  0,  0,  0,  0,  0,  0
Site 3 Skt 2:	 670,  0,  0,  0,  0,  0,  0,  0,  0,  0,  0,  0,  0,  0,  0
Site 3 Skt 3:	 667,  0,  0,  0,  0,  0,  0,  0,  0,  0,  0,  0,  0,  3,  0
Site 3 Skt 4:	 669,  0,  0,  0,  0,  0,  0,  0,  0,  0,  0,  0,  0,  0,  0
Site 4 Skt 1:	 673,  0,  0,  0,  0,  0,  0,  0,  0,  0,  0,  0,  0,  0,  0
Site 4 Skt 2:	 672,  0,  0,  0,  0,  0,  0,  0,  0,  0,  0,  0,  0,  0,  0
Site 4 Skt 3:	 670,  0,  0,  0,  0,  1,  0,  0,  0,  0,  0,  0,  0,  0,  0
Site 4 Skt 4:	 669,  0,  0,  0,  1,  0,  0,  0,  0,  0,  0,  0,  0,  0,  0

--------------------------------------------------------------------------------
