
			TLWin Session Data Log - TaskLink Version 7.90

Date Logged:		02-12-2015 02:42:34 PM
Task Name:		TIGRIS_A05_MX
User ID:		Operator Mode
System:			PP/PS Series FlashCORE
Machine ID:		602700001

Device:			MACRONIX MX25L6473EM2 SO8
Data Source:		c:\pcebg_projects\tigris\o3020a05.bin
Sumcheck:		5A6E3DB8
Process:		Continuity/Blank Check/ID Check/Erase/Program/Verify/Auto Secure/Mark/Vision
Process Status:		Job Begin Status: Continue, Job End Status: Stopped
TLWin Session ID:	< none >

Job Start Time:		02-11-2015 12:06:08 PM
Job End Time:		02-12-2015 02:42:34 PM
Devices Total:		10809
Devices Passed:		10788
Devices Failed:		21
Overall Device Yield:	99.81%

Task Description:	MX25L6473E

Nominal Throughput:	374 dph
Job Throughput:		194 dph
Devices Picked Input:	10883
Devices Failed Vision:	12
Devices Failed REST:	0
Devices Missing/In Use:	74

Job Elapsed Time:	26 Hours 0 Minutes 36 Seconds
Job Setup Time:		0 Hours 0 Minutes 3 Seconds
Job Processing Time:	13 Hours 0 Minutes 44 Seconds
Job Assistance Time:	12 Hours 0 Minutes 48 Seconds
Job Shutdown Time:	0 Hours 0 Minutes 0 Seconds

Algorithm:		4047810C.ELF
Algorithm Status:	Released
Algorithm Author:	Data I/O
Alg COM Dll:		< not used >
Alg COM Dll Version:	< not used >

TaskLink Version:	7.90
AH500 Version:		6.5.0
Firmware Version:	05.52.00.C
Serialization Program:	< not used >
Serialization Prog Ver:	< not used >

Input Media:		Tape
Output Media:		Tape
Reject 1:		Tray 1
Reject 2:		n/a

Starting Serial Number:	N.A.
Ending Serial Number:	N.A.
Unused Serial Numbers:	N.A.


Category:	 PASS, CF, NB, IB, PF,VF1,VF2,FT1,FT2,SFF,SFB, DO, EF,EID, OE
TotalStats:	10803,  1,  2,  0,  8,  0,  0,  0,  0,  0,  0,  0,  2,  9,  0
Site 1 Skt 1:	  647,  0,  0,  0,  0,  0,  0,  0,  0,  0,  0,  0,  0,  0,  0
Site 1 Skt 2:	  646,  0,  0,  0,  0,  0,  0,  0,  0,  0,  0,  0,  0,  0,  0
Site 1 Skt 3:	  644,  0,  0,  0,  0,  0,  0,  0,  0,  0,  0,  0,  0,  0,  0
Site 1 Skt 4:	  643,  0,  0,  0,  0,  0,  0,  0,  0,  0,  0,  0,  0,  0,  0
Site 2 Skt 1:	  641,  0,  0,  0,  0,  0,  0,  0,  0,  0,  0,  0,  0,  0,  0
Site 2 Skt 2:	  641,  0,  0,  0,  0,  0,  0,  0,  0,  0,  0,  0,  0,  0,  0
Site 2 Skt 3:	  640,  0,  0,  0,  0,  0,  0,  0,  0,  0,  0,  0,  0,  1,  0
Site 2 Skt 4:	  640,  0,  0,  0,  0,  0,  0,  0,  0,  0,  0,  0,  0,  0,  0
Site 3 Skt 1:	  709,  0,  0,  0,  1,  0,  0,  0,  0,  0,  0,  0,  0,  0,  0
Site 3 Skt 2:	  707,  0,  0,  0,  1,  0,  0,  0,  0,  0,  0,  0,  0,  0,  0
Site 3 Skt 3:	  704,  0,  1,  0,  1,  0,  0,  0,  0,  0,  0,  0,  0,  0,  0
Site 3 Skt 4:	  701,  0,  0,  0,  1,  0,  0,  0,  0,  0,  0,  0,  0,  1,  0
Site 4 Skt 1:	  713,  0,  1,  0,  1,  0,  0,  0,  0,  0,  0,  0,  1,  2,  0
Site 4 Skt 2:	  712,  0,  0,  0,  1,  0,  0,  0,  0,  0,  0,  0,  0,  2,  0
Site 4 Skt 3:	  707,  1,  0,  0,  1,  0,  0,  0,  0,  0,  0,  0,  0,  3,  0
Site 4 Skt 4:	  708,  0,  0,  0,  1,  0,  0,  0,  0,  0,  0,  0,  1,  0,  0

--------------------------------------------------------------------------------
