
			TLWin Session Data Log - TaskLink Version 7.90

Date Logged:		02-18-2015 03:37:24 PM
Task Name:		TIGRIS_A05_MX
User ID:		Operator Mode
System:			PP/PS Series FlashCORE
Machine ID:		602700001

Device:			MACRONIX MX25L6473EM2 SO8
Data Source:		c:\pcebg_projects\tigris\o3020a05.bin
Sumcheck:		5A6E3DB8
Process:		Continuity/Blank Check/ID Check/Erase/Program/Verify/Auto Secure/Mark/Vision
Process Status:		Job Begin Status: New Job, Job End Status: Stopped
TLWin Session ID:	< none >

Job Start Time:		02-18-2015 03:13:53 PM
Job End Time:		02-18-2015 03:37:24 PM
Devices Total:		92
Devices Passed:		91
Devices Failed:		1
Overall Device Yield:	98.91%

Task Description:	MX25L6473E

Nominal Throughput:	682 dph
Job Throughput:		540 dph
Devices Picked Input:	93
Devices Failed Vision:	0
Devices Failed REST:	0
Devices Missing/In Use:	1

Job Elapsed Time:	0 Hours 0 Minutes 23 Seconds
Job Setup Time:		0 Hours 0 Minutes 13 Seconds
Job Processing Time:	0 Hours 0 Minutes 8 Seconds
Job Assistance Time:	0 Hours 0 Minutes 1 Seconds
Job Shutdown Time:	0 Hours 0 Minutes 0 Seconds

Algorithm:		4047810C.ELF
Algorithm Status:	Released
Algorithm Author:	Data I/O
Alg COM Dll:		< not used >
Alg COM Dll Version:	< not used >

TaskLink Version:	7.90
AH500 Version:		6.5.0
Firmware Version:	05.52.84.C
Serialization Program:	< not used >
Serialization Prog Ver:	< not used >

Input Media:		Tape
Output Media:		Tape
Reject 1:		Tray 1
Reject 2:		n/a

Starting Serial Number:	N.A.
Ending Serial Number:	N.A.
Unused Serial Numbers:	N.A.


Category:	PASS, CF, NB, IB, PF,VF1,VF2,FT1,FT2,SFF,SFB, DO, EF,EID, OE
TotalStats:	  92,  0,  0,  0,  0,  0,  0,  0,  0,  0,  0,  0,  0,  1,  0
Site 1 Skt 1:	  12,  0,  0,  0,  0,  0,  0,  0,  0,  0,  0,  0,  0,  0,  0
Site 1 Skt 2:	  12,  0,  0,  0,  0,  0,  0,  0,  0,  0,  0,  0,  0,  0,  0
Site 1 Skt 3:	  12,  0,  0,  0,  0,  0,  0,  0,  0,  0,  0,  0,  0,  0,  0
Site 1 Skt 4:	  12,  0,  0,  0,  0,  0,  0,  0,  0,  0,  0,  0,  0,  0,  0
Site 2 Skt 1:	  12,  0,  0,  0,  0,  0,  0,  0,  0,  0,  0,  0,  0,  0,  0
Site 2 Skt 2:	  11,  0,  0,  0,  0,  0,  0,  0,  0,  0,  0,  0,  0,  0,  0
Site 2 Skt 3:	  10,  0,  0,  0,  0,  0,  0,  0,  0,  0,  0,  0,  0,  1,  0
Site 2 Skt 4:	  11,  0,  0,  0,  0,  0,  0,  0,  0,  0,  0,  0,  0,  0,  0
Site 3 Skt 1:	   0,  0,  0,  0,  0,  0,  0,  0,  0,  0,  0,  0,  0,  0,  0
Site 3 Skt 2:	   0,  0,  0,  0,  0,  0,  0,  0,  0,  0,  0,  0,  0,  0,  0
Site 3 Skt 3:	   0,  0,  0,  0,  0,  0,  0,  0,  0,  0,  0,  0,  0,  0,  0
Site 3 Skt 4:	   0,  0,  0,  0,  0,  0,  0,  0,  0,  0,  0,  0,  0,  0,  0
Site 4 Skt 1:	   0,  0,  0,  0,  0,  0,  0,  0,  0,  0,  0,  0,  0,  0,  0
Site 4 Skt 2:	   0,  0,  0,  0,  0,  0,  0,  0,  0,  0,  0,  0,  0,  0,  0
Site 4 Skt 3:	   0,  0,  0,  0,  0,  0,  0,  0,  0,  0,  0,  0,  0,  0,  0
Site 4 Skt 4:	   0,  0,  0,  0,  0,  0,  0,  0,  0,  0,  0,  0,  0,  0,  0

--------------------------------------------------------------------------------
